                              1 ;--------------------------------------------------------
                              2 ; File Created by SDCC : free open source ANSI-C Compiler
                              3 ; Version 4.0.0 #11528 (MINGW32)
                              4 ;--------------------------------------------------------
                              5 	.module archer_b3_gbr
                              6 	.optsdcc -mgbz80
                              7 	
                              8 ;--------------------------------------------------------
                              9 ; Public variables in this module
                             10 ;--------------------------------------------------------
                             11 	.globl _archer_internal
                             12 	.globl _archer_tiles
                             13 	.globl _archerCGB
                             14 	.globl _empty
                             15 	.globl _archer
                             16 ;--------------------------------------------------------
                             17 ; special function registers
                             18 ;--------------------------------------------------------
                             19 ;--------------------------------------------------------
                             20 ; ram data
                             21 ;--------------------------------------------------------
                             22 	.area _DATA
                             23 ;--------------------------------------------------------
                             24 ; CODE rom data
                             25 ;--------------------------------------------------------
                             26 	.area _CODE
   0000                      27 _archer:
   0000 03                   28 	.db #0x03	; 3
   0001rCFr03                29 	.dw _archer_internal
                             30 ;--------------------------------------------------------
                             31 ; absolute external ram data
                             32 ;--------------------------------------------------------
                             33 	.area _DABS (ABS)
                             34 ;--------------------------------------------------------
                             35 ; global & static initialisations
                             36 ;--------------------------------------------------------
                             37 	.area _HOME
                             38 	.area _GSINIT
                             39 	.area _GSFINAL
                             40 	.area _GSINIT
                             41 ;--------------------------------------------------------
                             42 ; Home
                             43 ;--------------------------------------------------------
                             44 	.area _HOME
                             45 ;../res/src/archer.b3.gbr.c:3: void empty(void) __nonbanked {}
                             46 ;	---------------------------------
                             47 ; Function empty
                             48 ; ---------------------------------
   0000                      49 _empty::
   0000 C9                   50 	ret
                             51 	.area _HOME
                             52 ;--------------------------------------------------------
                             53 ; code
                             54 ;--------------------------------------------------------
                             55 	.area _CODE_3
                             56 	.area _CODE_3
   0000                      57 _archerCGB:
   0000 00                   58 	.db #0x00	; 0
   0001 00                   59 	.db #0x00	; 0
   0002 01                   60 	.db #0x01	; 1
   0003 01                   61 	.db #0x01	; 1
   0004 00                   62 	.db #0x00	; 0
   0005 01                   63 	.db #0x01	; 1
   0006 01                   64 	.db #0x01	; 1
   0007 01                   65 	.db #0x01	; 1
   0008 01                   66 	.db #0x01	; 1
   0009 01                   67 	.db #0x01	; 1
   000A 01                   68 	.db #0x01	; 1
   000B 01                   69 	.db #0x01	; 1
   000C 00                   70 	.db #0x00	; 0
   000D 00                   71 	.db #0x00	; 0
   000E 00                   72 	.db #0x00	; 0
   000F                      73 _archer_tiles:
   000F 00                   74 	.db #0x00	; 0
   0010 03                   75 	.db #0x03	; 3
   0011 01                   76 	.db #0x01	; 1
   0012 06                   77 	.db #0x06	; 6
   0013 01                   78 	.db #0x01	; 1
   0014 06                   79 	.db #0x06	; 6
   0015 00                   80 	.db #0x00	; 0
   0016 03                   81 	.db #0x03	; 3
   0017 03                   82 	.db #0x03	; 3
   0018 07                   83 	.db #0x07	; 7
   0019 03                   84 	.db #0x03	; 3
   001A 0D                   85 	.db #0x0d	; 13
   001B 03                   86 	.db #0x03	; 3
   001C 0D                   87 	.db #0x0d	; 13
   001D 03                   88 	.db #0x03	; 3
   001E 0D                   89 	.db #0x0d	; 13
   001F 03                   90 	.db #0x03	; 3
   0020 0E                   91 	.db #0x0e	; 14
   0021 07                   92 	.db #0x07	; 7
   0022 1F                   93 	.db #0x1f	; 31
   0023 7F                   94 	.db #0x7f	; 127
   0024 87                   95 	.db #0x87	; 135
   0025 07                   96 	.db #0x07	; 7
   0026 47                   97 	.db #0x47	; 71	'G'
   0027 0F                   98 	.db #0x0f	; 15
   0028 3F                   99 	.db #0x3f	; 63
   0029 00                  100 	.db #0x00	; 0
   002A 0E                  101 	.db #0x0e	; 14
   002B 00                  102 	.db #0x00	; 0
   002C 0C                  103 	.db #0x0c	; 12
   002D 00                  104 	.db #0x00	; 0
   002E 0E                  105 	.db #0x0e	; 14
   002F 00                  106 	.db #0x00	; 0
   0030 80                  107 	.db #0x80	; 128
   0031 C0                  108 	.db #0xc0	; 192
   0032 80                  109 	.db #0x80	; 128
   0033 C0                  110 	.db #0xc0	; 192
   0034 00                  111 	.db #0x00	; 0
   0035 C0                  112 	.db #0xc0	; 192
   0036 00                  113 	.db #0x00	; 0
   0037 80                  114 	.db #0x80	; 128
   0038 80                  115 	.db #0x80	; 128
   0039 80                  116 	.db #0x80	; 128
   003A 80                  117 	.db #0x80	; 128
   003B 80                  118 	.db #0x80	; 128
   003C 80                  119 	.db #0x80	; 128
   003D 80                  120 	.db #0x80	; 128
   003E 80                  121 	.db #0x80	; 128
   003F C0                  122 	.db #0xc0	; 192
   0040 40                  123 	.db #0x40	; 64
   0041 C0                  124 	.db #0xc0	; 192
   0042 C0                  125 	.db #0xc0	; 192
   0043 FE                  126 	.db #0xfe	; 254
   0044 E1                  127 	.db #0xe1	; 225
   0045 60                  128 	.db #0x60	; 96
   0046 62                  129 	.db #0x62	; 98	'b'
   0047 70                  130 	.db #0x70	; 112	'p'
   0048 FC                  131 	.db #0xfc	; 252
   0049 40                  132 	.db #0x40	; 64
   004A 70                  133 	.db #0x70	; 112	'p'
   004B 00                  134 	.db #0x00	; 0
   004C 30                  135 	.db #0x30	; 48	'0'
   004D 00                  136 	.db #0x00	; 0
   004E 38                  137 	.db #0x38	; 56	'8'
   004F 00                  138 	.db #0x00	; 0
   0050 03                  139 	.db #0x03	; 3
   0051 01                  140 	.db #0x01	; 1
   0052 06                  141 	.db #0x06	; 6
   0053 01                  142 	.db #0x01	; 1
   0054 06                  143 	.db #0x06	; 6
   0055 00                  144 	.db #0x00	; 0
   0056 03                  145 	.db #0x03	; 3
   0057 00                  146 	.db #0x00	; 0
   0058 07                  147 	.db #0x07	; 7
   0059 03                  148 	.db #0x03	; 3
   005A 0F                  149 	.db #0x0f	; 15
   005B 1F                  150 	.db #0x1f	; 31
   005C 16                  151 	.db #0x16	; 22
   005D 3F                  152 	.db #0x3f	; 63
   005E 20                  153 	.db #0x20	; 32
   005F 1F                  154 	.db #0x1f	; 31
   0060 3E                  155 	.db #0x3e	; 62
   0061 07                  156 	.db #0x07	; 7
   0062 3F                  157 	.db #0x3f	; 63
   0063 07                  158 	.db #0x07	; 7
   0064 7F                  159 	.db #0x7f	; 127
   0065 06                  160 	.db #0x06	; 6
   0066 06                  161 	.db #0x06	; 6
   0067 0E                  162 	.db #0x0e	; 14
   0068 0E                  163 	.db #0x0e	; 14
   0069 0C                  164 	.db #0x0c	; 12
   006A 0C                  165 	.db #0x0c	; 12
   006B 00                  166 	.db #0x00	; 0
   006C 0C                  167 	.db #0x0c	; 12
   006D 00                  168 	.db #0x00	; 0
   006E 0E                  169 	.db #0x0e	; 14
   006F 00                  170 	.db #0x00	; 0
   0070 98                  171 	.db #0x98	; 152
   0071 D0                  172 	.db #0xd0	; 208
   0072 84                  173 	.db #0x84	; 132
   0073 E0                  174 	.db #0xe0	; 224
   0074 02                  175 	.db #0x02	; 2
   0075 C0                  176 	.db #0xc0	; 192
   0076 02                  177 	.db #0x02	; 2
   0077 80                  178 	.db #0x80	; 128
   0078 01                  179 	.db #0x01	; 1
   0079 80                  180 	.db #0x80	; 128
   007A 01                  181 	.db #0x01	; 1
   007B FF                  182 	.db #0xff	; 255
   007C FE                  183 	.db #0xfe	; 254
   007D FD                  184 	.db #0xfd	; 253
   007E FE                  185 	.db #0xfe	; 254
   007F C0                  186 	.db #0xc0	; 192
   0080 C1                  187 	.db #0xc1	; 193
   0081 C0                  188 	.db #0xc0	; 192
   0082 41                  189 	.db #0x41	; 65	'A'
   0083 C0                  190 	.db #0xc0	; 192
   0084 42                  191 	.db #0x42	; 66	'B'
   0085 C0                  192 	.db #0xc0	; 192
   0086 82                  193 	.db #0x82	; 130
   0087 E0                  194 	.db #0xe0	; 224
   0088 C4                  195 	.db #0xc4	; 196
   0089 E0                  196 	.db #0xe0	; 224
   008A F8                  197 	.db #0xf8	; 248
   008B 00                  198 	.db #0x00	; 0
   008C 60                  199 	.db #0x60	; 96
   008D 00                  200 	.db #0x00	; 0
   008E 70                  201 	.db #0x70	; 112	'p'
   008F 00                  202 	.db #0x00	; 0
   0090 03                  203 	.db #0x03	; 3
   0091 01                  204 	.db #0x01	; 1
   0092 06                  205 	.db #0x06	; 6
   0093 01                  206 	.db #0x01	; 1
   0094 06                  207 	.db #0x06	; 6
   0095 00                  208 	.db #0x00	; 0
   0096 03                  209 	.db #0x03	; 3
   0097 03                  210 	.db #0x03	; 3
   0098 07                  211 	.db #0x07	; 7
   0099 0F                  212 	.db #0x0f	; 15
   009A 0F                  213 	.db #0x0f	; 15
   009B 1F                  214 	.db #0x1f	; 31
   009C 17                  215 	.db #0x17	; 23
   009D 3B                  216 	.db #0x3b	; 59
   009E 2F                  217 	.db #0x2f	; 47
   009F 1D                  218 	.db #0x1d	; 29
   00A0 37                  219 	.db #0x37	; 55	'7'
   00A1 0F                  220 	.db #0x0f	; 15
   00A2 7B                  221 	.db #0x7b	; 123
   00A3 07                  222 	.db #0x07	; 7
   00A4 07                  223 	.db #0x07	; 7
   00A5 06                  224 	.db #0x06	; 6
   00A6 06                  225 	.db #0x06	; 6
   00A7 0E                  226 	.db #0x0e	; 14
   00A8 0E                  227 	.db #0x0e	; 14
   00A9 0C                  228 	.db #0x0c	; 12
   00AA 0C                  229 	.db #0x0c	; 12
   00AB 00                  230 	.db #0x00	; 0
   00AC 0C                  231 	.db #0x0c	; 12
   00AD 00                  232 	.db #0x00	; 0
   00AE 0E                  233 	.db #0x0e	; 14
   00AF 00                  234 	.db #0x00	; 0
   00B0 C4                  235 	.db #0xc4	; 196
   00B1 C0                  236 	.db #0xc0	; 192
   00B2 84                  237 	.db #0x84	; 132
   00B3 C8                  238 	.db #0xc8	; 200
   00B4 02                  239 	.db #0x02	; 2
   00B5 C8                  240 	.db #0xc8	; 200
   00B6 02                  241 	.db #0x02	; 2
   00B7 08                  242 	.db #0x08	; 8
   00B8 81                  243 	.db #0x81	; 129
   00B9 88                  244 	.db #0x88	; 136
   00BA 81                  245 	.db #0x81	; 129
   00BB FF                  246 	.db #0xff	; 255
   00BC FE                  247 	.db #0xfe	; 254
   00BD FD                  248 	.db #0xfd	; 253
   00BE FE                  249 	.db #0xfe	; 254
   00BF C8                  250 	.db #0xc8	; 200
   00C0 C1                  251 	.db #0xc1	; 193
   00C1 C8                  252 	.db #0xc8	; 200
   00C2 C1                  253 	.db #0xc1	; 193
   00C3 C8                  254 	.db #0xc8	; 200
   00C4 C2                  255 	.db #0xc2	; 194
   00C5 C8                  256 	.db #0xc8	; 200
   00C6 C2                  257 	.db #0xc2	; 194
   00C7 C0                  258 	.db #0xc0	; 192
   00C8 C4                  259 	.db #0xc4	; 196
   00C9 E0                  260 	.db #0xe0	; 224
   00CA E4                  261 	.db #0xe4	; 228
   00CB 00                  262 	.db #0x00	; 0
   00CC 60                  263 	.db #0x60	; 96
   00CD 00                  264 	.db #0x00	; 0
   00CE 70                  265 	.db #0x70	; 112	'p'
   00CF 00                  266 	.db #0x00	; 0
   00D0 00                  267 	.db #0x00	; 0
   00D1 00                  268 	.db #0x00	; 0
   00D2 00                  269 	.db #0x00	; 0
   00D3 00                  270 	.db #0x00	; 0
   00D4 00                  271 	.db #0x00	; 0
   00D5 00                  272 	.db #0x00	; 0
   00D6 03                  273 	.db #0x03	; 3
   00D7 01                  274 	.db #0x01	; 1
   00D8 06                  275 	.db #0x06	; 6
   00D9 01                  276 	.db #0x01	; 1
   00DA 06                  277 	.db #0x06	; 6
   00DB 00                  278 	.db #0x00	; 0
   00DC 03                  279 	.db #0x03	; 3
   00DD 02                  280 	.db #0x02	; 2
   00DE 03                  281 	.db #0x03	; 3
   00DF 07                  282 	.db #0x07	; 7
   00E0 0F                  283 	.db #0x0f	; 15
   00E1 0F                  284 	.db #0x0f	; 15
   00E2 0B                  285 	.db #0x0b	; 11
   00E3 0F                  286 	.db #0x0f	; 15
   00E4 1B                  287 	.db #0x1b	; 27
   00E5 0F                  288 	.db #0x0f	; 15
   00E6 3B                  289 	.db #0x3b	; 59
   00E7 07                  290 	.db #0x07	; 7
   00E8 7C                  291 	.db #0x7c	; 124
   00E9 7F                  292 	.db #0x7f	; 127
   00EA 87                  293 	.db #0x87	; 135
   00EB 1E                  294 	.db #0x1e	; 30
   00EC 5E                  295 	.db #0x5e	; 94
   00ED 0C                  296 	.db #0x0c	; 12
   00EE 3F                  297 	.db #0x3f	; 63
   00EF 00                  298 	.db #0x00	; 0
   00F0 00                  299 	.db #0x00	; 0
   00F1 00                  300 	.db #0x00	; 0
   00F2 00                  301 	.db #0x00	; 0
   00F3 00                  302 	.db #0x00	; 0
   00F4 00                  303 	.db #0x00	; 0
   00F5 00                  304 	.db #0x00	; 0
   00F6 C0                  305 	.db #0xc0	; 192
   00F7 C0                  306 	.db #0xc0	; 192
   00F8 88                  307 	.db #0x88	; 136
   00F9 C4                  308 	.db #0xc4	; 196
   00FA 08                  309 	.db #0x08	; 8
   00FB C2                  310 	.db #0xc2	; 194
   00FC 0C                  311 	.db #0x0c	; 12
   00FD 02                  312 	.db #0x02	; 2
   00FE 8C                  313 	.db #0x8c	; 140
   00FF 72                  314 	.db #0x72	; 114	'r'
   0100 FC                  315 	.db #0xfc	; 252
   0101 F2                  316 	.db #0xf2	; 242
   0102 FC                  317 	.db #0xfc	; 252
   0103 84                  318 	.db #0x84	; 132
   0104 88                  319 	.db #0x88	; 136
   0105 80                  320 	.db #0x80	; 128
   0106 C8                  321 	.db #0xc8	; 200
   0107 C0                  322 	.db #0xc0	; 192
   0108 E0                  323 	.db #0xe0	; 224
   0109 FE                  324 	.db #0xfe	; 254
   010A E1                  325 	.db #0xe1	; 225
   010B 60                  326 	.db #0x60	; 96
   010C 66                  327 	.db #0x66	; 102	'f'
   010D 70                  328 	.db #0x70	; 112	'p'
   010E F8                  329 	.db #0xf8	; 248
   010F 00                  330 	.db #0x00	; 0
   0110 03                  331 	.db #0x03	; 3
   0111 01                  332 	.db #0x01	; 1
   0112 06                  333 	.db #0x06	; 6
   0113 01                  334 	.db #0x01	; 1
   0114 06                  335 	.db #0x06	; 6
   0115 04                  336 	.db #0x04	; 4
   0116 07                  337 	.db #0x07	; 7
   0117 07                  338 	.db #0x07	; 7
   0118 0D                  339 	.db #0x0d	; 13
   0119 07                  340 	.db #0x07	; 7
   011A 1D                  341 	.db #0x1d	; 29
   011B 07                  342 	.db #0x07	; 7
   011C 7D                  343 	.db #0x7d	; 125
   011D 07                  344 	.db #0x07	; 7
   011E FE                  345 	.db #0xfe	; 254
   011F 00                  346 	.db #0x00	; 0
   0120 67                  347 	.db #0x67	; 103	'g'
   0121 05                  348 	.db #0x05	; 5
   0122 07                  349 	.db #0x07	; 7
   0123 0E                  350 	.db #0x0e	; 14
   0124 FF                  351 	.db #0xff	; 255
   0125 0C                  352 	.db #0x0c	; 12
   0126 7C                  353 	.db #0x7c	; 124
   0127 00                  354 	.db #0x00	; 0
   0128 4F                  355 	.db #0x4f	; 79	'O'
   0129 00                  356 	.db #0x00	; 0
   012A 00                  357 	.db #0x00	; 0
   012B 00                  358 	.db #0x00	; 0
   012C 00                  359 	.db #0x00	; 0
   012D 00                  360 	.db #0x00	; 0
   012E 00                  361 	.db #0x00	; 0
   012F 00                  362 	.db #0x00	; 0
   0130 80                  363 	.db #0x80	; 128
   0131 C0                  364 	.db #0xc0	; 192
   0132 80                  365 	.db #0x80	; 128
   0133 C0                  366 	.db #0xc0	; 192
   0134 00                  367 	.db #0x00	; 0
   0135 C0                  368 	.db #0xc0	; 192
   0136 00                  369 	.db #0x00	; 0
   0137 00                  370 	.db #0x00	; 0
   0138 80                  371 	.db #0x80	; 128
   0139 80                  372 	.db #0x80	; 128
   013A 80                  373 	.db #0x80	; 128
   013B 80                  374 	.db #0x80	; 128
   013C 80                  375 	.db #0x80	; 128
   013D 80                  376 	.db #0x80	; 128
   013E 00                  377 	.db #0x00	; 0
   013F 00                  378 	.db #0x00	; 0
   0140 80                  379 	.db #0x80	; 128
   0141 C0                  380 	.db #0xc0	; 192
   0142 C0                  381 	.db #0xc0	; 192
   0143 FE                  382 	.db #0xfe	; 254
   0144 E1                  383 	.db #0xe1	; 225
   0145 60                  384 	.db #0x60	; 96
   0146 E2                  385 	.db #0xe2	; 226
   0147 00                  386 	.db #0x00	; 0
   0148 FC                  387 	.db #0xfc	; 252
   0149 00                  388 	.db #0x00	; 0
   014A 30                  389 	.db #0x30	; 48	'0'
   014B 00                  390 	.db #0x00	; 0
   014C 30                  391 	.db #0x30	; 48	'0'
   014D 00                  392 	.db #0x00	; 0
   014E 38                  393 	.db #0x38	; 56	'8'
   014F 00                  394 	.db #0x00	; 0
   0150 03                  395 	.db #0x03	; 3
   0151 01                  396 	.db #0x01	; 1
   0152 06                  397 	.db #0x06	; 6
   0153 01                  398 	.db #0x01	; 1
   0154 06                  399 	.db #0x06	; 6
   0155 04                  400 	.db #0x04	; 4
   0156 07                  401 	.db #0x07	; 7
   0157 07                  402 	.db #0x07	; 7
   0158 0F                  403 	.db #0x0f	; 15
   0159 07                  404 	.db #0x07	; 7
   015A 0D                  405 	.db #0x0d	; 13
   015B 07                  406 	.db #0x07	; 7
   015C 1D                  407 	.db #0x1d	; 29
   015D 07                  408 	.db #0x07	; 7
   015E 1D                  409 	.db #0x1d	; 29
   015F 01                  410 	.db #0x01	; 1
   0160 1E                  411 	.db #0x1e	; 30
   0161 07                  412 	.db #0x07	; 7
   0162 3F                  413 	.db #0x3f	; 63
   0163 47                  414 	.db #0x47	; 71	'G'
   0164 BF                  415 	.db #0xbf	; 191
   0165 07                  416 	.db #0x07	; 7
   0166 47                  417 	.db #0x47	; 71	'G'
   0167 06                  418 	.db #0x06	; 6
   0168 3F                  419 	.db #0x3f	; 63
   0169 00                  420 	.db #0x00	; 0
   016A 1C                  421 	.db #0x1c	; 28
   016B 00                  422 	.db #0x00	; 0
   016C 38                  423 	.db #0x38	; 56	'8'
   016D 00                  424 	.db #0x00	; 0
   016E 30                  425 	.db #0x30	; 48	'0'
   016F 00                  426 	.db #0x00	; 0
   0170 80                  427 	.db #0x80	; 128
   0171 C0                  428 	.db #0xc0	; 192
   0172 80                  429 	.db #0x80	; 128
   0173 C0                  430 	.db #0xc0	; 192
   0174 00                  431 	.db #0x00	; 0
   0175 C0                  432 	.db #0xc0	; 192
   0176 00                  433 	.db #0x00	; 0
   0177 00                  434 	.db #0x00	; 0
   0178 80                  435 	.db #0x80	; 128
   0179 80                  436 	.db #0x80	; 128
   017A 80                  437 	.db #0x80	; 128
   017B 80                  438 	.db #0x80	; 128
   017C 80                  439 	.db #0x80	; 128
   017D 80                  440 	.db #0x80	; 128
   017E 80                  441 	.db #0x80	; 128
   017F 80                  442 	.db #0x80	; 128
   0180 40                  443 	.db #0x40	; 64
   0181 C0                  444 	.db #0xc0	; 192
   0182 E0                  445 	.db #0xe0	; 224
   0183 6E                  446 	.db #0x6e	; 110	'n'
   0184 F1                  447 	.db #0xf1	; 241
   0185 30                  448 	.db #0x30	; 48	'0'
   0186 7A                  449 	.db #0x7a	; 122	'z'
   0187 00                  450 	.db #0x00	; 0
   0188 FC                  451 	.db #0xfc	; 252
   0189 00                  452 	.db #0x00	; 0
   018A 18                  453 	.db #0x18	; 24
   018B 00                  454 	.db #0x00	; 0
   018C 18                  455 	.db #0x18	; 24
   018D 00                  456 	.db #0x00	; 0
   018E 1C                  457 	.db #0x1c	; 28
   018F 00                  458 	.db #0x00	; 0
   0190 03                  459 	.db #0x03	; 3
   0191 01                  460 	.db #0x01	; 1
   0192 06                  461 	.db #0x06	; 6
   0193 01                  462 	.db #0x01	; 1
   0194 06                  463 	.db #0x06	; 6
   0195 06                  464 	.db #0x06	; 6
   0196 07                  465 	.db #0x07	; 7
   0197 0E                  466 	.db #0x0e	; 14
   0198 0F                  467 	.db #0x0f	; 15
   0199 07                  468 	.db #0x07	; 7
   019A 0D                  469 	.db #0x0d	; 13
   019B 07                  470 	.db #0x07	; 7
   019C 1D                  471 	.db #0x1d	; 29
   019D 07                  472 	.db #0x07	; 7
   019E 7D                  473 	.db #0x7d	; 125
   019F 09                  474 	.db #0x09	; 9
   01A0 F6                  475 	.db #0xf6	; 246
   01A1 07                  476 	.db #0x07	; 7
   01A2 E7                  477 	.db #0xe7	; 231
   01A3 07                  478 	.db #0x07	; 7
   01A4 1F                  479 	.db #0x1f	; 31
   01A5 07                  480 	.db #0x07	; 7
   01A6 07                  481 	.db #0x07	; 7
   01A7 06                  482 	.db #0x06	; 6
   01A8 0F                  483 	.db #0x0f	; 15
   01A9 00                  484 	.db #0x00	; 0
   01AA 1C                  485 	.db #0x1c	; 28
   01AB 00                  486 	.db #0x00	; 0
   01AC 38                  487 	.db #0x38	; 56	'8'
   01AD 00                  488 	.db #0x00	; 0
   01AE 30                  489 	.db #0x30	; 48	'0'
   01AF 00                  490 	.db #0x00	; 0
   01B0 80                  491 	.db #0x80	; 128
   01B1 C0                  492 	.db #0xc0	; 192
   01B2 80                  493 	.db #0x80	; 128
   01B3 C0                  494 	.db #0xc0	; 192
   01B4 00                  495 	.db #0x00	; 0
   01B5 C0                  496 	.db #0xc0	; 192
   01B6 00                  497 	.db #0x00	; 0
   01B7 00                  498 	.db #0x00	; 0
   01B8 80                  499 	.db #0x80	; 128
   01B9 80                  500 	.db #0x80	; 128
   01BA 80                  501 	.db #0x80	; 128
   01BB 80                  502 	.db #0x80	; 128
   01BC 80                  503 	.db #0x80	; 128
   01BD C0                  504 	.db #0xc0	; 192
   01BE C0                  505 	.db #0xc0	; 192
   01BF FE                  506 	.db #0xfe	; 254
   01C0 01                  507 	.db #0x01	; 1
   01C1 C0                  508 	.db #0xc0	; 192
   01C2 C2                  509 	.db #0xc2	; 194
   01C3 E0                  510 	.db #0xe0	; 224
   01C4 FC                  511 	.db #0xfc	; 252
   01C5 70                  512 	.db #0x70	; 112	'p'
   01C6 70                  513 	.db #0x70	; 112	'p'
   01C7 B0                  514 	.db #0xb0	; 176
   01C8 F0                  515 	.db #0xf0	; 240
   01C9 60                  516 	.db #0x60	; 96
   01CA E0                  517 	.db #0xe0	; 224
   01CB 00                  518 	.db #0x00	; 0
   01CC 40                  519 	.db #0x40	; 64
   01CD 00                  520 	.db #0x00	; 0
   01CE 00                  521 	.db #0x00	; 0
   01CF 00                  522 	.db #0x00	; 0
   01D0 03                  523 	.db #0x03	; 3
   01D1 01                  524 	.db #0x01	; 1
   01D2 06                  525 	.db #0x06	; 6
   01D3 01                  526 	.db #0x01	; 1
   01D4 06                  527 	.db #0x06	; 6
   01D5 06                  528 	.db #0x06	; 6
   01D6 07                  529 	.db #0x07	; 7
   01D7 04                  530 	.db #0x04	; 4
   01D8 0F                  531 	.db #0x0f	; 15
   01D9 0F                  532 	.db #0x0f	; 15
   01DA 1D                  533 	.db #0x1d	; 29
   01DB 0F                  534 	.db #0x0f	; 15
   01DC 7D                  535 	.db #0x7d	; 125
   01DD 07                  536 	.db #0x07	; 7
   01DE FE                  537 	.db #0xfe	; 254
   01DF 00                  538 	.db #0x00	; 0
   01E0 67                  539 	.db #0x67	; 103	'g'
   01E1 05                  540 	.db #0x05	; 5
   01E2 07                  541 	.db #0x07	; 7
   01E3 66                  542 	.db #0x66	; 102	'f'
   01E4 9F                  543 	.db #0x9f	; 159
   01E5 06                  544 	.db #0x06	; 6
   01E6 5F                  545 	.db #0x5f	; 95
   01E7 00                  546 	.db #0x00	; 0
   01E8 3F                  547 	.db #0x3f	; 63
   01E9 00                  548 	.db #0x00	; 0
   01EA 01                  549 	.db #0x01	; 1
   01EB 00                  550 	.db #0x00	; 0
   01EC 03                  551 	.db #0x03	; 3
   01ED 00                  552 	.db #0x00	; 0
   01EE 03                  553 	.db #0x03	; 3
   01EF 00                  554 	.db #0x00	; 0
   01F0 80                  555 	.db #0x80	; 128
   01F1 C0                  556 	.db #0xc0	; 192
   01F2 80                  557 	.db #0x80	; 128
   01F3 C0                  558 	.db #0xc0	; 192
   01F4 00                  559 	.db #0x00	; 0
   01F5 C0                  560 	.db #0xc0	; 192
   01F6 00                  561 	.db #0x00	; 0
   01F7 00                  562 	.db #0x00	; 0
   01F8 80                  563 	.db #0x80	; 128
   01F9 80                  564 	.db #0x80	; 128
   01FA 80                  565 	.db #0x80	; 128
   01FB 80                  566 	.db #0x80	; 128
   01FC 80                  567 	.db #0x80	; 128
   01FD 80                  568 	.db #0x80	; 128
   01FE 00                  569 	.db #0x00	; 0
   01FF 00                  570 	.db #0x00	; 0
   0200 80                  571 	.db #0x80	; 128
   0201 80                  572 	.db #0x80	; 128
   0202 80                  573 	.db #0x80	; 128
   0203 FE                  574 	.db #0xfe	; 254
   0204 C1                  575 	.db #0xc1	; 193
   0205 C0                  576 	.db #0xc0	; 192
   0206 C2                  577 	.db #0xc2	; 194
   0207 40                  578 	.db #0x40	; 64
   0208 FC                  579 	.db #0xfc	; 252
   0209 00                  580 	.db #0x00	; 0
   020A 80                  581 	.db #0x80	; 128
   020B 00                  582 	.db #0x00	; 0
   020C 00                  583 	.db #0x00	; 0
   020D 00                  584 	.db #0x00	; 0
   020E 80                  585 	.db #0x80	; 128
   020F 00                  586 	.db #0x00	; 0
   0210 00                  587 	.db #0x00	; 0
   0211 00                  588 	.db #0x00	; 0
   0212 01                  589 	.db #0x01	; 1
   0213 00                  590 	.db #0x00	; 0
   0214 07                  591 	.db #0x07	; 7
   0215 06                  592 	.db #0x06	; 6
   0216 1F                  593 	.db #0x1f	; 31
   0217 0F                  594 	.db #0x0f	; 15
   0218 3A                  595 	.db #0x3a	; 58
   0219 1F                  596 	.db #0x1f	; 31
   021A 77                  597 	.db #0x77	; 119	'w'
   021B 1E                  598 	.db #0x1e	; 30
   021C F6                  599 	.db #0xf6	; 246
   021D 1A                  600 	.db #0x1a	; 26
   021E F6                  601 	.db #0xf6	; 246
   021F 07                  602 	.db #0x07	; 7
   0220 CF                  603 	.db #0xcf	; 207
   0221 07                  604 	.db #0x07	; 7
   0222 07                  605 	.db #0x07	; 7
   0223 07                  606 	.db #0x07	; 7
   0224 07                  607 	.db #0x07	; 7
   0225 0E                  608 	.db #0x0e	; 14
   0226 0E                  609 	.db #0x0e	; 14
   0227 04                  610 	.db #0x04	; 4
   0228 0C                  611 	.db #0x0c	; 12
   0229 00                  612 	.db #0x00	; 0
   022A 1C                  613 	.db #0x1c	; 28
   022B 00                  614 	.db #0x00	; 0
   022C 18                  615 	.db #0x18	; 24
   022D 00                  616 	.db #0x00	; 0
   022E 0C                  617 	.db #0x0c	; 12
   022F 00                  618 	.db #0x00	; 0
   0230 00                  619 	.db #0x00	; 0
   0231 00                  620 	.db #0x00	; 0
   0232 C0                  621 	.db #0xc0	; 192
   0233 00                  622 	.db #0x00	; 0
   0234 E0                  623 	.db #0xe0	; 224
   0235 C0                  624 	.db #0xc0	; 192
   0236 20                  625 	.db #0x20	; 32
   0237 C0                  626 	.db #0xc0	; 192
   0238 40                  627 	.db #0x40	; 64
   0239 00                  628 	.db #0x00	; 0
   023A 00                  629 	.db #0x00	; 0
   023B 00                  630 	.db #0x00	; 0
   023C 00                  631 	.db #0x00	; 0
   023D 00                  632 	.db #0x00	; 0
   023E 00                  633 	.db #0x00	; 0
   023F 00                  634 	.db #0x00	; 0
   0240 00                  635 	.db #0x00	; 0
   0241 80                  636 	.db #0x80	; 128
   0242 80                  637 	.db #0x80	; 128
   0243 C0                  638 	.db #0xc0	; 192
   0244 C0                  639 	.db #0xc0	; 192
   0245 C0                  640 	.db #0xc0	; 192
   0246 C0                  641 	.db #0xc0	; 192
   0247 C0                  642 	.db #0xc0	; 192
   0248 C0                  643 	.db #0xc0	; 192
   0249 00                  644 	.db #0x00	; 0
   024A C0                  645 	.db #0xc0	; 192
   024B 00                  646 	.db #0x00	; 0
   024C E0                  647 	.db #0xe0	; 224
   024D 00                  648 	.db #0x00	; 0
   024E 00                  649 	.db #0x00	; 0
   024F 00                  650 	.db #0x00	; 0
   0250 00                  651 	.db #0x00	; 0
   0251 00                  652 	.db #0x00	; 0
   0252 00                  653 	.db #0x00	; 0
   0253 00                  654 	.db #0x00	; 0
   0254 00                  655 	.db #0x00	; 0
   0255 00                  656 	.db #0x00	; 0
   0256 00                  657 	.db #0x00	; 0
   0257 00                  658 	.db #0x00	; 0
   0258 00                  659 	.db #0x00	; 0
   0259 00                  660 	.db #0x00	; 0
   025A 00                  661 	.db #0x00	; 0
   025B 00                  662 	.db #0x00	; 0
   025C 00                  663 	.db #0x00	; 0
   025D 00                  664 	.db #0x00	; 0
   025E 00                  665 	.db #0x00	; 0
   025F 00                  666 	.db #0x00	; 0
   0260 00                  667 	.db #0x00	; 0
   0261 00                  668 	.db #0x00	; 0
   0262 00                  669 	.db #0x00	; 0
   0263 00                  670 	.db #0x00	; 0
   0264 00                  671 	.db #0x00	; 0
   0265 00                  672 	.db #0x00	; 0
   0266 00                  673 	.db #0x00	; 0
   0267 00                  674 	.db #0x00	; 0
   0268 00                  675 	.db #0x00	; 0
   0269 00                  676 	.db #0x00	; 0
   026A 00                  677 	.db #0x00	; 0
   026B 00                  678 	.db #0x00	; 0
   026C 00                  679 	.db #0x00	; 0
   026D 00                  680 	.db #0x00	; 0
   026E 00                  681 	.db #0x00	; 0
   026F 00                  682 	.db #0x00	; 0
   0270 00                  683 	.db #0x00	; 0
   0271 00                  684 	.db #0x00	; 0
   0272 00                  685 	.db #0x00	; 0
   0273 00                  686 	.db #0x00	; 0
   0274 00                  687 	.db #0x00	; 0
   0275 00                  688 	.db #0x00	; 0
   0276 00                  689 	.db #0x00	; 0
   0277 00                  690 	.db #0x00	; 0
   0278 00                  691 	.db #0x00	; 0
   0279 00                  692 	.db #0x00	; 0
   027A 00                  693 	.db #0x00	; 0
   027B 00                  694 	.db #0x00	; 0
   027C 00                  695 	.db #0x00	; 0
   027D 00                  696 	.db #0x00	; 0
   027E 00                  697 	.db #0x00	; 0
   027F 00                  698 	.db #0x00	; 0
   0280 00                  699 	.db #0x00	; 0
   0281 00                  700 	.db #0x00	; 0
   0282 00                  701 	.db #0x00	; 0
   0283 00                  702 	.db #0x00	; 0
   0284 00                  703 	.db #0x00	; 0
   0285 00                  704 	.db #0x00	; 0
   0286 00                  705 	.db #0x00	; 0
   0287 00                  706 	.db #0x00	; 0
   0288 00                  707 	.db #0x00	; 0
   0289 00                  708 	.db #0x00	; 0
   028A 00                  709 	.db #0x00	; 0
   028B 00                  710 	.db #0x00	; 0
   028C 00                  711 	.db #0x00	; 0
   028D 00                  712 	.db #0x00	; 0
   028E 00                  713 	.db #0x00	; 0
   028F 00                  714 	.db #0x00	; 0
   0290 3F                  715 	.db #0x3f	; 63
   0291 11                  716 	.db #0x11	; 17
   0292 2E                  717 	.db #0x2e	; 46
   0293 39                  718 	.db #0x39	; 57	'9'
   0294 6E                  719 	.db #0x6e	; 110	'n'
   0295 78                  720 	.db #0x78	; 120	'x'
   0296 97                  721 	.db #0x97	; 151
   0297 1C                  722 	.db #0x1c	; 28
   0298 17                  723 	.db #0x17	; 23
   0299 0F                  724 	.db #0x0f	; 15
   029A 0B                  725 	.db #0x0b	; 11
   029B 07                  726 	.db #0x07	; 7
   029C 0B                  727 	.db #0x0b	; 11
   029D 07                  728 	.db #0x07	; 7
   029E 07                  729 	.db #0x07	; 7
   029F 07                  730 	.db #0x07	; 7
   02A0 07                  731 	.db #0x07	; 7
   02A1 04                  732 	.db #0x04	; 4
   02A2 07                  733 	.db #0x07	; 7
   02A3 07                  734 	.db #0x07	; 7
   02A4 07                  735 	.db #0x07	; 7
   02A5 06                  736 	.db #0x06	; 6
   02A6 06                  737 	.db #0x06	; 6
   02A7 06                  738 	.db #0x06	; 6
   02A8 06                  739 	.db #0x06	; 6
   02A9 06                  740 	.db #0x06	; 6
   02AA 06                  741 	.db #0x06	; 6
   02AB 00                  742 	.db #0x00	; 0
   02AC 06                  743 	.db #0x06	; 6
   02AD 00                  744 	.db #0x00	; 0
   02AE 07                  745 	.db #0x07	; 7
   02AF 00                  746 	.db #0x00	; 0
   02B0 F8                  747 	.db #0xf8	; 248
   02B1 C0                  748 	.db #0xc0	; 192
   02B2 B8                  749 	.db #0xb8	; 184
   02B3 D8                  750 	.db #0xd8	; 216
   02B4 2E                  751 	.db #0x2e	; 46
   02B5 BE                  752 	.db #0xbe	; 190
   02B6 61                  753 	.db #0x61	; 97	'a'
   02B7 38                  754 	.db #0x38	; 56	'8'
   02B8 E8                  755 	.db #0xe8	; 232
   02B9 F0                  756 	.db #0xf0	; 240
   02BA D0                  757 	.db #0xd0	; 208
   02BB F0                  758 	.db #0xf0	; 240
   02BC D0                  759 	.db #0xd0	; 208
   02BD C0                  760 	.db #0xc0	; 192
   02BE E0                  761 	.db #0xe0	; 224
   02BF C0                  762 	.db #0xc0	; 192
   02C0 C0                  763 	.db #0xc0	; 192
   02C1 40                  764 	.db #0x40	; 64
   02C2 C0                  765 	.db #0xc0	; 192
   02C3 C0                  766 	.db #0xc0	; 192
   02C4 C0                  767 	.db #0xc0	; 192
   02C5 C0                  768 	.db #0xc0	; 192
   02C6 C0                  769 	.db #0xc0	; 192
   02C7 C0                  770 	.db #0xc0	; 192
   02C8 C0                  771 	.db #0xc0	; 192
   02C9 C0                  772 	.db #0xc0	; 192
   02CA C0                  773 	.db #0xc0	; 192
   02CB 00                  774 	.db #0x00	; 0
   02CC C0                  775 	.db #0xc0	; 192
   02CD 00                  776 	.db #0x00	; 0
   02CE E0                  777 	.db #0xe0	; 224
   02CF 00                  778 	.db #0x00	; 0
   02D0 03                  779 	.db #0x03	; 3
   02D1 01                  780 	.db #0x01	; 1
   02D2 06                  781 	.db #0x06	; 6
   02D3 01                  782 	.db #0x01	; 1
   02D4 06                  783 	.db #0x06	; 6
   02D5 00                  784 	.db #0x00	; 0
   02D6 03                  785 	.db #0x03	; 3
   02D7 00                  786 	.db #0x00	; 0
   02D8 03                  787 	.db #0x03	; 3
   02D9 0B                  788 	.db #0x0b	; 11
   02DA 0F                  789 	.db #0x0f	; 15
   02DB 1F                  790 	.db #0x1f	; 31
   02DC 17                  791 	.db #0x17	; 23
   02DD 3F                  792 	.db #0x3f	; 63
   02DE 2F                  793 	.db #0x2f	; 47
   02DF 1F                  794 	.db #0x1f	; 31
   02E0 11                  795 	.db #0x11	; 17
   02E1 07                  796 	.db #0x07	; 7
   02E2 1F                  797 	.db #0x1f	; 31
   02E3 07                  798 	.db #0x07	; 7
   02E4 1F                  799 	.db #0x1f	; 31
   02E5 06                  800 	.db #0x06	; 6
   02E6 06                  801 	.db #0x06	; 6
   02E7 06                  802 	.db #0x06	; 6
   02E8 1E                  803 	.db #0x1e	; 30
   02E9 04                  804 	.db #0x04	; 4
   02EA 1C                  805 	.db #0x1c	; 28
   02EB 00                  806 	.db #0x00	; 0
   02EC 10                  807 	.db #0x10	; 16
   02ED 00                  808 	.db #0x00	; 0
   02EE 00                  809 	.db #0x00	; 0
   02EF 00                  810 	.db #0x00	; 0
   02F0 84                  811 	.db #0x84	; 132
   02F1 C0                  812 	.db #0xc0	; 192
   02F2 84                  813 	.db #0x84	; 132
   02F3 C8                  814 	.db #0xc8	; 200
   02F4 02                  815 	.db #0x02	; 2
   02F5 C8                  816 	.db #0xc8	; 200
   02F6 02                  817 	.db #0x02	; 2
   02F7 08                  818 	.db #0x08	; 8
   02F8 81                  819 	.db #0x81	; 129
   02F9 C8                  820 	.db #0xc8	; 200
   02FA C1                  821 	.db #0xc1	; 193
   02FB FF                  822 	.db #0xff	; 255
   02FC FE                  823 	.db #0xfe	; 254
   02FD FD                  824 	.db #0xfd	; 253
   02FE FE                  825 	.db #0xfe	; 254
   02FF C8                  826 	.db #0xc8	; 200
   0300 C1                  827 	.db #0xc1	; 193
   0301 C8                  828 	.db #0xc8	; 200
   0302 C1                  829 	.db #0xc1	; 193
   0303 C8                  830 	.db #0xc8	; 200
   0304 C2                  831 	.db #0xc2	; 194
   0305 C8                  832 	.db #0xc8	; 200
   0306 C2                  833 	.db #0xc2	; 194
   0307 C0                  834 	.db #0xc0	; 192
   0308 C4                  835 	.db #0xc4	; 196
   0309 E0                  836 	.db #0xe0	; 224
   030A E4                  837 	.db #0xe4	; 228
   030B 00                  838 	.db #0x00	; 0
   030C 60                  839 	.db #0x60	; 96
   030D 00                  840 	.db #0x00	; 0
   030E 70                  841 	.db #0x70	; 112	'p'
   030F 00                  842 	.db #0x00	; 0
   0310 00                  843 	.db #0x00	; 0
   0311 00                  844 	.db #0x00	; 0
   0312 03                  845 	.db #0x03	; 3
   0313 01                  846 	.db #0x01	; 1
   0314 06                  847 	.db #0x06	; 6
   0315 01                  848 	.db #0x01	; 1
   0316 06                  849 	.db #0x06	; 6
   0317 04                  850 	.db #0x04	; 4
   0318 07                  851 	.db #0x07	; 7
   0319 07                  852 	.db #0x07	; 7
   031A 0D                  853 	.db #0x0d	; 13
   031B 07                  854 	.db #0x07	; 7
   031C 7D                  855 	.db #0x7d	; 125
   031D 07                  856 	.db #0x07	; 7
   031E FD                  857 	.db #0xfd	; 253
   031F 07                  858 	.db #0x07	; 7
   0320 E6                  859 	.db #0xe6	; 230
   0321 08                  860 	.db #0x08	; 8
   0322 07                  861 	.db #0x07	; 7
   0323 15                  862 	.db #0x15	; 21
   0324 07                  863 	.db #0x07	; 7
   0325 26                  864 	.db #0x26	; 38
   0326 0F                  865 	.db #0x0f	; 15
   0327 4E                  866 	.db #0x4e	; 78	'N'
   0328 1E                  867 	.db #0x1e	; 30
   0329 8C                  868 	.db #0x8c	; 140
   032A 2C                  869 	.db #0x2c	; 44
   032B 00                  870 	.db #0x00	; 0
   032C CC                  871 	.db #0xcc	; 204
   032D 00                  872 	.db #0x00	; 0
   032E 0E                  873 	.db #0x0e	; 14
   032F 00                  874 	.db #0x00	; 0
   0330 00                  875 	.db #0x00	; 0
   0331 00                  876 	.db #0x00	; 0
   0332 C0                  877 	.db #0xc0	; 192
   0333 C0                  878 	.db #0xc0	; 192
   0334 80                  879 	.db #0x80	; 128
   0335 C8                  880 	.db #0xc8	; 200
   0336 00                  881 	.db #0x00	; 0
   0337 D0                  882 	.db #0xd0	; 208
   0338 04                  883 	.db #0x04	; 4
   0339 20                  884 	.db #0x20	; 32
   033A 84                  885 	.db #0x84	; 132
   033B C0                  886 	.db #0xc0	; 192
   033C 88                  887 	.db #0x88	; 136
   033D 80                  888 	.db #0x80	; 128
   033E 90                  889 	.db #0x90	; 144
   033F 80                  890 	.db #0x80	; 128
   0340 20                  891 	.db #0x20	; 32
   0341 00                  892 	.db #0x00	; 0
   0342 C0                  893 	.db #0xc0	; 192
   0343 C0                  894 	.db #0xc0	; 192
   0344 C0                  895 	.db #0xc0	; 192
   0345 E0                  896 	.db #0xe0	; 224
   0346 E0                  897 	.db #0xe0	; 224
   0347 60                  898 	.db #0x60	; 96
   0348 E0                  899 	.db #0xe0	; 224
   0349 00                  900 	.db #0x00	; 0
   034A 60                  901 	.db #0x60	; 96
   034B 00                  902 	.db #0x00	; 0
   034C 60                  903 	.db #0x60	; 96
   034D 00                  904 	.db #0x00	; 0
   034E 70                  905 	.db #0x70	; 112	'p'
   034F 00                  906 	.db #0x00	; 0
   0350 00                  907 	.db #0x00	; 0
   0351 00                  908 	.db #0x00	; 0
   0352 03                  909 	.db #0x03	; 3
   0353 01                  910 	.db #0x01	; 1
   0354 06                  911 	.db #0x06	; 6
   0355 01                  912 	.db #0x01	; 1
   0356 06                  913 	.db #0x06	; 6
   0357 04                  914 	.db #0x04	; 4
   0358 07                  915 	.db #0x07	; 7
   0359 07                  916 	.db #0x07	; 7
   035A 0D                  917 	.db #0x0d	; 13
   035B 07                  918 	.db #0x07	; 7
   035C 0D                  919 	.db #0x0d	; 13
   035D 07                  920 	.db #0x07	; 7
   035E 1D                  921 	.db #0x1d	; 29
   035F 07                  922 	.db #0x07	; 7
   0360 7E                  923 	.db #0x7e	; 126
   0361 08                  924 	.db #0x08	; 8
   0362 F7                  925 	.db #0xf7	; 247
   0363 15                  926 	.db #0x15	; 21
   0364 47                  927 	.db #0x47	; 71	'G'
   0365 26                  928 	.db #0x26	; 38
   0366 0F                  929 	.db #0x0f	; 15
   0367 4E                  930 	.db #0x4e	; 78	'N'
   0368 1E                  931 	.db #0x1e	; 30
   0369 8C                  932 	.db #0x8c	; 140
   036A 2C                  933 	.db #0x2c	; 44
   036B 00                  934 	.db #0x00	; 0
   036C CC                  935 	.db #0xcc	; 204
   036D 00                  936 	.db #0x00	; 0
   036E 0E                  937 	.db #0x0e	; 14
   036F 00                  938 	.db #0x00	; 0
   0370 00                  939 	.db #0x00	; 0
   0371 00                  940 	.db #0x00	; 0
   0372 C0                  941 	.db #0xc0	; 192
   0373 C0                  942 	.db #0xc0	; 192
   0374 80                  943 	.db #0x80	; 128
   0375 C8                  944 	.db #0xc8	; 200
   0376 00                  945 	.db #0x00	; 0
   0377 D0                  946 	.db #0xd0	; 208
   0378 04                  947 	.db #0x04	; 4
   0379 20                  948 	.db #0x20	; 32
   037A 84                  949 	.db #0x84	; 132
   037B C0                  950 	.db #0xc0	; 192
   037C 88                  951 	.db #0x88	; 136
   037D 80                  952 	.db #0x80	; 128
   037E 90                  953 	.db #0x90	; 144
   037F 80                  954 	.db #0x80	; 128
   0380 20                  955 	.db #0x20	; 32
   0381 00                  956 	.db #0x00	; 0
   0382 C0                  957 	.db #0xc0	; 192
   0383 C0                  958 	.db #0xc0	; 192
   0384 C0                  959 	.db #0xc0	; 192
   0385 E0                  960 	.db #0xe0	; 224
   0386 E0                  961 	.db #0xe0	; 224
   0387 60                  962 	.db #0x60	; 96
   0388 E0                  963 	.db #0xe0	; 224
   0389 00                  964 	.db #0x00	; 0
   038A 60                  965 	.db #0x60	; 96
   038B 00                  966 	.db #0x00	; 0
   038C 60                  967 	.db #0x60	; 96
   038D 00                  968 	.db #0x00	; 0
   038E 70                  969 	.db #0x70	; 112	'p'
   038F 00                  970 	.db #0x00	; 0
   0390 00                  971 	.db #0x00	; 0
   0391 00                  972 	.db #0x00	; 0
   0392 03                  973 	.db #0x03	; 3
   0393 01                  974 	.db #0x01	; 1
   0394 06                  975 	.db #0x06	; 6
   0395 01                  976 	.db #0x01	; 1
   0396 06                  977 	.db #0x06	; 6
   0397 04                  978 	.db #0x04	; 4
   0398 07                  979 	.db #0x07	; 7
   0399 07                  980 	.db #0x07	; 7
   039A 0D                  981 	.db #0x0d	; 13
   039B 07                  982 	.db #0x07	; 7
   039C 1D                  983 	.db #0x1d	; 29
   039D 07                  984 	.db #0x07	; 7
   039E 1D                  985 	.db #0x1d	; 29
   039F 07                  986 	.db #0x07	; 7
   03A0 3E                  987 	.db #0x3e	; 62
   03A1 08                  988 	.db #0x08	; 8
   03A2 37                  989 	.db #0x37	; 55	'7'
   03A3 15                  990 	.db #0x15	; 21
   03A4 2F                  991 	.db #0x2f	; 47
   03A5 26                  992 	.db #0x26	; 38
   03A6 1F                  993 	.db #0x1f	; 31
   03A7 4E                  994 	.db #0x4e	; 78	'N'
   03A8 1E                  995 	.db #0x1e	; 30
   03A9 8C                  996 	.db #0x8c	; 140
   03AA 2C                  997 	.db #0x2c	; 44
   03AB 00                  998 	.db #0x00	; 0
   03AC CC                  999 	.db #0xcc	; 204
   03AD 00                 1000 	.db #0x00	; 0
   03AE 0E                 1001 	.db #0x0e	; 14
   03AF 00                 1002 	.db #0x00	; 0
   03B0 00                 1003 	.db #0x00	; 0
   03B1 00                 1004 	.db #0x00	; 0
   03B2 C0                 1005 	.db #0xc0	; 192
   03B3 C0                 1006 	.db #0xc0	; 192
   03B4 80                 1007 	.db #0x80	; 128
   03B5 C8                 1008 	.db #0xc8	; 200
   03B6 00                 1009 	.db #0x00	; 0
   03B7 D0                 1010 	.db #0xd0	; 208
   03B8 04                 1011 	.db #0x04	; 4
   03B9 20                 1012 	.db #0x20	; 32
   03BA 84                 1013 	.db #0x84	; 132
   03BB C0                 1014 	.db #0xc0	; 192
   03BC 88                 1015 	.db #0x88	; 136
   03BD 80                 1016 	.db #0x80	; 128
   03BE 90                 1017 	.db #0x90	; 144
   03BF 80                 1018 	.db #0x80	; 128
   03C0 20                 1019 	.db #0x20	; 32
   03C1 00                 1020 	.db #0x00	; 0
   03C2 C0                 1021 	.db #0xc0	; 192
   03C3 C0                 1022 	.db #0xc0	; 192
   03C4 C0                 1023 	.db #0xc0	; 192
   03C5 E0                 1024 	.db #0xe0	; 224
   03C6 E0                 1025 	.db #0xe0	; 224
   03C7 60                 1026 	.db #0x60	; 96
   03C8 E0                 1027 	.db #0xe0	; 224
   03C9 00                 1028 	.db #0x00	; 0
   03CA 60                 1029 	.db #0x60	; 96
   03CB 00                 1030 	.db #0x00	; 0
   03CC 60                 1031 	.db #0x60	; 96
   03CD 00                 1032 	.db #0x00	; 0
   03CE 70                 1033 	.db #0x70	; 112	'p'
   03CF                    1034 _archer_internal:
   03CF 10                 1035 	.db #0x10	; 16
   03D0 10                 1036 	.db #0x10	; 16
   03D1 0F                 1037 	.db #0x0f	; 15
   03D2r0Fr00              1038 	.dw _archer_tiles
   03D4r00r00              1039 	.dw _archerCGB
                           1040 	.area _CABS (ABS)
