                              1 ;--------------------------------------------------------
                              2 ; File Created by SDCC : free open source ANSI-C Compiler
                              3 ; Version 4.0.0 #11528 (MINGW32)
                              4 ;--------------------------------------------------------
                              5 	.module arrow_b3_gbr
                              6 	.optsdcc -mgbz80
                              7 	
                              8 ;--------------------------------------------------------
                              9 ; Public variables in this module
                             10 ;--------------------------------------------------------
                             11 	.globl _arrow_internal
                             12 	.globl _arrow_tiles
                             13 	.globl _empty
                             14 	.globl _arrow
                             15 ;--------------------------------------------------------
                             16 ; special function registers
                             17 ;--------------------------------------------------------
                             18 ;--------------------------------------------------------
                             19 ; ram data
                             20 ;--------------------------------------------------------
                             21 	.area _DATA
                             22 ;--------------------------------------------------------
                             23 ; CODE rom data
                             24 ;--------------------------------------------------------
                             25 	.area _CODE
   0000                      26 _arrow:
   0000 03                   27 	.db #0x03	; 3
   0001rA0r02                28 	.dw _arrow_internal
                             29 ;--------------------------------------------------------
                             30 ; absolute external ram data
                             31 ;--------------------------------------------------------
                             32 	.area _DABS (ABS)
                             33 ;--------------------------------------------------------
                             34 ; global & static initialisations
                             35 ;--------------------------------------------------------
                             36 	.area _HOME
                             37 	.area _GSINIT
                             38 	.area _GSFINAL
                             39 	.area _GSINIT
                             40 ;--------------------------------------------------------
                             41 ; Home
                             42 ;--------------------------------------------------------
                             43 	.area _HOME
                             44 ;../res/src/arrow.b3.gbr.c:3: void empty(void) __nonbanked {}
                             45 ;	---------------------------------
                             46 ; Function empty
                             47 ; ---------------------------------
   0000                      48 _empty::
   0000 C9                   49 	ret
                             50 	.area _HOME
                             51 ;--------------------------------------------------------
                             52 ; code
                             53 ;--------------------------------------------------------
                             54 	.area _CODE_3
                             55 	.area _CODE_3
   0000                      56 _arrow_tiles:
   0000 00                   57 	.db #0x00	; 0
   0001 00                   58 	.db #0x00	; 0
   0002 00                   59 	.db #0x00	; 0
   0003 00                   60 	.db #0x00	; 0
   0004 00                   61 	.db #0x00	; 0
   0005 00                   62 	.db #0x00	; 0
   0006 00                   63 	.db #0x00	; 0
   0007 00                   64 	.db #0x00	; 0
   0008 00                   65 	.db #0x00	; 0
   0009 00                   66 	.db #0x00	; 0
   000A C2                   67 	.db #0xc2	; 194
   000B 02                   68 	.db #0x02	; 2
   000C 03                   69 	.db #0x03	; 3
   000D FF                   70 	.db #0xff	; 255
   000E C2                   71 	.db #0xc2	; 194
   000F 02                   72 	.db #0x02	; 2
   0010 00                   73 	.db #0x00	; 0
   0011 00                   74 	.db #0x00	; 0
   0012 00                   75 	.db #0x00	; 0
   0013 00                   76 	.db #0x00	; 0
   0014 00                   77 	.db #0x00	; 0
   0015 00                   78 	.db #0x00	; 0
   0016 00                   79 	.db #0x00	; 0
   0017 00                   80 	.db #0x00	; 0
   0018 00                   81 	.db #0x00	; 0
   0019 00                   82 	.db #0x00	; 0
   001A 00                   83 	.db #0x00	; 0
   001B 00                   84 	.db #0x00	; 0
   001C 00                   85 	.db #0x00	; 0
   001D 00                   86 	.db #0x00	; 0
   001E 00                   87 	.db #0x00	; 0
   001F 00                   88 	.db #0x00	; 0
   0020 00                   89 	.db #0x00	; 0
   0021 00                   90 	.db #0x00	; 0
   0022 00                   91 	.db #0x00	; 0
   0023 00                   92 	.db #0x00	; 0
   0024 00                   93 	.db #0x00	; 0
   0025 00                   94 	.db #0x00	; 0
   0026 66                   95 	.db #0x66	; 102	'f'
   0027 00                   96 	.db #0x00	; 0
   0028 00                   97 	.db #0x00	; 0
   0029 00                   98 	.db #0x00	; 0
   002A AA                   99 	.db #0xaa	; 170
   002B 22                  100 	.db #0x22	; 34
   002C 55                  101 	.db #0x55	; 85	'U'
   002D FF                  102 	.db #0xff	; 255
   002E AA                  103 	.db #0xaa	; 170
   002F 88                  104 	.db #0x88	; 136
   0030 00                  105 	.db #0x00	; 0
   0031 00                  106 	.db #0x00	; 0
   0032 00                  107 	.db #0x00	; 0
   0033 00                  108 	.db #0x00	; 0
   0034 00                  109 	.db #0x00	; 0
   0035 00                  110 	.db #0x00	; 0
   0036 00                  111 	.db #0x00	; 0
   0037 00                  112 	.db #0x00	; 0
   0038 00                  113 	.db #0x00	; 0
   0039 00                  114 	.db #0x00	; 0
   003A 00                  115 	.db #0x00	; 0
   003B 00                  116 	.db #0x00	; 0
   003C 00                  117 	.db #0x00	; 0
   003D 00                  118 	.db #0x00	; 0
   003E 00                  119 	.db #0x00	; 0
   003F 00                  120 	.db #0x00	; 0
   0040 00                  121 	.db #0x00	; 0
   0041 00                  122 	.db #0x00	; 0
   0042 00                  123 	.db #0x00	; 0
   0043 00                  124 	.db #0x00	; 0
   0044 00                  125 	.db #0x00	; 0
   0045 00                  126 	.db #0x00	; 0
   0046 0C                  127 	.db #0x0c	; 12
   0047 0C                  128 	.db #0x0c	; 12
   0048 46                  129 	.db #0x46	; 70	'F'
   0049 46                  130 	.db #0x46	; 70	'F'
   004A 07                  131 	.db #0x07	; 7
   004B FF                  132 	.db #0xff	; 255
   004C 46                  133 	.db #0x46	; 70	'F'
   004D 46                  134 	.db #0x46	; 70	'F'
   004E 0C                  135 	.db #0x0c	; 12
   004F 0C                  136 	.db #0x0c	; 12
   0050 00                  137 	.db #0x00	; 0
   0051 00                  138 	.db #0x00	; 0
   0052 00                  139 	.db #0x00	; 0
   0053 00                  140 	.db #0x00	; 0
   0054 00                  141 	.db #0x00	; 0
   0055 00                  142 	.db #0x00	; 0
   0056 00                  143 	.db #0x00	; 0
   0057 00                  144 	.db #0x00	; 0
   0058 00                  145 	.db #0x00	; 0
   0059 00                  146 	.db #0x00	; 0
   005A 00                  147 	.db #0x00	; 0
   005B 00                  148 	.db #0x00	; 0
   005C 00                  149 	.db #0x00	; 0
   005D 00                  150 	.db #0x00	; 0
   005E 00                  151 	.db #0x00	; 0
   005F 00                  152 	.db #0x00	; 0
   0060 00                  153 	.db #0x00	; 0
   0061 00                  154 	.db #0x00	; 0
   0062 00                  155 	.db #0x00	; 0
   0063 00                  156 	.db #0x00	; 0
   0064 14                  157 	.db #0x14	; 20
   0065 00                  158 	.db #0x00	; 0
   0066 22                  159 	.db #0x22	; 34
   0067 04                  160 	.db #0x04	; 4
   0068 12                  161 	.db #0x12	; 18
   0069 20                  162 	.db #0x20	; 32
   006A 08                  163 	.db #0x08	; 8
   006B 02                  164 	.db #0x02	; 2
   006C 95                  165 	.db #0x95	; 149
   006D 08                  166 	.db #0x08	; 8
   006E 52                  167 	.db #0x52	; 82	'R'
   006F 85                  168 	.db #0x85	; 133
   0070 30                  169 	.db #0x30	; 48	'0'
   0071 42                  170 	.db #0x42	; 66	'B'
   0072 10                  171 	.db #0x10	; 16
   0073 20                  172 	.db #0x20	; 32
   0074 00                  173 	.db #0x00	; 0
   0075 00                  174 	.db #0x00	; 0
   0076 00                  175 	.db #0x00	; 0
   0077 00                  176 	.db #0x00	; 0
   0078 00                  177 	.db #0x00	; 0
   0079 00                  178 	.db #0x00	; 0
   007A 00                  179 	.db #0x00	; 0
   007B 00                  180 	.db #0x00	; 0
   007C 00                  181 	.db #0x00	; 0
   007D 00                  182 	.db #0x00	; 0
   007E 00                  183 	.db #0x00	; 0
   007F 00                  184 	.db #0x00	; 0
   0080 00                  185 	.db #0x00	; 0
   0081 00                  186 	.db #0x00	; 0
   0082 00                  187 	.db #0x00	; 0
   0083 00                  188 	.db #0x00	; 0
   0084 14                  189 	.db #0x14	; 20
   0085 00                  190 	.db #0x00	; 0
   0086 4C                  191 	.db #0x4c	; 76	'L'
   0087 00                  192 	.db #0x00	; 0
   0088 34                  193 	.db #0x34	; 52	'4'
   0089 0A                  194 	.db #0x0a	; 10
   008A 09                  195 	.db #0x09	; 9
   008B 0F                  196 	.db #0x0f	; 15
   008C 82                  197 	.db #0x82	; 130
   008D 07                  198 	.db #0x07	; 7
   008E 54                  199 	.db #0x54	; 84	'T'
   008F FF                  200 	.db #0xff	; 255
   0090 00                  201 	.db #0x00	; 0
   0091 00                  202 	.db #0x00	; 0
   0092 00                  203 	.db #0x00	; 0
   0093 00                  204 	.db #0x00	; 0
   0094 00                  205 	.db #0x00	; 0
   0095 00                  206 	.db #0x00	; 0
   0096 00                  207 	.db #0x00	; 0
   0097 00                  208 	.db #0x00	; 0
   0098 00                  209 	.db #0x00	; 0
   0099 00                  210 	.db #0x00	; 0
   009A 00                  211 	.db #0x00	; 0
   009B 00                  212 	.db #0x00	; 0
   009C 00                  213 	.db #0x00	; 0
   009D 00                  214 	.db #0x00	; 0
   009E 00                  215 	.db #0x00	; 0
   009F 00                  216 	.db #0x00	; 0
   00A0 03                  217 	.db #0x03	; 3
   00A1 03                  218 	.db #0x03	; 3
   00A2 01                  219 	.db #0x01	; 1
   00A3 03                  220 	.db #0x03	; 3
   00A4 00                  221 	.db #0x00	; 0
   00A5 04                  222 	.db #0x04	; 4
   00A6 00                  223 	.db #0x00	; 0
   00A7 08                  224 	.db #0x08	; 8
   00A8 00                  225 	.db #0x00	; 0
   00A9 10                  226 	.db #0x10	; 16
   00AA 40                  227 	.db #0x40	; 64
   00AB 20                  228 	.db #0x20	; 32
   00AC A0                  229 	.db #0xa0	; 160
   00AD 40                  230 	.db #0x40	; 64
   00AE 40                  231 	.db #0x40	; 64
   00AF 00                  232 	.db #0x00	; 0
   00B0 00                  233 	.db #0x00	; 0
   00B1 00                  234 	.db #0x00	; 0
   00B2 00                  235 	.db #0x00	; 0
   00B3 00                  236 	.db #0x00	; 0
   00B4 00                  237 	.db #0x00	; 0
   00B5 00                  238 	.db #0x00	; 0
   00B6 00                  239 	.db #0x00	; 0
   00B7 00                  240 	.db #0x00	; 0
   00B8 00                  241 	.db #0x00	; 0
   00B9 00                  242 	.db #0x00	; 0
   00BA 00                  243 	.db #0x00	; 0
   00BB 00                  244 	.db #0x00	; 0
   00BC 00                  245 	.db #0x00	; 0
   00BD 00                  246 	.db #0x00	; 0
   00BE 00                  247 	.db #0x00	; 0
   00BF 00                  248 	.db #0x00	; 0
   00C0 01                  249 	.db #0x01	; 1
   00C1 01                  250 	.db #0x01	; 1
   00C2 04                  251 	.db #0x04	; 4
   00C3 06                  252 	.db #0x06	; 6
   00C4 02                  253 	.db #0x02	; 2
   00C5 04                  254 	.db #0x04	; 4
   00C6 1C                  255 	.db #0x1c	; 28
   00C7 1C                  256 	.db #0x1c	; 28
   00C8 20                  257 	.db #0x20	; 32
   00C9 10                  258 	.db #0x10	; 16
   00CA 30                  259 	.db #0x30	; 48	'0'
   00CB 30                  260 	.db #0x30	; 48	'0'
   00CC A0                  261 	.db #0xa0	; 160
   00CD C0                  262 	.db #0xc0	; 192
   00CE 40                  263 	.db #0x40	; 64
   00CF C0                  264 	.db #0xc0	; 192
   00D0 80                  265 	.db #0x80	; 128
   00D1 80                  266 	.db #0x80	; 128
   00D2 00                  267 	.db #0x00	; 0
   00D3 00                  268 	.db #0x00	; 0
   00D4 00                  269 	.db #0x00	; 0
   00D5 00                  270 	.db #0x00	; 0
   00D6 00                  271 	.db #0x00	; 0
   00D7 00                  272 	.db #0x00	; 0
   00D8 00                  273 	.db #0x00	; 0
   00D9 00                  274 	.db #0x00	; 0
   00DA 00                  275 	.db #0x00	; 0
   00DB 00                  276 	.db #0x00	; 0
   00DC 00                  277 	.db #0x00	; 0
   00DD 00                  278 	.db #0x00	; 0
   00DE 00                  279 	.db #0x00	; 0
   00DF 00                  280 	.db #0x00	; 0
   00E0 0D                  281 	.db #0x0d	; 13
   00E1 0D                  282 	.db #0x0d	; 13
   00E2 1E                  283 	.db #0x1e	; 30
   00E3 1E                  284 	.db #0x1e	; 30
   00E4 23                  285 	.db #0x23	; 35
   00E5 27                  286 	.db #0x27	; 39
   00E6 03                  287 	.db #0x03	; 3
   00E7 0B                  288 	.db #0x0b	; 11
   00E8 02                  289 	.db #0x02	; 2
   00E9 12                  290 	.db #0x12	; 18
   00EA 84                  291 	.db #0x84	; 132
   00EB A4                  292 	.db #0xa4	; 164
   00EC 00                  293 	.db #0x00	; 0
   00ED 40                  294 	.db #0x40	; 64
   00EE 20                  295 	.db #0x20	; 32
   00EF A0                  296 	.db #0xa0	; 160
   00F0 00                  297 	.db #0x00	; 0
   00F1 00                  298 	.db #0x00	; 0
   00F2 00                  299 	.db #0x00	; 0
   00F3 00                  300 	.db #0x00	; 0
   00F4 00                  301 	.db #0x00	; 0
   00F5 00                  302 	.db #0x00	; 0
   00F6 00                  303 	.db #0x00	; 0
   00F7 00                  304 	.db #0x00	; 0
   00F8 00                  305 	.db #0x00	; 0
   00F9 00                  306 	.db #0x00	; 0
   00FA 00                  307 	.db #0x00	; 0
   00FB 00                  308 	.db #0x00	; 0
   00FC 00                  309 	.db #0x00	; 0
   00FD 00                  310 	.db #0x00	; 0
   00FE 00                  311 	.db #0x00	; 0
   00FF 00                  312 	.db #0x00	; 0
   0100 00                  313 	.db #0x00	; 0
   0101 01                  314 	.db #0x01	; 1
   0102 04                  315 	.db #0x04	; 4
   0103 02                  316 	.db #0x02	; 2
   0104 12                  317 	.db #0x12	; 18
   0105 01                  318 	.db #0x01	; 1
   0106 1A                  319 	.db #0x1a	; 26
   0107 01                  320 	.db #0x01	; 1
   0108 14                  321 	.db #0x14	; 20
   0109 0A                  322 	.db #0x0a	; 10
   010A 32                  323 	.db #0x32	; 50	'2'
   010B 08                  324 	.db #0x08	; 8
   010C 20                  325 	.db #0x20	; 32
   010D 19                  326 	.db #0x19	; 25
   010E 40                  327 	.db #0x40	; 64
   010F 28                  328 	.db #0x28	; 40
   0110 80                  329 	.db #0x80	; 128
   0111 40                  330 	.db #0x40	; 64
   0112 00                  331 	.db #0x00	; 0
   0113 00                  332 	.db #0x00	; 0
   0114 00                  333 	.db #0x00	; 0
   0115 00                  334 	.db #0x00	; 0
   0116 00                  335 	.db #0x00	; 0
   0117 00                  336 	.db #0x00	; 0
   0118 00                  337 	.db #0x00	; 0
   0119 00                  338 	.db #0x00	; 0
   011A 00                  339 	.db #0x00	; 0
   011B 00                  340 	.db #0x00	; 0
   011C 00                  341 	.db #0x00	; 0
   011D 00                  342 	.db #0x00	; 0
   011E 00                  343 	.db #0x00	; 0
   011F 00                  344 	.db #0x00	; 0
   0120 09                  345 	.db #0x09	; 9
   0121 17                  346 	.db #0x17	; 23
   0122 3C                  347 	.db #0x3c	; 60
   0123 06                  348 	.db #0x06	; 6
   0124 64                  349 	.db #0x64	; 100	'd'
   0125 1C                  350 	.db #0x1c	; 28
   0126 10                  351 	.db #0x10	; 16
   0127 08                  352 	.db #0x08	; 8
   0128 50                  353 	.db #0x50	; 80	'P'
   0129 10                  354 	.db #0x10	; 16
   012A 00                  355 	.db #0x00	; 0
   012B 60                  356 	.db #0x60	; 96
   012C 40                  357 	.db #0x40	; 64
   012D 40                  358 	.db #0x40	; 64
   012E 00                  359 	.db #0x00	; 0
   012F 80                  360 	.db #0x80	; 128
   0130 00                  361 	.db #0x00	; 0
   0131 00                  362 	.db #0x00	; 0
   0132 00                  363 	.db #0x00	; 0
   0133 00                  364 	.db #0x00	; 0
   0134 00                  365 	.db #0x00	; 0
   0135 00                  366 	.db #0x00	; 0
   0136 00                  367 	.db #0x00	; 0
   0137 00                  368 	.db #0x00	; 0
   0138 00                  369 	.db #0x00	; 0
   0139 00                  370 	.db #0x00	; 0
   013A 00                  371 	.db #0x00	; 0
   013B 00                  372 	.db #0x00	; 0
   013C 00                  373 	.db #0x00	; 0
   013D 00                  374 	.db #0x00	; 0
   013E 00                  375 	.db #0x00	; 0
   013F 00                  376 	.db #0x00	; 0
   0140 08                  377 	.db #0x08	; 8
   0141 08                  378 	.db #0x08	; 8
   0142 1C                  379 	.db #0x1c	; 28
   0143 1C                  380 	.db #0x1c	; 28
   0144 00                  381 	.db #0x00	; 0
   0145 08                  382 	.db #0x08	; 8
   0146 00                  383 	.db #0x00	; 0
   0147 08                  384 	.db #0x08	; 8
   0148 00                  385 	.db #0x00	; 0
   0149 08                  386 	.db #0x08	; 8
   014A 00                  387 	.db #0x00	; 0
   014B 08                  388 	.db #0x08	; 8
   014C 14                  389 	.db #0x14	; 20
   014D 08                  390 	.db #0x08	; 8
   014E 14                  391 	.db #0x14	; 20
   014F 08                  392 	.db #0x08	; 8
   0150 00                  393 	.db #0x00	; 0
   0151 00                  394 	.db #0x00	; 0
   0152 00                  395 	.db #0x00	; 0
   0153 00                  396 	.db #0x00	; 0
   0154 00                  397 	.db #0x00	; 0
   0155 00                  398 	.db #0x00	; 0
   0156 00                  399 	.db #0x00	; 0
   0157 00                  400 	.db #0x00	; 0
   0158 00                  401 	.db #0x00	; 0
   0159 00                  402 	.db #0x00	; 0
   015A 00                  403 	.db #0x00	; 0
   015B 00                  404 	.db #0x00	; 0
   015C 00                  405 	.db #0x00	; 0
   015D 00                  406 	.db #0x00	; 0
   015E 00                  407 	.db #0x00	; 0
   015F 00                  408 	.db #0x00	; 0
   0160 08                  409 	.db #0x08	; 8
   0161 08                  410 	.db #0x08	; 8
   0162 14                  411 	.db #0x14	; 20
   0163 18                  412 	.db #0x18	; 24
   0164 08                  413 	.db #0x08	; 8
   0165 08                  414 	.db #0x08	; 8
   0166 14                  415 	.db #0x14	; 20
   0167 0C                  416 	.db #0x0c	; 12
   0168 08                  417 	.db #0x08	; 8
   0169 08                  418 	.db #0x08	; 8
   016A 14                  419 	.db #0x14	; 20
   016B 18                  420 	.db #0x18	; 24
   016C 08                  421 	.db #0x08	; 8
   016D 08                  422 	.db #0x08	; 8
   016E 14                  423 	.db #0x14	; 20
   016F 18                  424 	.db #0x18	; 24
   0170 08                  425 	.db #0x08	; 8
   0171 08                  426 	.db #0x08	; 8
   0172 00                  427 	.db #0x00	; 0
   0173 00                  428 	.db #0x00	; 0
   0174 00                  429 	.db #0x00	; 0
   0175 00                  430 	.db #0x00	; 0
   0176 00                  431 	.db #0x00	; 0
   0177 00                  432 	.db #0x00	; 0
   0178 00                  433 	.db #0x00	; 0
   0179 00                  434 	.db #0x00	; 0
   017A 00                  435 	.db #0x00	; 0
   017B 00                  436 	.db #0x00	; 0
   017C 00                  437 	.db #0x00	; 0
   017D 00                  438 	.db #0x00	; 0
   017E 00                  439 	.db #0x00	; 0
   017F 00                  440 	.db #0x00	; 0
   0180 08                  441 	.db #0x08	; 8
   0181 08                  442 	.db #0x08	; 8
   0182 1C                  443 	.db #0x1c	; 28
   0183 1C                  444 	.db #0x1c	; 28
   0184 3E                  445 	.db #0x3e	; 62
   0185 3E                  446 	.db #0x3e	; 62
   0186 22                  447 	.db #0x22	; 34
   0187 2A                  448 	.db #0x2a	; 42
   0188 00                  449 	.db #0x00	; 0
   0189 08                  450 	.db #0x08	; 8
   018A 00                  451 	.db #0x00	; 0
   018B 08                  452 	.db #0x08	; 8
   018C 14                  453 	.db #0x14	; 20
   018D 1C                  454 	.db #0x1c	; 28
   018E 00                  455 	.db #0x00	; 0
   018F 08                  456 	.db #0x08	; 8
   0190 00                  457 	.db #0x00	; 0
   0191 00                  458 	.db #0x00	; 0
   0192 00                  459 	.db #0x00	; 0
   0193 00                  460 	.db #0x00	; 0
   0194 00                  461 	.db #0x00	; 0
   0195 00                  462 	.db #0x00	; 0
   0196 00                  463 	.db #0x00	; 0
   0197 00                  464 	.db #0x00	; 0
   0198 00                  465 	.db #0x00	; 0
   0199 00                  466 	.db #0x00	; 0
   019A 00                  467 	.db #0x00	; 0
   019B 00                  468 	.db #0x00	; 0
   019C 00                  469 	.db #0x00	; 0
   019D 00                  470 	.db #0x00	; 0
   019E 00                  471 	.db #0x00	; 0
   019F 00                  472 	.db #0x00	; 0
   01A0 08                  473 	.db #0x08	; 8
   01A1 04                  474 	.db #0x04	; 4
   01A2 04                  475 	.db #0x04	; 4
   01A3 02                  476 	.db #0x02	; 2
   01A4 08                  477 	.db #0x08	; 8
   01A5 04                  478 	.db #0x04	; 4
   01A6 10                  479 	.db #0x10	; 16
   01A7 08                  480 	.db #0x08	; 8
   01A8 0E                  481 	.db #0x0e	; 14
   01A9 01                  482 	.db #0x01	; 1
   01AA 04                  483 	.db #0x04	; 4
   01AB 02                  484 	.db #0x02	; 2
   01AC 08                  485 	.db #0x08	; 8
   01AD 04                  486 	.db #0x04	; 4
   01AE 10                  487 	.db #0x10	; 16
   01AF 08                  488 	.db #0x08	; 8
   01B0 00                  489 	.db #0x00	; 0
   01B1 00                  490 	.db #0x00	; 0
   01B2 00                  491 	.db #0x00	; 0
   01B3 00                  492 	.db #0x00	; 0
   01B4 00                  493 	.db #0x00	; 0
   01B5 00                  494 	.db #0x00	; 0
   01B6 00                  495 	.db #0x00	; 0
   01B7 00                  496 	.db #0x00	; 0
   01B8 00                  497 	.db #0x00	; 0
   01B9 00                  498 	.db #0x00	; 0
   01BA 00                  499 	.db #0x00	; 0
   01BB 00                  500 	.db #0x00	; 0
   01BC 00                  501 	.db #0x00	; 0
   01BD 00                  502 	.db #0x00	; 0
   01BE 00                  503 	.db #0x00	; 0
   01BF 00                  504 	.db #0x00	; 0
   01C0 20                  505 	.db #0x20	; 32
   01C1 38                  506 	.db #0x38	; 56	'8'
   01C2 90                  507 	.db #0x90	; 144
   01C3 78                  508 	.db #0x78	; 120	'x'
   01C4 28                  509 	.db #0x28	; 40
   01C5 18                  510 	.db #0x18	; 24
   01C6 D4                  511 	.db #0xd4	; 212
   01C7 08                  512 	.db #0x08	; 8
   01C8 0C                  513 	.db #0x0c	; 12
   01C9 08                  514 	.db #0x08	; 8
   01CA 60                  515 	.db #0x60	; 96
   01CB 18                  516 	.db #0x18	; 24
   01CC 08                  517 	.db #0x08	; 8
   01CD 08                  518 	.db #0x08	; 8
   01CE 00                  519 	.db #0x00	; 0
   01CF 08                  520 	.db #0x08	; 8
   01D0 00                  521 	.db #0x00	; 0
   01D1 08                  522 	.db #0x08	; 8
   01D2 00                  523 	.db #0x00	; 0
   01D3 00                  524 	.db #0x00	; 0
   01D4 00                  525 	.db #0x00	; 0
   01D5 00                  526 	.db #0x00	; 0
   01D6 00                  527 	.db #0x00	; 0
   01D7 00                  528 	.db #0x00	; 0
   01D8 00                  529 	.db #0x00	; 0
   01D9 00                  530 	.db #0x00	; 0
   01DA 00                  531 	.db #0x00	; 0
   01DB 00                  532 	.db #0x00	; 0
   01DC 00                  533 	.db #0x00	; 0
   01DD 00                  534 	.db #0x00	; 0
   01DE 00                  535 	.db #0x00	; 0
   01DF 00                  536 	.db #0x00	; 0
   01E0 14                  537 	.db #0x14	; 20
   01E1 08                  538 	.db #0x08	; 8
   01E2 14                  539 	.db #0x14	; 20
   01E3 08                  540 	.db #0x08	; 8
   01E4 00                  541 	.db #0x00	; 0
   01E5 08                  542 	.db #0x08	; 8
   01E6 00                  543 	.db #0x00	; 0
   01E7 08                  544 	.db #0x08	; 8
   01E8 00                  545 	.db #0x00	; 0
   01E9 08                  546 	.db #0x08	; 8
   01EA 00                  547 	.db #0x00	; 0
   01EB 08                  548 	.db #0x08	; 8
   01EC 1C                  549 	.db #0x1c	; 28
   01ED 1C                  550 	.db #0x1c	; 28
   01EE 08                  551 	.db #0x08	; 8
   01EF 08                  552 	.db #0x08	; 8
   01F0 00                  553 	.db #0x00	; 0
   01F1 00                  554 	.db #0x00	; 0
   01F2 00                  555 	.db #0x00	; 0
   01F3 00                  556 	.db #0x00	; 0
   01F4 00                  557 	.db #0x00	; 0
   01F5 00                  558 	.db #0x00	; 0
   01F6 00                  559 	.db #0x00	; 0
   01F7 00                  560 	.db #0x00	; 0
   01F8 00                  561 	.db #0x00	; 0
   01F9 00                  562 	.db #0x00	; 0
   01FA 00                  563 	.db #0x00	; 0
   01FB 00                  564 	.db #0x00	; 0
   01FC 00                  565 	.db #0x00	; 0
   01FD 00                  566 	.db #0x00	; 0
   01FE 00                  567 	.db #0x00	; 0
   01FF 00                  568 	.db #0x00	; 0
   0200 08                  569 	.db #0x08	; 8
   0201 08                  570 	.db #0x08	; 8
   0202 14                  571 	.db #0x14	; 20
   0203 18                  572 	.db #0x18	; 24
   0204 08                  573 	.db #0x08	; 8
   0205 08                  574 	.db #0x08	; 8
   0206 14                  575 	.db #0x14	; 20
   0207 18                  576 	.db #0x18	; 24
   0208 08                  577 	.db #0x08	; 8
   0209 08                  578 	.db #0x08	; 8
   020A 14                  579 	.db #0x14	; 20
   020B 0C                  580 	.db #0x0c	; 12
   020C 08                  581 	.db #0x08	; 8
   020D 08                  582 	.db #0x08	; 8
   020E 14                  583 	.db #0x14	; 20
   020F 18                  584 	.db #0x18	; 24
   0210 08                  585 	.db #0x08	; 8
   0211 08                  586 	.db #0x08	; 8
   0212 00                  587 	.db #0x00	; 0
   0213 00                  588 	.db #0x00	; 0
   0214 00                  589 	.db #0x00	; 0
   0215 00                  590 	.db #0x00	; 0
   0216 00                  591 	.db #0x00	; 0
   0217 00                  592 	.db #0x00	; 0
   0218 00                  593 	.db #0x00	; 0
   0219 00                  594 	.db #0x00	; 0
   021A 00                  595 	.db #0x00	; 0
   021B 00                  596 	.db #0x00	; 0
   021C 00                  597 	.db #0x00	; 0
   021D 00                  598 	.db #0x00	; 0
   021E 00                  599 	.db #0x00	; 0
   021F 00                  600 	.db #0x00	; 0
   0220 00                  601 	.db #0x00	; 0
   0221 08                  602 	.db #0x08	; 8
   0222 14                  603 	.db #0x14	; 20
   0223 1C                  604 	.db #0x1c	; 28
   0224 00                  605 	.db #0x00	; 0
   0225 08                  606 	.db #0x08	; 8
   0226 00                  607 	.db #0x00	; 0
   0227 08                  608 	.db #0x08	; 8
   0228 22                  609 	.db #0x22	; 34
   0229 2A                  610 	.db #0x2a	; 42
   022A 3E                  611 	.db #0x3e	; 62
   022B 3E                  612 	.db #0x3e	; 62
   022C 1C                  613 	.db #0x1c	; 28
   022D 1C                  614 	.db #0x1c	; 28
   022E 08                  615 	.db #0x08	; 8
   022F 08                  616 	.db #0x08	; 8
   0230 00                  617 	.db #0x00	; 0
   0231 00                  618 	.db #0x00	; 0
   0232 00                  619 	.db #0x00	; 0
   0233 00                  620 	.db #0x00	; 0
   0234 00                  621 	.db #0x00	; 0
   0235 00                  622 	.db #0x00	; 0
   0236 00                  623 	.db #0x00	; 0
   0237 00                  624 	.db #0x00	; 0
   0238 00                  625 	.db #0x00	; 0
   0239 00                  626 	.db #0x00	; 0
   023A 00                  627 	.db #0x00	; 0
   023B 00                  628 	.db #0x00	; 0
   023C 00                  629 	.db #0x00	; 0
   023D 00                  630 	.db #0x00	; 0
   023E 00                  631 	.db #0x00	; 0
   023F 00                  632 	.db #0x00	; 0
   0240 10                  633 	.db #0x10	; 16
   0241 08                  634 	.db #0x08	; 8
   0242 08                  635 	.db #0x08	; 8
   0243 04                  636 	.db #0x04	; 4
   0244 04                  637 	.db #0x04	; 4
   0245 02                  638 	.db #0x02	; 2
   0246 0E                  639 	.db #0x0e	; 14
   0247 01                  640 	.db #0x01	; 1
   0248 10                  641 	.db #0x10	; 16
   0249 08                  642 	.db #0x08	; 8
   024A 08                  643 	.db #0x08	; 8
   024B 04                  644 	.db #0x04	; 4
   024C 04                  645 	.db #0x04	; 4
   024D 02                  646 	.db #0x02	; 2
   024E 08                  647 	.db #0x08	; 8
   024F 04                  648 	.db #0x04	; 4
   0250 00                  649 	.db #0x00	; 0
   0251 00                  650 	.db #0x00	; 0
   0252 00                  651 	.db #0x00	; 0
   0253 00                  652 	.db #0x00	; 0
   0254 00                  653 	.db #0x00	; 0
   0255 00                  654 	.db #0x00	; 0
   0256 00                  655 	.db #0x00	; 0
   0257 00                  656 	.db #0x00	; 0
   0258 00                  657 	.db #0x00	; 0
   0259 00                  658 	.db #0x00	; 0
   025A 00                  659 	.db #0x00	; 0
   025B 00                  660 	.db #0x00	; 0
   025C 00                  661 	.db #0x00	; 0
   025D 00                  662 	.db #0x00	; 0
   025E 00                  663 	.db #0x00	; 0
   025F 00                  664 	.db #0x00	; 0
   0260 00                  665 	.db #0x00	; 0
   0261 08                  666 	.db #0x08	; 8
   0262 00                  667 	.db #0x00	; 0
   0263 08                  668 	.db #0x08	; 8
   0264 08                  669 	.db #0x08	; 8
   0265 08                  670 	.db #0x08	; 8
   0266 60                  671 	.db #0x60	; 96
   0267 18                  672 	.db #0x18	; 24
   0268 0C                  673 	.db #0x0c	; 12
   0269 08                  674 	.db #0x08	; 8
   026A D4                  675 	.db #0xd4	; 212
   026B 08                  676 	.db #0x08	; 8
   026C 28                  677 	.db #0x28	; 40
   026D 18                  678 	.db #0x18	; 24
   026E 90                  679 	.db #0x90	; 144
   026F 78                  680 	.db #0x78	; 120	'x'
   0270 20                  681 	.db #0x20	; 32
   0271 38                  682 	.db #0x38	; 56	'8'
   0272 00                  683 	.db #0x00	; 0
   0273 00                  684 	.db #0x00	; 0
   0274 00                  685 	.db #0x00	; 0
   0275 00                  686 	.db #0x00	; 0
   0276 00                  687 	.db #0x00	; 0
   0277 00                  688 	.db #0x00	; 0
   0278 00                  689 	.db #0x00	; 0
   0279 00                  690 	.db #0x00	; 0
   027A 00                  691 	.db #0x00	; 0
   027B 00                  692 	.db #0x00	; 0
   027C 00                  693 	.db #0x00	; 0
   027D 00                  694 	.db #0x00	; 0
   027E 00                  695 	.db #0x00	; 0
   027F 00                  696 	.db #0x00	; 0
   0280 00                  697 	.db #0x00	; 0
   0281 00                  698 	.db #0x00	; 0
   0282 00                  699 	.db #0x00	; 0
   0283 00                  700 	.db #0x00	; 0
   0284 00                  701 	.db #0x00	; 0
   0285 00                  702 	.db #0x00	; 0
   0286 00                  703 	.db #0x00	; 0
   0287 00                  704 	.db #0x00	; 0
   0288 40                  705 	.db #0x40	; 64
   0289 00                  706 	.db #0x00	; 0
   028A 38                  707 	.db #0x38	; 56	'8'
   028B 46                  708 	.db #0x46	; 70	'F'
   028C 20                  709 	.db #0x20	; 32
   028D 40                  710 	.db #0x40	; 64
   028E 00                  711 	.db #0x00	; 0
   028F 00                  712 	.db #0x00	; 0
   0290 00                  713 	.db #0x00	; 0
   0291 00                  714 	.db #0x00	; 0
   0292 00                  715 	.db #0x00	; 0
   0293 00                  716 	.db #0x00	; 0
   0294 00                  717 	.db #0x00	; 0
   0295 00                  718 	.db #0x00	; 0
   0296 00                  719 	.db #0x00	; 0
   0297 00                  720 	.db #0x00	; 0
   0298 00                  721 	.db #0x00	; 0
   0299 00                  722 	.db #0x00	; 0
   029A 00                  723 	.db #0x00	; 0
   029B 00                  724 	.db #0x00	; 0
   029C 00                  725 	.db #0x00	; 0
   029D 00                  726 	.db #0x00	; 0
   029E 00                  727 	.db #0x00	; 0
   029F 00                  728 	.db #0x00	; 0
   02A0                     729 _arrow_internal:
   02A0 08                  730 	.db #0x08	; 8
   02A1 10                  731 	.db #0x10	; 16
   02A2 15                  732 	.db #0x15	; 21
   02A3r00r00               733 	.dw _arrow_tiles
   02A5 00 00               734 	.dw #0x0000
                            735 	.area _CABS (ABS)
