                              1 ;--------------------------------------------------------
                              2 ; File Created by SDCC : free open source ANSI-C Compiler
                              3 ; Version 4.0.0 #11528 (MINGW32)
                              4 ;--------------------------------------------------------
                              5 	.module font_gbr
                              6 	.optsdcc -mgbz80
                              7 	
                              8 ;--------------------------------------------------------
                              9 ; Public variables in this module
                             10 ;--------------------------------------------------------
                             11 	.globl _font_internal
                             12 	.globl _font_tiles
                             13 	.globl _empty
                             14 	.globl _font
                             15 ;--------------------------------------------------------
                             16 ; special function registers
                             17 ;--------------------------------------------------------
                             18 ;--------------------------------------------------------
                             19 ; ram data
                             20 ;--------------------------------------------------------
                             21 	.area _DATA
                             22 ;--------------------------------------------------------
                             23 ; CODE rom data
                             24 ;--------------------------------------------------------
                             25 	.area _CODE
   0000                      26 _font:
   0000 00                   27 	.db #0x00	; 0
   0001r50r03                28 	.dw _font_internal
                             29 ;--------------------------------------------------------
                             30 ; absolute external ram data
                             31 ;--------------------------------------------------------
                             32 	.area _DABS (ABS)
                             33 ;--------------------------------------------------------
                             34 ; global & static initialisations
                             35 ;--------------------------------------------------------
                             36 	.area _HOME
                             37 	.area _GSINIT
                             38 	.area _GSFINAL
                             39 	.area _GSINIT
                             40 ;--------------------------------------------------------
                             41 ; Home
                             42 ;--------------------------------------------------------
                             43 	.area _HOME
                             44 ;../res/src/font.gbr.c:3: void empty(void) __nonbanked {}
                             45 ;	---------------------------------
                             46 ; Function empty
                             47 ; ---------------------------------
   0000                      48 _empty::
   0000 C9                   49 	ret
                             50 	.area _HOME
                             51 ;--------------------------------------------------------
                             52 ; code
                             53 ;--------------------------------------------------------
                             54 	.area _CODE_0
                             55 	.area _CODE_0
   0000                      56 _font_tiles:
   0000 00                   57 	.db #0x00	; 0
   0001 00                   58 	.db #0x00	; 0
   0002 00                   59 	.db #0x00	; 0
   0003 00                   60 	.db #0x00	; 0
   0004 00                   61 	.db #0x00	; 0
   0005 00                   62 	.db #0x00	; 0
   0006 00                   63 	.db #0x00	; 0
   0007 00                   64 	.db #0x00	; 0
   0008 00                   65 	.db #0x00	; 0
   0009 00                   66 	.db #0x00	; 0
   000A 00                   67 	.db #0x00	; 0
   000B 00                   68 	.db #0x00	; 0
   000C 00                   69 	.db #0x00	; 0
   000D 00                   70 	.db #0x00	; 0
   000E 00                   71 	.db #0x00	; 0
   000F 00                   72 	.db #0x00	; 0
   0010 00                   73 	.db #0x00	; 0
   0011 00                   74 	.db #0x00	; 0
   0012 18                   75 	.db #0x18	; 24
   0013 18                   76 	.db #0x18	; 24
   0014 3C                   77 	.db #0x3c	; 60
   0015 24                   78 	.db #0x24	; 36
   0016 66                   79 	.db #0x66	; 102	'f'
   0017 42                   80 	.db #0x42	; 66	'B'
   0018 7E                   81 	.db #0x7e	; 126
   0019 7E                   82 	.db #0x7e	; 126
   001A 7E                   83 	.db #0x7e	; 126
   001B 42                   84 	.db #0x42	; 66	'B'
   001C 42                   85 	.db #0x42	; 66	'B'
   001D 42                   86 	.db #0x42	; 66	'B'
   001E 00                   87 	.db #0x00	; 0
   001F 00                   88 	.db #0x00	; 0
   0020 00                   89 	.db #0x00	; 0
   0021 00                   90 	.db #0x00	; 0
   0022 7C                   91 	.db #0x7c	; 124
   0023 7C                   92 	.db #0x7c	; 124
   0024 7E                   93 	.db #0x7e	; 126
   0025 42                   94 	.db #0x42	; 66	'B'
   0026 7E                   95 	.db #0x7e	; 126
   0027 7C                   96 	.db #0x7c	; 124
   0028 7E                   97 	.db #0x7e	; 126
   0029 42                   98 	.db #0x42	; 66	'B'
   002A 42                   99 	.db #0x42	; 66	'B'
   002B 42                  100 	.db #0x42	; 66	'B'
   002C 7E                  101 	.db #0x7e	; 126
   002D 7C                  102 	.db #0x7c	; 124
   002E 00                  103 	.db #0x00	; 0
   002F 00                  104 	.db #0x00	; 0
   0030 00                  105 	.db #0x00	; 0
   0031 00                  106 	.db #0x00	; 0
   0032 3C                  107 	.db #0x3c	; 60
   0033 3C                  108 	.db #0x3c	; 60
   0034 7E                  109 	.db #0x7e	; 126
   0035 42                  110 	.db #0x42	; 66	'B'
   0036 42                  111 	.db #0x42	; 66	'B'
   0037 40                  112 	.db #0x40	; 64
   0038 40                  113 	.db #0x40	; 64
   0039 40                  114 	.db #0x40	; 64
   003A 42                  115 	.db #0x42	; 66	'B'
   003B 42                  116 	.db #0x42	; 66	'B'
   003C 7E                  117 	.db #0x7e	; 126
   003D 3C                  118 	.db #0x3c	; 60
   003E 00                  119 	.db #0x00	; 0
   003F 00                  120 	.db #0x00	; 0
   0040 00                  121 	.db #0x00	; 0
   0041 00                  122 	.db #0x00	; 0
   0042 78                  123 	.db #0x78	; 120	'x'
   0043 78                  124 	.db #0x78	; 120	'x'
   0044 7C                  125 	.db #0x7c	; 124
   0045 44                  126 	.db #0x44	; 68	'D'
   0046 46                  127 	.db #0x46	; 70	'F'
   0047 42                  128 	.db #0x42	; 66	'B'
   0048 42                  129 	.db #0x42	; 66	'B'
   0049 42                  130 	.db #0x42	; 66	'B'
   004A 46                  131 	.db #0x46	; 70	'F'
   004B 44                  132 	.db #0x44	; 68	'D'
   004C 7C                  133 	.db #0x7c	; 124
   004D 78                  134 	.db #0x78	; 120	'x'
   004E 00                  135 	.db #0x00	; 0
   004F 00                  136 	.db #0x00	; 0
   0050 00                  137 	.db #0x00	; 0
   0051 00                  138 	.db #0x00	; 0
   0052 7E                  139 	.db #0x7e	; 126
   0053 7E                  140 	.db #0x7e	; 126
   0054 7E                  141 	.db #0x7e	; 126
   0055 40                  142 	.db #0x40	; 64
   0056 78                  143 	.db #0x78	; 120	'x'
   0057 78                  144 	.db #0x78	; 120	'x'
   0058 78                  145 	.db #0x78	; 120	'x'
   0059 40                  146 	.db #0x40	; 64
   005A 40                  147 	.db #0x40	; 64
   005B 40                  148 	.db #0x40	; 64
   005C 7E                  149 	.db #0x7e	; 126
   005D 7E                  150 	.db #0x7e	; 126
   005E 00                  151 	.db #0x00	; 0
   005F 00                  152 	.db #0x00	; 0
   0060 00                  153 	.db #0x00	; 0
   0061 00                  154 	.db #0x00	; 0
   0062 7E                  155 	.db #0x7e	; 126
   0063 7E                  156 	.db #0x7e	; 126
   0064 7E                  157 	.db #0x7e	; 126
   0065 40                  158 	.db #0x40	; 64
   0066 70                  159 	.db #0x70	; 112	'p'
   0067 70                  160 	.db #0x70	; 112	'p'
   0068 70                  161 	.db #0x70	; 112	'p'
   0069 40                  162 	.db #0x40	; 64
   006A 40                  163 	.db #0x40	; 64
   006B 40                  164 	.db #0x40	; 64
   006C 40                  165 	.db #0x40	; 64
   006D 40                  166 	.db #0x40	; 64
   006E 00                  167 	.db #0x00	; 0
   006F 00                  168 	.db #0x00	; 0
   0070 00                  169 	.db #0x00	; 0
   0071 00                  170 	.db #0x00	; 0
   0072 3E                  171 	.db #0x3e	; 62
   0073 3E                  172 	.db #0x3e	; 62
   0074 7E                  173 	.db #0x7e	; 126
   0075 40                  174 	.db #0x40	; 64
   0076 46                  175 	.db #0x46	; 70	'F'
   0077 46                  176 	.db #0x46	; 70	'F'
   0078 46                  177 	.db #0x46	; 70	'F'
   0079 42                  178 	.db #0x42	; 66	'B'
   007A 42                  179 	.db #0x42	; 66	'B'
   007B 42                  180 	.db #0x42	; 66	'B'
   007C 7E                  181 	.db #0x7e	; 126
   007D 7C                  182 	.db #0x7c	; 124
   007E 00                  183 	.db #0x00	; 0
   007F 00                  184 	.db #0x00	; 0
   0080 00                  185 	.db #0x00	; 0
   0081 00                  186 	.db #0x00	; 0
   0082 42                  187 	.db #0x42	; 66	'B'
   0083 42                  188 	.db #0x42	; 66	'B'
   0084 42                  189 	.db #0x42	; 66	'B'
   0085 42                  190 	.db #0x42	; 66	'B'
   0086 7E                  191 	.db #0x7e	; 126
   0087 7E                  192 	.db #0x7e	; 126
   0088 7E                  193 	.db #0x7e	; 126
   0089 42                  194 	.db #0x42	; 66	'B'
   008A 42                  195 	.db #0x42	; 66	'B'
   008B 42                  196 	.db #0x42	; 66	'B'
   008C 42                  197 	.db #0x42	; 66	'B'
   008D 42                  198 	.db #0x42	; 66	'B'
   008E 00                  199 	.db #0x00	; 0
   008F 00                  200 	.db #0x00	; 0
   0090 00                  201 	.db #0x00	; 0
   0091 00                  202 	.db #0x00	; 0
   0092 7E                  203 	.db #0x7e	; 126
   0093 7E                  204 	.db #0x7e	; 126
   0094 7E                  205 	.db #0x7e	; 126
   0095 10                  206 	.db #0x10	; 16
   0096 10                  207 	.db #0x10	; 16
   0097 10                  208 	.db #0x10	; 16
   0098 10                  209 	.db #0x10	; 16
   0099 10                  210 	.db #0x10	; 16
   009A 10                  211 	.db #0x10	; 16
   009B 10                  212 	.db #0x10	; 16
   009C 7E                  213 	.db #0x7e	; 126
   009D 7E                  214 	.db #0x7e	; 126
   009E 00                  215 	.db #0x00	; 0
   009F 00                  216 	.db #0x00	; 0
   00A0 00                  217 	.db #0x00	; 0
   00A1 00                  218 	.db #0x00	; 0
   00A2 7E                  219 	.db #0x7e	; 126
   00A3 7E                  220 	.db #0x7e	; 126
   00A4 7E                  221 	.db #0x7e	; 126
   00A5 08                  222 	.db #0x08	; 8
   00A6 08                  223 	.db #0x08	; 8
   00A7 08                  224 	.db #0x08	; 8
   00A8 08                  225 	.db #0x08	; 8
   00A9 08                  226 	.db #0x08	; 8
   00AA 48                  227 	.db #0x48	; 72	'H'
   00AB 48                  228 	.db #0x48	; 72	'H'
   00AC 78                  229 	.db #0x78	; 120	'x'
   00AD 30                  230 	.db #0x30	; 48	'0'
   00AE 00                  231 	.db #0x00	; 0
   00AF 00                  232 	.db #0x00	; 0
   00B0 00                  233 	.db #0x00	; 0
   00B1 00                  234 	.db #0x00	; 0
   00B2 46                  235 	.db #0x46	; 70	'F'
   00B3 46                  236 	.db #0x46	; 70	'F'
   00B4 5E                  237 	.db #0x5e	; 94
   00B5 58                  238 	.db #0x58	; 88	'X'
   00B6 78                  239 	.db #0x78	; 120	'x'
   00B7 60                  240 	.db #0x60	; 96
   00B8 70                  241 	.db #0x70	; 112	'p'
   00B9 50                  242 	.db #0x50	; 80	'P'
   00BA 5C                  243 	.db #0x5c	; 92
   00BB 4C                  244 	.db #0x4c	; 76	'L'
   00BC 4E                  245 	.db #0x4e	; 78	'N'
   00BD 42                  246 	.db #0x42	; 66	'B'
   00BE 00                  247 	.db #0x00	; 0
   00BF 00                  248 	.db #0x00	; 0
   00C0 00                  249 	.db #0x00	; 0
   00C1 00                  250 	.db #0x00	; 0
   00C2 40                  251 	.db #0x40	; 64
   00C3 40                  252 	.db #0x40	; 64
   00C4 40                  253 	.db #0x40	; 64
   00C5 40                  254 	.db #0x40	; 64
   00C6 40                  255 	.db #0x40	; 64
   00C7 40                  256 	.db #0x40	; 64
   00C8 40                  257 	.db #0x40	; 64
   00C9 40                  258 	.db #0x40	; 64
   00CA 40                  259 	.db #0x40	; 64
   00CB 40                  260 	.db #0x40	; 64
   00CC 7E                  261 	.db #0x7e	; 126
   00CD 7E                  262 	.db #0x7e	; 126
   00CE 00                  263 	.db #0x00	; 0
   00CF 00                  264 	.db #0x00	; 0
   00D0 00                  265 	.db #0x00	; 0
   00D1 00                  266 	.db #0x00	; 0
   00D2 42                  267 	.db #0x42	; 66	'B'
   00D3 42                  268 	.db #0x42	; 66	'B'
   00D4 66                  269 	.db #0x66	; 102	'f'
   00D5 66                  270 	.db #0x66	; 102	'f'
   00D6 7E                  271 	.db #0x7e	; 126
   00D7 5A                  272 	.db #0x5a	; 90	'Z'
   00D8 5A                  273 	.db #0x5a	; 90	'Z'
   00D9 42                  274 	.db #0x42	; 66	'B'
   00DA 42                  275 	.db #0x42	; 66	'B'
   00DB 42                  276 	.db #0x42	; 66	'B'
   00DC 42                  277 	.db #0x42	; 66	'B'
   00DD 42                  278 	.db #0x42	; 66	'B'
   00DE 00                  279 	.db #0x00	; 0
   00DF 00                  280 	.db #0x00	; 0
   00E0 00                  281 	.db #0x00	; 0
   00E1 00                  282 	.db #0x00	; 0
   00E2 42                  283 	.db #0x42	; 66	'B'
   00E3 42                  284 	.db #0x42	; 66	'B'
   00E4 62                  285 	.db #0x62	; 98	'b'
   00E5 62                  286 	.db #0x62	; 98	'b'
   00E6 72                  287 	.db #0x72	; 114	'r'
   00E7 52                  288 	.db #0x52	; 82	'R'
   00E8 5A                  289 	.db #0x5a	; 90	'Z'
   00E9 4A                  290 	.db #0x4a	; 74	'J'
   00EA 4E                  291 	.db #0x4e	; 78	'N'
   00EB 46                  292 	.db #0x46	; 70	'F'
   00EC 46                  293 	.db #0x46	; 70	'F'
   00ED 42                  294 	.db #0x42	; 66	'B'
   00EE 00                  295 	.db #0x00	; 0
   00EF 00                  296 	.db #0x00	; 0
   00F0 00                  297 	.db #0x00	; 0
   00F1 00                  298 	.db #0x00	; 0
   00F2 3C                  299 	.db #0x3c	; 60
   00F3 3C                  300 	.db #0x3c	; 60
   00F4 7E                  301 	.db #0x7e	; 126
   00F5 42                  302 	.db #0x42	; 66	'B'
   00F6 42                  303 	.db #0x42	; 66	'B'
   00F7 42                  304 	.db #0x42	; 66	'B'
   00F8 42                  305 	.db #0x42	; 66	'B'
   00F9 42                  306 	.db #0x42	; 66	'B'
   00FA 42                  307 	.db #0x42	; 66	'B'
   00FB 42                  308 	.db #0x42	; 66	'B'
   00FC 7E                  309 	.db #0x7e	; 126
   00FD 3C                  310 	.db #0x3c	; 60
   00FE 00                  311 	.db #0x00	; 0
   00FF 00                  312 	.db #0x00	; 0
   0100 00                  313 	.db #0x00	; 0
   0101 00                  314 	.db #0x00	; 0
   0102 7C                  315 	.db #0x7c	; 124
   0103 7C                  316 	.db #0x7c	; 124
   0104 7E                  317 	.db #0x7e	; 126
   0105 42                  318 	.db #0x42	; 66	'B'
   0106 42                  319 	.db #0x42	; 66	'B'
   0107 42                  320 	.db #0x42	; 66	'B'
   0108 7E                  321 	.db #0x7e	; 126
   0109 7C                  322 	.db #0x7c	; 124
   010A 7C                  323 	.db #0x7c	; 124
   010B 40                  324 	.db #0x40	; 64
   010C 40                  325 	.db #0x40	; 64
   010D 40                  326 	.db #0x40	; 64
   010E 00                  327 	.db #0x00	; 0
   010F 00                  328 	.db #0x00	; 0
   0110 00                  329 	.db #0x00	; 0
   0111 00                  330 	.db #0x00	; 0
   0112 3C                  331 	.db #0x3c	; 60
   0113 3C                  332 	.db #0x3c	; 60
   0114 7E                  333 	.db #0x7e	; 126
   0115 42                  334 	.db #0x42	; 66	'B'
   0116 42                  335 	.db #0x42	; 66	'B'
   0117 42                  336 	.db #0x42	; 66	'B'
   0118 42                  337 	.db #0x42	; 66	'B'
   0119 42                  338 	.db #0x42	; 66	'B'
   011A 4A                  339 	.db #0x4a	; 74	'J'
   011B 4A                  340 	.db #0x4a	; 74	'J'
   011C 7E                  341 	.db #0x7e	; 126
   011D 3C                  342 	.db #0x3c	; 60
   011E 06                  343 	.db #0x06	; 6
   011F 06                  344 	.db #0x06	; 6
   0120 00                  345 	.db #0x00	; 0
   0121 00                  346 	.db #0x00	; 0
   0122 7C                  347 	.db #0x7c	; 124
   0123 7C                  348 	.db #0x7c	; 124
   0124 7E                  349 	.db #0x7e	; 126
   0125 42                  350 	.db #0x42	; 66	'B'
   0126 7E                  351 	.db #0x7e	; 126
   0127 7C                  352 	.db #0x7c	; 124
   0128 7C                  353 	.db #0x7c	; 124
   0129 48                  354 	.db #0x48	; 72	'H'
   012A 4C                  355 	.db #0x4c	; 76	'L'
   012B 44                  356 	.db #0x44	; 68	'D'
   012C 46                  357 	.db #0x46	; 70	'F'
   012D 42                  358 	.db #0x42	; 66	'B'
   012E 00                  359 	.db #0x00	; 0
   012F 00                  360 	.db #0x00	; 0
   0130 00                  361 	.db #0x00	; 0
   0131 00                  362 	.db #0x00	; 0
   0132 3E                  363 	.db #0x3e	; 62
   0133 3E                  364 	.db #0x3e	; 62
   0134 7E                  365 	.db #0x7e	; 126
   0135 40                  366 	.db #0x40	; 64
   0136 7C                  367 	.db #0x7c	; 124
   0137 7C                  368 	.db #0x7c	; 124
   0138 7E                  369 	.db #0x7e	; 126
   0139 02                  370 	.db #0x02	; 2
   013A 42                  371 	.db #0x42	; 66	'B'
   013B 42                  372 	.db #0x42	; 66	'B'
   013C 7E                  373 	.db #0x7e	; 126
   013D 3C                  374 	.db #0x3c	; 60
   013E 00                  375 	.db #0x00	; 0
   013F 00                  376 	.db #0x00	; 0
   0140 00                  377 	.db #0x00	; 0
   0141 00                  378 	.db #0x00	; 0
   0142 7E                  379 	.db #0x7e	; 126
   0143 7E                  380 	.db #0x7e	; 126
   0144 7E                  381 	.db #0x7e	; 126
   0145 10                  382 	.db #0x10	; 16
   0146 10                  383 	.db #0x10	; 16
   0147 10                  384 	.db #0x10	; 16
   0148 10                  385 	.db #0x10	; 16
   0149 10                  386 	.db #0x10	; 16
   014A 10                  387 	.db #0x10	; 16
   014B 10                  388 	.db #0x10	; 16
   014C 10                  389 	.db #0x10	; 16
   014D 10                  390 	.db #0x10	; 16
   014E 00                  391 	.db #0x00	; 0
   014F 00                  392 	.db #0x00	; 0
   0150 00                  393 	.db #0x00	; 0
   0151 00                  394 	.db #0x00	; 0
   0152 42                  395 	.db #0x42	; 66	'B'
   0153 42                  396 	.db #0x42	; 66	'B'
   0154 42                  397 	.db #0x42	; 66	'B'
   0155 42                  398 	.db #0x42	; 66	'B'
   0156 42                  399 	.db #0x42	; 66	'B'
   0157 42                  400 	.db #0x42	; 66	'B'
   0158 42                  401 	.db #0x42	; 66	'B'
   0159 42                  402 	.db #0x42	; 66	'B'
   015A 42                  403 	.db #0x42	; 66	'B'
   015B 42                  404 	.db #0x42	; 66	'B'
   015C 7E                  405 	.db #0x7e	; 126
   015D 3C                  406 	.db #0x3c	; 60
   015E 00                  407 	.db #0x00	; 0
   015F 00                  408 	.db #0x00	; 0
   0160 00                  409 	.db #0x00	; 0
   0161 00                  410 	.db #0x00	; 0
   0162 42                  411 	.db #0x42	; 66	'B'
   0163 42                  412 	.db #0x42	; 66	'B'
   0164 42                  413 	.db #0x42	; 66	'B'
   0165 42                  414 	.db #0x42	; 66	'B'
   0166 42                  415 	.db #0x42	; 66	'B'
   0167 42                  416 	.db #0x42	; 66	'B'
   0168 66                  417 	.db #0x66	; 102	'f'
   0169 24                  418 	.db #0x24	; 36
   016A 24                  419 	.db #0x24	; 36
   016B 24                  420 	.db #0x24	; 36
   016C 3C                  421 	.db #0x3c	; 60
   016D 18                  422 	.db #0x18	; 24
   016E 00                  423 	.db #0x00	; 0
   016F 00                  424 	.db #0x00	; 0
   0170 00                  425 	.db #0x00	; 0
   0171 00                  426 	.db #0x00	; 0
   0172 42                  427 	.db #0x42	; 66	'B'
   0173 42                  428 	.db #0x42	; 66	'B'
   0174 42                  429 	.db #0x42	; 66	'B'
   0175 42                  430 	.db #0x42	; 66	'B'
   0176 5A                  431 	.db #0x5a	; 90	'Z'
   0177 5A                  432 	.db #0x5a	; 90	'Z'
   0178 5A                  433 	.db #0x5a	; 90	'Z'
   0179 5A                  434 	.db #0x5a	; 90	'Z'
   017A 5A                  435 	.db #0x5a	; 90	'Z'
   017B 5A                  436 	.db #0x5a	; 90	'Z'
   017C 7E                  437 	.db #0x7e	; 126
   017D 3C                  438 	.db #0x3c	; 60
   017E 00                  439 	.db #0x00	; 0
   017F 00                  440 	.db #0x00	; 0
   0180 00                  441 	.db #0x00	; 0
   0181 00                  442 	.db #0x00	; 0
   0182 44                  443 	.db #0x44	; 68	'D'
   0183 44                  444 	.db #0x44	; 68	'D'
   0184 6C                  445 	.db #0x6c	; 108	'l'
   0185 28                  446 	.db #0x28	; 40
   0186 38                  447 	.db #0x38	; 56	'8'
   0187 10                  448 	.db #0x10	; 16
   0188 38                  449 	.db #0x38	; 56	'8'
   0189 28                  450 	.db #0x28	; 40
   018A 6C                  451 	.db #0x6c	; 108	'l'
   018B 44                  452 	.db #0x44	; 68	'D'
   018C 46                  453 	.db #0x46	; 70	'F'
   018D 02                  454 	.db #0x02	; 2
   018E 00                  455 	.db #0x00	; 0
   018F 00                  456 	.db #0x00	; 0
   0190 00                  457 	.db #0x00	; 0
   0191 00                  458 	.db #0x00	; 0
   0192 42                  459 	.db #0x42	; 66	'B'
   0193 42                  460 	.db #0x42	; 66	'B'
   0194 66                  461 	.db #0x66	; 102	'f'
   0195 24                  462 	.db #0x24	; 36
   0196 3C                  463 	.db #0x3c	; 60
   0197 18                  464 	.db #0x18	; 24
   0198 18                  465 	.db #0x18	; 24
   0199 10                  466 	.db #0x10	; 16
   019A 30                  467 	.db #0x30	; 48	'0'
   019B 20                  468 	.db #0x20	; 32
   019C 60                  469 	.db #0x60	; 96
   019D 40                  470 	.db #0x40	; 64
   019E 00                  471 	.db #0x00	; 0
   019F 00                  472 	.db #0x00	; 0
   01A0 00                  473 	.db #0x00	; 0
   01A1 00                  474 	.db #0x00	; 0
   01A2 7E                  475 	.db #0x7e	; 126
   01A3 7E                  476 	.db #0x7e	; 126
   01A4 04                  477 	.db #0x04	; 4
   01A5 04                  478 	.db #0x04	; 4
   01A6 08                  479 	.db #0x08	; 8
   01A7 08                  480 	.db #0x08	; 8
   01A8 10                  481 	.db #0x10	; 16
   01A9 10                  482 	.db #0x10	; 16
   01AA 20                  483 	.db #0x20	; 32
   01AB 20                  484 	.db #0x20	; 32
   01AC 7E                  485 	.db #0x7e	; 126
   01AD 7E                  486 	.db #0x7e	; 126
   01AE 00                  487 	.db #0x00	; 0
   01AF 00                  488 	.db #0x00	; 0
   01B0 00                  489 	.db #0x00	; 0
   01B1 00                  490 	.db #0x00	; 0
   01B2 3C                  491 	.db #0x3c	; 60
   01B3 3C                  492 	.db #0x3c	; 60
   01B4 46                  493 	.db #0x46	; 70	'F'
   01B5 46                  494 	.db #0x46	; 70	'F'
   01B6 4A                  495 	.db #0x4a	; 74	'J'
   01B7 4A                  496 	.db #0x4a	; 74	'J'
   01B8 52                  497 	.db #0x52	; 82	'R'
   01B9 52                  498 	.db #0x52	; 82	'R'
   01BA 62                  499 	.db #0x62	; 98	'b'
   01BB 62                  500 	.db #0x62	; 98	'b'
   01BC 3C                  501 	.db #0x3c	; 60
   01BD 3C                  502 	.db #0x3c	; 60
   01BE 00                  503 	.db #0x00	; 0
   01BF 00                  504 	.db #0x00	; 0
   01C0 00                  505 	.db #0x00	; 0
   01C1 00                  506 	.db #0x00	; 0
   01C2 08                  507 	.db #0x08	; 8
   01C3 08                  508 	.db #0x08	; 8
   01C4 18                  509 	.db #0x18	; 24
   01C5 18                  510 	.db #0x18	; 24
   01C6 08                  511 	.db #0x08	; 8
   01C7 08                  512 	.db #0x08	; 8
   01C8 08                  513 	.db #0x08	; 8
   01C9 08                  514 	.db #0x08	; 8
   01CA 08                  515 	.db #0x08	; 8
   01CB 08                  516 	.db #0x08	; 8
   01CC 1C                  517 	.db #0x1c	; 28
   01CD 1C                  518 	.db #0x1c	; 28
   01CE 00                  519 	.db #0x00	; 0
   01CF 00                  520 	.db #0x00	; 0
   01D0 00                  521 	.db #0x00	; 0
   01D1 00                  522 	.db #0x00	; 0
   01D2 18                  523 	.db #0x18	; 24
   01D3 18                  524 	.db #0x18	; 24
   01D4 24                  525 	.db #0x24	; 36
   01D5 24                  526 	.db #0x24	; 36
   01D6 08                  527 	.db #0x08	; 8
   01D7 08                  528 	.db #0x08	; 8
   01D8 10                  529 	.db #0x10	; 16
   01D9 10                  530 	.db #0x10	; 16
   01DA 20                  531 	.db #0x20	; 32
   01DB 20                  532 	.db #0x20	; 32
   01DC 3C                  533 	.db #0x3c	; 60
   01DD 3C                  534 	.db #0x3c	; 60
   01DE 00                  535 	.db #0x00	; 0
   01DF 00                  536 	.db #0x00	; 0
   01E0 00                  537 	.db #0x00	; 0
   01E1 00                  538 	.db #0x00	; 0
   01E2 3C                  539 	.db #0x3c	; 60
   01E3 3C                  540 	.db #0x3c	; 60
   01E4 04                  541 	.db #0x04	; 4
   01E5 04                  542 	.db #0x04	; 4
   01E6 1C                  543 	.db #0x1c	; 28
   01E7 1C                  544 	.db #0x1c	; 28
   01E8 04                  545 	.db #0x04	; 4
   01E9 04                  546 	.db #0x04	; 4
   01EA 24                  547 	.db #0x24	; 36
   01EB 24                  548 	.db #0x24	; 36
   01EC 18                  549 	.db #0x18	; 24
   01ED 18                  550 	.db #0x18	; 24
   01EE 00                  551 	.db #0x00	; 0
   01EF 00                  552 	.db #0x00	; 0
   01F0 00                  553 	.db #0x00	; 0
   01F1 00                  554 	.db #0x00	; 0
   01F2 0C                  555 	.db #0x0c	; 12
   01F3 0C                  556 	.db #0x0c	; 12
   01F4 14                  557 	.db #0x14	; 20
   01F5 14                  558 	.db #0x14	; 20
   01F6 24                  559 	.db #0x24	; 36
   01F7 24                  560 	.db #0x24	; 36
   01F8 3C                  561 	.db #0x3c	; 60
   01F9 3C                  562 	.db #0x3c	; 60
   01FA 04                  563 	.db #0x04	; 4
   01FB 04                  564 	.db #0x04	; 4
   01FC 04                  565 	.db #0x04	; 4
   01FD 04                  566 	.db #0x04	; 4
   01FE 00                  567 	.db #0x00	; 0
   01FF 00                  568 	.db #0x00	; 0
   0200 00                  569 	.db #0x00	; 0
   0201 00                  570 	.db #0x00	; 0
   0202 3C                  571 	.db #0x3c	; 60
   0203 3C                  572 	.db #0x3c	; 60
   0204 20                  573 	.db #0x20	; 32
   0205 20                  574 	.db #0x20	; 32
   0206 38                  575 	.db #0x38	; 56	'8'
   0207 38                  576 	.db #0x38	; 56	'8'
   0208 04                  577 	.db #0x04	; 4
   0209 04                  578 	.db #0x04	; 4
   020A 24                  579 	.db #0x24	; 36
   020B 24                  580 	.db #0x24	; 36
   020C 18                  581 	.db #0x18	; 24
   020D 18                  582 	.db #0x18	; 24
   020E 00                  583 	.db #0x00	; 0
   020F 00                  584 	.db #0x00	; 0
   0210 00                  585 	.db #0x00	; 0
   0211 00                  586 	.db #0x00	; 0
   0212 1C                  587 	.db #0x1c	; 28
   0213 1C                  588 	.db #0x1c	; 28
   0214 20                  589 	.db #0x20	; 32
   0215 20                  590 	.db #0x20	; 32
   0216 38                  591 	.db #0x38	; 56	'8'
   0217 38                  592 	.db #0x38	; 56	'8'
   0218 24                  593 	.db #0x24	; 36
   0219 24                  594 	.db #0x24	; 36
   021A 24                  595 	.db #0x24	; 36
   021B 24                  596 	.db #0x24	; 36
   021C 18                  597 	.db #0x18	; 24
   021D 18                  598 	.db #0x18	; 24
   021E 00                  599 	.db #0x00	; 0
   021F 00                  600 	.db #0x00	; 0
   0220 00                  601 	.db #0x00	; 0
   0221 00                  602 	.db #0x00	; 0
   0222 3C                  603 	.db #0x3c	; 60
   0223 3C                  604 	.db #0x3c	; 60
   0224 04                  605 	.db #0x04	; 4
   0225 04                  606 	.db #0x04	; 4
   0226 04                  607 	.db #0x04	; 4
   0227 04                  608 	.db #0x04	; 4
   0228 04                  609 	.db #0x04	; 4
   0229 04                  610 	.db #0x04	; 4
   022A 04                  611 	.db #0x04	; 4
   022B 04                  612 	.db #0x04	; 4
   022C 04                  613 	.db #0x04	; 4
   022D 04                  614 	.db #0x04	; 4
   022E 00                  615 	.db #0x00	; 0
   022F 00                  616 	.db #0x00	; 0
   0230 00                  617 	.db #0x00	; 0
   0231 00                  618 	.db #0x00	; 0
   0232 18                  619 	.db #0x18	; 24
   0233 18                  620 	.db #0x18	; 24
   0234 24                  621 	.db #0x24	; 36
   0235 24                  622 	.db #0x24	; 36
   0236 18                  623 	.db #0x18	; 24
   0237 18                  624 	.db #0x18	; 24
   0238 24                  625 	.db #0x24	; 36
   0239 24                  626 	.db #0x24	; 36
   023A 24                  627 	.db #0x24	; 36
   023B 24                  628 	.db #0x24	; 36
   023C 18                  629 	.db #0x18	; 24
   023D 18                  630 	.db #0x18	; 24
   023E 00                  631 	.db #0x00	; 0
   023F 00                  632 	.db #0x00	; 0
   0240 00                  633 	.db #0x00	; 0
   0241 00                  634 	.db #0x00	; 0
   0242 18                  635 	.db #0x18	; 24
   0243 18                  636 	.db #0x18	; 24
   0244 24                  637 	.db #0x24	; 36
   0245 24                  638 	.db #0x24	; 36
   0246 1C                  639 	.db #0x1c	; 28
   0247 1C                  640 	.db #0x1c	; 28
   0248 04                  641 	.db #0x04	; 4
   0249 04                  642 	.db #0x04	; 4
   024A 04                  643 	.db #0x04	; 4
   024B 04                  644 	.db #0x04	; 4
   024C 18                  645 	.db #0x18	; 24
   024D 18                  646 	.db #0x18	; 24
   024E 00                  647 	.db #0x00	; 0
   024F 00                  648 	.db #0x00	; 0
   0250 00                  649 	.db #0x00	; 0
   0251 00                  650 	.db #0x00	; 0
   0252 10                  651 	.db #0x10	; 16
   0253 10                  652 	.db #0x10	; 16
   0254 38                  653 	.db #0x38	; 56	'8'
   0255 38                  654 	.db #0x38	; 56	'8'
   0256 38                  655 	.db #0x38	; 56	'8'
   0257 38                  656 	.db #0x38	; 56	'8'
   0258 10                  657 	.db #0x10	; 16
   0259 10                  658 	.db #0x10	; 16
   025A 00                  659 	.db #0x00	; 0
   025B 00                  660 	.db #0x00	; 0
   025C 10                  661 	.db #0x10	; 16
   025D 10                  662 	.db #0x10	; 16
   025E 00                  663 	.db #0x00	; 0
   025F 00                  664 	.db #0x00	; 0
   0260 08                  665 	.db #0x08	; 8
   0261 08                  666 	.db #0x08	; 8
   0262 08                  667 	.db #0x08	; 8
   0263 08                  668 	.db #0x08	; 8
   0264 10                  669 	.db #0x10	; 16
   0265 10                  670 	.db #0x10	; 16
   0266 00                  671 	.db #0x00	; 0
   0267 00                  672 	.db #0x00	; 0
   0268 00                  673 	.db #0x00	; 0
   0269 00                  674 	.db #0x00	; 0
   026A 00                  675 	.db #0x00	; 0
   026B 00                  676 	.db #0x00	; 0
   026C 00                  677 	.db #0x00	; 0
   026D 00                  678 	.db #0x00	; 0
   026E 00                  679 	.db #0x00	; 0
   026F 00                  680 	.db #0x00	; 0
   0270 10                  681 	.db #0x10	; 16
   0271 10                  682 	.db #0x10	; 16
   0272 20                  683 	.db #0x20	; 32
   0273 20                  684 	.db #0x20	; 32
   0274 20                  685 	.db #0x20	; 32
   0275 20                  686 	.db #0x20	; 32
   0276 20                  687 	.db #0x20	; 32
   0277 20                  688 	.db #0x20	; 32
   0278 20                  689 	.db #0x20	; 32
   0279 20                  690 	.db #0x20	; 32
   027A 20                  691 	.db #0x20	; 32
   027B 20                  692 	.db #0x20	; 32
   027C 10                  693 	.db #0x10	; 16
   027D 10                  694 	.db #0x10	; 16
   027E 00                  695 	.db #0x00	; 0
   027F 00                  696 	.db #0x00	; 0
   0280 10                  697 	.db #0x10	; 16
   0281 10                  698 	.db #0x10	; 16
   0282 08                  699 	.db #0x08	; 8
   0283 08                  700 	.db #0x08	; 8
   0284 08                  701 	.db #0x08	; 8
   0285 08                  702 	.db #0x08	; 8
   0286 08                  703 	.db #0x08	; 8
   0287 08                  704 	.db #0x08	; 8
   0288 08                  705 	.db #0x08	; 8
   0289 08                  706 	.db #0x08	; 8
   028A 08                  707 	.db #0x08	; 8
   028B 08                  708 	.db #0x08	; 8
   028C 10                  709 	.db #0x10	; 16
   028D 10                  710 	.db #0x10	; 16
   028E 00                  711 	.db #0x00	; 0
   028F 00                  712 	.db #0x00	; 0
   0290 00                  713 	.db #0x00	; 0
   0291 00                  714 	.db #0x00	; 0
   0292 00                  715 	.db #0x00	; 0
   0293 00                  716 	.db #0x00	; 0
   0294 00                  717 	.db #0x00	; 0
   0295 00                  718 	.db #0x00	; 0
   0296 7C                  719 	.db #0x7c	; 124
   0297 7C                  720 	.db #0x7c	; 124
   0298 00                  721 	.db #0x00	; 0
   0299 00                  722 	.db #0x00	; 0
   029A 00                  723 	.db #0x00	; 0
   029B 00                  724 	.db #0x00	; 0
   029C 00                  725 	.db #0x00	; 0
   029D 00                  726 	.db #0x00	; 0
   029E 00                  727 	.db #0x00	; 0
   029F 00                  728 	.db #0x00	; 0
   02A0 00                  729 	.db #0x00	; 0
   02A1 00                  730 	.db #0x00	; 0
   02A2 00                  731 	.db #0x00	; 0
   02A3 00                  732 	.db #0x00	; 0
   02A4 00                  733 	.db #0x00	; 0
   02A5 00                  734 	.db #0x00	; 0
   02A6 00                  735 	.db #0x00	; 0
   02A7 00                  736 	.db #0x00	; 0
   02A8 00                  737 	.db #0x00	; 0
   02A9 00                  738 	.db #0x00	; 0
   02AA 00                  739 	.db #0x00	; 0
   02AB 00                  740 	.db #0x00	; 0
   02AC 10                  741 	.db #0x10	; 16
   02AD 10                  742 	.db #0x10	; 16
   02AE 00                  743 	.db #0x00	; 0
   02AF 00                  744 	.db #0x00	; 0
   02B0 00                  745 	.db #0x00	; 0
   02B1 00                  746 	.db #0x00	; 0
   02B2 00                  747 	.db #0x00	; 0
   02B3 00                  748 	.db #0x00	; 0
   02B4 10                  749 	.db #0x10	; 16
   02B5 10                  750 	.db #0x10	; 16
   02B6 00                  751 	.db #0x00	; 0
   02B7 00                  752 	.db #0x00	; 0
   02B8 00                  753 	.db #0x00	; 0
   02B9 00                  754 	.db #0x00	; 0
   02BA 00                  755 	.db #0x00	; 0
   02BB 00                  756 	.db #0x00	; 0
   02BC 10                  757 	.db #0x10	; 16
   02BD 10                  758 	.db #0x10	; 16
   02BE 00                  759 	.db #0x00	; 0
   02BF 00                  760 	.db #0x00	; 0
   02C0 7C                  761 	.db #0x7c	; 124
   02C1 7C                  762 	.db #0x7c	; 124
   02C2 82                  763 	.db #0x82	; 130
   02C3 82                  764 	.db #0x82	; 130
   02C4 02                  765 	.db #0x02	; 2
   02C5 02                  766 	.db #0x02	; 2
   02C6 0C                  767 	.db #0x0c	; 12
   02C7 0C                  768 	.db #0x0c	; 12
   02C8 10                  769 	.db #0x10	; 16
   02C9 10                  770 	.db #0x10	; 16
   02CA 00                  771 	.db #0x00	; 0
   02CB 00                  772 	.db #0x00	; 0
   02CC 10                  773 	.db #0x10	; 16
   02CD 10                  774 	.db #0x10	; 16
   02CE 00                  775 	.db #0x00	; 0
   02CF 00                  776 	.db #0x00	; 0
   02D0 C3                  777 	.db #0xc3	; 195
   02D1 C3                  778 	.db #0xc3	; 195
   02D2 81                  779 	.db #0x81	; 129
   02D3 81                  780 	.db #0x81	; 129
   02D4 00                  781 	.db #0x00	; 0
   02D5 82                  782 	.db #0x82	; 130
   02D6 FC                  783 	.db #0xfc	; 252
   02D7 03                  784 	.db #0x03	; 3
   02D8 00                  785 	.db #0x00	; 0
   02D9 82                  786 	.db #0x82	; 130
   02DA 00                  787 	.db #0x00	; 0
   02DB 00                  788 	.db #0x00	; 0
   02DC 81                  789 	.db #0x81	; 129
   02DD 81                  790 	.db #0x81	; 129
   02DE C3                  791 	.db #0xc3	; 195
   02DF C3                  792 	.db #0xc3	; 195
   02E0 C3                  793 	.db #0xc3	; 195
   02E1 C3                  794 	.db #0xc3	; 195
   02E2 81                  795 	.db #0x81	; 129
   02E3 81                  796 	.db #0x81	; 129
   02E4 00                  797 	.db #0x00	; 0
   02E5 32                  798 	.db #0x32	; 50	'2'
   02E6 22                  799 	.db #0x22	; 34
   02E7 4C                  800 	.db #0x4c	; 76	'L'
   02E8 56                  801 	.db #0x56	; 86	'V'
   02E9 89                  802 	.db #0x89	; 137
   02EA BD                  803 	.db #0xbd	; 189
   02EB 40                  804 	.db #0x40	; 64
   02EC B1                  805 	.db #0xb1	; 177
   02ED 8F                  806 	.db #0x8f	; 143
   02EE C3                  807 	.db #0xc3	; 195
   02EF C3                  808 	.db #0xc3	; 195
   02F0 C3                  809 	.db #0xc3	; 195
   02F1 C3                  810 	.db #0xc3	; 195
   02F2 81                  811 	.db #0x81	; 129
   02F3 81                  812 	.db #0x81	; 129
   02F4 24                  813 	.db #0x24	; 36
   02F5 5A                  814 	.db #0x5a	; 90	'Z'
   02F6 3C                  815 	.db #0x3c	; 60
   02F7 00                  816 	.db #0x00	; 0
   02F8 00                  817 	.db #0x00	; 0
   02F9 18                  818 	.db #0x18	; 24
   02FA 18                  819 	.db #0x18	; 24
   02FB 00                  820 	.db #0x00	; 0
   02FC 81                  821 	.db #0x81	; 129
   02FD BD                  822 	.db #0xbd	; 189
   02FE C3                  823 	.db #0xc3	; 195
   02FF C3                  824 	.db #0xc3	; 195
   0300 C7                  825 	.db #0xc7	; 199
   0301 CB                  826 	.db #0xcb	; 203
   0302 89                  827 	.db #0x89	; 137
   0303 91                  828 	.db #0x91	; 145
   0304 10                  829 	.db #0x10	; 16
   0305 20                  830 	.db #0x20	; 32
   0306 3E                  831 	.db #0x3e	; 62
   0307 40                  832 	.db #0x40	; 64
   0308 04                  833 	.db #0x04	; 4
   0309 08                  834 	.db #0x08	; 8
   030A 08                  835 	.db #0x08	; 8
   030B 10                  836 	.db #0x10	; 16
   030C 91                  837 	.db #0x91	; 145
   030D A1                  838 	.db #0xa1	; 161
   030E E3                  839 	.db #0xe3	; 227
   030F C3                  840 	.db #0xc3	; 195
   0310 EB                  841 	.db #0xeb	; 235
   0311 D7                  842 	.db #0xd7	; 215
   0312 C1                  843 	.db #0xc1	; 193
   0313 99                  844 	.db #0x99	; 153
   0314 04                  845 	.db #0x04	; 4
   0315 B8                  846 	.db #0xb8	; 184
   0316 10                  847 	.db #0x10	; 16
   0317 2D                  848 	.db #0x2d	; 45
   0318 18                  849 	.db #0x18	; 24
   0319 24                  850 	.db #0x24	; 36
   031A 10                  851 	.db #0x10	; 16
   031B 24                  852 	.db #0x24	; 36
   031C 81                  853 	.db #0x81	; 129
   031D 99                  854 	.db #0x99	; 153
   031E C3                  855 	.db #0xc3	; 195
   031F C3                  856 	.db #0xc3	; 195
   0320 E2                  857 	.db #0xe2	; 226
   0321 02                  858 	.db #0x02	; 2
   0322 C4                  859 	.db #0xc4	; 196
   0323 04                  860 	.db #0x04	; 4
   0324 81                  861 	.db #0x81	; 129
   0325 05                  862 	.db #0x05	; 5
   0326 06                  863 	.db #0x06	; 6
   0327 0E                  864 	.db #0x0e	; 14
   0328 08                  865 	.db #0x08	; 8
   0329 18                  866 	.db #0x18	; 24
   032A 11                  867 	.db #0x11	; 17
   032B 30                  868 	.db #0x30	; 48	'0'
   032C 23                  869 	.db #0x23	; 35
   032D 60                  870 	.db #0x60	; 96
   032E 47                  871 	.db #0x47	; 71	'G'
   032F 40                  872 	.db #0x40	; 64
   0330 00                  873 	.db #0x00	; 0
   0331 00                  874 	.db #0x00	; 0
   0332 7E                  875 	.db #0x7e	; 126
   0333 7E                  876 	.db #0x7e	; 126
   0334 5A                  877 	.db #0x5a	; 90	'Z'
   0335 66                  878 	.db #0x66	; 102	'f'
   0336 66                  879 	.db #0x66	; 102	'f'
   0337 5A                  880 	.db #0x5a	; 90	'Z'
   0338 42                  881 	.db #0x42	; 66	'B'
   0339 7E                  882 	.db #0x7e	; 126
   033A 7E                  883 	.db #0x7e	; 126
   033B 24                  884 	.db #0x24	; 36
   033C 3C                  885 	.db #0x3c	; 60
   033D 18                  886 	.db #0x18	; 24
   033E 00                  887 	.db #0x00	; 0
   033F 00                  888 	.db #0x00	; 0
   0340 E0                  889 	.db #0xe0	; 224
   0341 01                  890 	.db #0x01	; 1
   0342 C1                  891 	.db #0xc1	; 193
   0343 03                  892 	.db #0x03	; 3
   0344 82                  893 	.db #0x82	; 130
   0345 06                  894 	.db #0x06	; 6
   0346 05                  895 	.db #0x05	; 5
   0347 0D                  896 	.db #0x0d	; 13
   0348 0A                  897 	.db #0x0a	; 10
   0349 1A                  898 	.db #0x1a	; 26
   034A D1                  899 	.db #0xd1	; 209
   034B F0                  900 	.db #0xf0	; 240
   034C A3                  901 	.db #0xa3	; 163
   034D A0                  902 	.db #0xa0	; 160
   034E E7                  903 	.db #0xe7	; 231
   034F E0                  904 	.db #0xe0	; 224
   0350                     905 _font_internal:
   0350 08                  906 	.db #0x08	; 8
   0351 08                  907 	.db #0x08	; 8
   0352 35                  908 	.db #0x35	; 53	'5'
   0353r00r00               909 	.dw _font_tiles
   0355 00 00               910 	.dw #0x0000
                            911 	.area _CABS (ABS)
