                              1 ;--------------------------------------------------------
                              2 ; File Created by SDCC : free open source ANSI-C Compiler
                              3 ; Version 4.0.0 #11528 (MINGW32)
                              4 ;--------------------------------------------------------
                              5 	.module item_b4_gbr
                              6 	.optsdcc -mgbz80
                              7 	
                              8 ;--------------------------------------------------------
                              9 ; Public variables in this module
                             10 ;--------------------------------------------------------
                             11 	.globl _item_internal
                             12 	.globl _item_tiles
                             13 	.globl _empty
                             14 	.globl _item
                             15 ;--------------------------------------------------------
                             16 ; special function registers
                             17 ;--------------------------------------------------------
                             18 ;--------------------------------------------------------
                             19 ; ram data
                             20 ;--------------------------------------------------------
                             21 	.area _DATA
                             22 ;--------------------------------------------------------
                             23 ; CODE rom data
                             24 ;--------------------------------------------------------
                             25 	.area _CODE
   0000                      26 _item:
   0000 04                   27 	.db #0x04	; 4
   0001r00r01                28 	.dw _item_internal
                             29 ;--------------------------------------------------------
                             30 ; absolute external ram data
                             31 ;--------------------------------------------------------
                             32 	.area _DABS (ABS)
                             33 ;--------------------------------------------------------
                             34 ; global & static initialisations
                             35 ;--------------------------------------------------------
                             36 	.area _HOME
                             37 	.area _GSINIT
                             38 	.area _GSFINAL
                             39 	.area _GSINIT
                             40 ;--------------------------------------------------------
                             41 ; Home
                             42 ;--------------------------------------------------------
                             43 	.area _HOME
                             44 ;../res/src/item.b4.gbr.c:3: void empty(void) __nonbanked {}
                             45 ;	---------------------------------
                             46 ; Function empty
                             47 ; ---------------------------------
   0000                      48 _empty::
   0000 C9                   49 	ret
                             50 	.area _HOME
                             51 ;--------------------------------------------------------
                             52 ; code
                             53 ;--------------------------------------------------------
                             54 	.area _CODE_4
                             55 	.area _CODE_4
   0000                      56 _item_tiles:
   0000 C3                   57 	.db #0xc3	; 195
   0001 C3                   58 	.db #0xc3	; 195
   0002 81                   59 	.db #0x81	; 129
   0003 81                   60 	.db #0x81	; 129
   0004 00                   61 	.db #0x00	; 0
   0005 00                   62 	.db #0x00	; 0
   0006 00                   63 	.db #0x00	; 0
   0007 00                   64 	.db #0x00	; 0
   0008 00                   65 	.db #0x00	; 0
   0009 00                   66 	.db #0x00	; 0
   000A 00                   67 	.db #0x00	; 0
   000B 00                   68 	.db #0x00	; 0
   000C 81                   69 	.db #0x81	; 129
   000D 81                   70 	.db #0x81	; 129
   000E C3                   71 	.db #0xc3	; 195
   000F C3                   72 	.db #0xc3	; 195
   0010 00                   73 	.db #0x00	; 0
   0011 00                   74 	.db #0x00	; 0
   0012 00                   75 	.db #0x00	; 0
   0013 00                   76 	.db #0x00	; 0
   0014 00                   77 	.db #0x00	; 0
   0015 00                   78 	.db #0x00	; 0
   0016 00                   79 	.db #0x00	; 0
   0017 00                   80 	.db #0x00	; 0
   0018 00                   81 	.db #0x00	; 0
   0019 00                   82 	.db #0x00	; 0
   001A 00                   83 	.db #0x00	; 0
   001B 00                   84 	.db #0x00	; 0
   001C 00                   85 	.db #0x00	; 0
   001D 00                   86 	.db #0x00	; 0
   001E 00                   87 	.db #0x00	; 0
   001F 00                   88 	.db #0x00	; 0
   0020 00                   89 	.db #0x00	; 0
   0021 1C                   90 	.db #0x1c	; 28
   0022 14                   91 	.db #0x14	; 20
   0023 26                   92 	.db #0x26	; 38
   0024 14                   93 	.db #0x14	; 20
   0025 26                   94 	.db #0x26	; 38
   0026 14                   95 	.db #0x14	; 20
   0027 26                   96 	.db #0x26	; 38
   0028 2C                   97 	.db #0x2c	; 44
   0029 3E                   98 	.db #0x3e	; 62
   002A 1C                   99 	.db #0x1c	; 28
   002B 1C                  100 	.db #0x1c	; 28
   002C 00                  101 	.db #0x00	; 0
   002D 00                  102 	.db #0x00	; 0
   002E 00                  103 	.db #0x00	; 0
   002F 00                  104 	.db #0x00	; 0
   0030 00                  105 	.db #0x00	; 0
   0031 00                  106 	.db #0x00	; 0
   0032 00                  107 	.db #0x00	; 0
   0033 00                  108 	.db #0x00	; 0
   0034 00                  109 	.db #0x00	; 0
   0035 00                  110 	.db #0x00	; 0
   0036 00                  111 	.db #0x00	; 0
   0037 00                  112 	.db #0x00	; 0
   0038 00                  113 	.db #0x00	; 0
   0039 00                  114 	.db #0x00	; 0
   003A 00                  115 	.db #0x00	; 0
   003B 00                  116 	.db #0x00	; 0
   003C 00                  117 	.db #0x00	; 0
   003D 00                  118 	.db #0x00	; 0
   003E 00                  119 	.db #0x00	; 0
   003F 00                  120 	.db #0x00	; 0
   0040 02                  121 	.db #0x02	; 2
   0041 02                  122 	.db #0x02	; 2
   0042 01                  123 	.db #0x01	; 1
   0043 05                  124 	.db #0x05	; 5
   0044 05                  125 	.db #0x05	; 5
   0045 09                  126 	.db #0x09	; 9
   0046 09                  127 	.db #0x09	; 9
   0047 11                  128 	.db #0x11	; 17
   0048 13                  129 	.db #0x13	; 19
   0049 22                  130 	.db #0x22	; 34
   004A 26                  131 	.db #0x26	; 38
   004B 44                  132 	.db #0x44	; 68	'D'
   004C 4C                  133 	.db #0x4c	; 76	'L'
   004D 88                  134 	.db #0x88	; 136
   004E 78                  135 	.db #0x78	; 120	'x'
   004F 70                  136 	.db #0x70	; 112	'p'
   0050 00                  137 	.db #0x00	; 0
   0051 00                  138 	.db #0x00	; 0
   0052 00                  139 	.db #0x00	; 0
   0053 00                  140 	.db #0x00	; 0
   0054 00                  141 	.db #0x00	; 0
   0055 00                  142 	.db #0x00	; 0
   0056 00                  143 	.db #0x00	; 0
   0057 00                  144 	.db #0x00	; 0
   0058 00                  145 	.db #0x00	; 0
   0059 00                  146 	.db #0x00	; 0
   005A 00                  147 	.db #0x00	; 0
   005B 00                  148 	.db #0x00	; 0
   005C 00                  149 	.db #0x00	; 0
   005D 00                  150 	.db #0x00	; 0
   005E 00                  151 	.db #0x00	; 0
   005F 00                  152 	.db #0x00	; 0
   0060 00                  153 	.db #0x00	; 0
   0061 00                  154 	.db #0x00	; 0
   0062 7E                  155 	.db #0x7e	; 126
   0063 7E                  156 	.db #0x7e	; 126
   0064 5A                  157 	.db #0x5a	; 90	'Z'
   0065 66                  158 	.db #0x66	; 102	'f'
   0066 66                  159 	.db #0x66	; 102	'f'
   0067 5A                  160 	.db #0x5a	; 90	'Z'
   0068 42                  161 	.db #0x42	; 66	'B'
   0069 7E                  162 	.db #0x7e	; 126
   006A 7E                  163 	.db #0x7e	; 126
   006B 24                  164 	.db #0x24	; 36
   006C 3C                  165 	.db #0x3c	; 60
   006D 18                  166 	.db #0x18	; 24
   006E 00                  167 	.db #0x00	; 0
   006F 00                  168 	.db #0x00	; 0
   0070 00                  169 	.db #0x00	; 0
   0071 00                  170 	.db #0x00	; 0
   0072 00                  171 	.db #0x00	; 0
   0073 00                  172 	.db #0x00	; 0
   0074 00                  173 	.db #0x00	; 0
   0075 00                  174 	.db #0x00	; 0
   0076 00                  175 	.db #0x00	; 0
   0077 00                  176 	.db #0x00	; 0
   0078 00                  177 	.db #0x00	; 0
   0079 00                  178 	.db #0x00	; 0
   007A 00                  179 	.db #0x00	; 0
   007B 00                  180 	.db #0x00	; 0
   007C 00                  181 	.db #0x00	; 0
   007D 00                  182 	.db #0x00	; 0
   007E 00                  183 	.db #0x00	; 0
   007F 00                  184 	.db #0x00	; 0
   0080 00                  185 	.db #0x00	; 0
   0081 00                  186 	.db #0x00	; 0
   0082 3C                  187 	.db #0x3c	; 60
   0083 3C                  188 	.db #0x3c	; 60
   0084 7E                  189 	.db #0x7e	; 126
   0085 42                  190 	.db #0x42	; 66	'B'
   0086 FF                  191 	.db #0xff	; 255
   0087 A5                  192 	.db #0xa5	; 165
   0088 FF                  193 	.db #0xff	; 255
   0089 FF                  194 	.db #0xff	; 255
   008A 99                  195 	.db #0x99	; 153
   008B FF                  196 	.db #0xff	; 255
   008C 81                  197 	.db #0x81	; 129
   008D FF                  198 	.db #0xff	; 255
   008E 7E                  199 	.db #0x7e	; 126
   008F 7E                  200 	.db #0x7e	; 126
   0090 00                  201 	.db #0x00	; 0
   0091 00                  202 	.db #0x00	; 0
   0092 00                  203 	.db #0x00	; 0
   0093 00                  204 	.db #0x00	; 0
   0094 00                  205 	.db #0x00	; 0
   0095 00                  206 	.db #0x00	; 0
   0096 00                  207 	.db #0x00	; 0
   0097 00                  208 	.db #0x00	; 0
   0098 00                  209 	.db #0x00	; 0
   0099 00                  210 	.db #0x00	; 0
   009A 00                  211 	.db #0x00	; 0
   009B 00                  212 	.db #0x00	; 0
   009C 00                  213 	.db #0x00	; 0
   009D 00                  214 	.db #0x00	; 0
   009E 00                  215 	.db #0x00	; 0
   009F 00                  216 	.db #0x00	; 0
   00A0 7E                  217 	.db #0x7e	; 126
   00A1 7E                  218 	.db #0x7e	; 126
   00A2 7E                  219 	.db #0x7e	; 126
   00A3 42                  220 	.db #0x42	; 66	'B'
   00A4 7E                  221 	.db #0x7e	; 126
   00A5 42                  222 	.db #0x42	; 66	'B'
   00A6 FF                  223 	.db #0xff	; 255
   00A7 81                  224 	.db #0x81	; 129
   00A8 FF                  225 	.db #0xff	; 255
   00A9 FF                  226 	.db #0xff	; 255
   00AA 99                  227 	.db #0x99	; 153
   00AB FF                  228 	.db #0xff	; 255
   00AC 81                  229 	.db #0x81	; 129
   00AD FF                  230 	.db #0xff	; 255
   00AE 7E                  231 	.db #0x7e	; 126
   00AF 7E                  232 	.db #0x7e	; 126
   00B0 00                  233 	.db #0x00	; 0
   00B1 00                  234 	.db #0x00	; 0
   00B2 00                  235 	.db #0x00	; 0
   00B3 00                  236 	.db #0x00	; 0
   00B4 00                  237 	.db #0x00	; 0
   00B5 00                  238 	.db #0x00	; 0
   00B6 00                  239 	.db #0x00	; 0
   00B7 00                  240 	.db #0x00	; 0
   00B8 00                  241 	.db #0x00	; 0
   00B9 00                  242 	.db #0x00	; 0
   00BA 00                  243 	.db #0x00	; 0
   00BB 00                  244 	.db #0x00	; 0
   00BC 00                  245 	.db #0x00	; 0
   00BD 00                  246 	.db #0x00	; 0
   00BE 00                  247 	.db #0x00	; 0
   00BF 00                  248 	.db #0x00	; 0
   00C0 00                  249 	.db #0x00	; 0
   00C1 82                  250 	.db #0x82	; 130
   00C2 00                  251 	.db #0x00	; 0
   00C3 6E                  252 	.db #0x6e	; 110	'n'
   00C4 00                  253 	.db #0x00	; 0
   00C5 38                  254 	.db #0x38	; 56	'8'
   00C6 00                  255 	.db #0x00	; 0
   00C7 6C                  256 	.db #0x6c	; 108	'l'
   00C8 00                  257 	.db #0x00	; 0
   00C9 C6                  258 	.db #0xc6	; 198
   00CA 00                  259 	.db #0x00	; 0
   00CB 81                  260 	.db #0x81	; 129
   00CC 00                  261 	.db #0x00	; 0
   00CD 00                  262 	.db #0x00	; 0
   00CE 00                  263 	.db #0x00	; 0
   00CF 00                  264 	.db #0x00	; 0
   00D0 00                  265 	.db #0x00	; 0
   00D1 00                  266 	.db #0x00	; 0
   00D2 00                  267 	.db #0x00	; 0
   00D3 00                  268 	.db #0x00	; 0
   00D4 00                  269 	.db #0x00	; 0
   00D5 00                  270 	.db #0x00	; 0
   00D6 00                  271 	.db #0x00	; 0
   00D7 00                  272 	.db #0x00	; 0
   00D8 00                  273 	.db #0x00	; 0
   00D9 00                  274 	.db #0x00	; 0
   00DA 00                  275 	.db #0x00	; 0
   00DB 00                  276 	.db #0x00	; 0
   00DC 00                  277 	.db #0x00	; 0
   00DD 00                  278 	.db #0x00	; 0
   00DE 00                  279 	.db #0x00	; 0
   00DF 00                  280 	.db #0x00	; 0
   00E0 00                  281 	.db #0x00	; 0
   00E1 00                  282 	.db #0x00	; 0
   00E2 00                  283 	.db #0x00	; 0
   00E3 00                  284 	.db #0x00	; 0
   00E4 00                  285 	.db #0x00	; 0
   00E5 24                  286 	.db #0x24	; 36
   00E6 00                  287 	.db #0x00	; 0
   00E7 6A                  288 	.db #0x6a	; 106	'j'
   00E8 00                  289 	.db #0x00	; 0
   00E9 2A                  290 	.db #0x2a	; 42
   00EA 00                  291 	.db #0x00	; 0
   00EB 24                  292 	.db #0x24	; 36
   00EC 00                  293 	.db #0x00	; 0
   00ED 00                  294 	.db #0x00	; 0
   00EE 00                  295 	.db #0x00	; 0
   00EF 00                  296 	.db #0x00	; 0
   00F0 00                  297 	.db #0x00	; 0
   00F1 1C                  298 	.db #0x1c	; 28
   00F2 14                  299 	.db #0x14	; 20
   00F3 26                  300 	.db #0x26	; 38
   00F4 14                  301 	.db #0x14	; 20
   00F5 26                  302 	.db #0x26	; 38
   00F6 14                  303 	.db #0x14	; 20
   00F7 26                  304 	.db #0x26	; 38
   00F8 2C                  305 	.db #0x2c	; 44
   00F9 3E                  306 	.db #0x3e	; 62
   00FA 1C                  307 	.db #0x1c	; 28
   00FB 1C                  308 	.db #0x1c	; 28
   00FC 00                  309 	.db #0x00	; 0
   00FD 00                  310 	.db #0x00	; 0
   00FE 00                  311 	.db #0x00	; 0
   00FF 00                  312 	.db #0x00	; 0
   0100                     313 _item_internal:
   0100 08                  314 	.db #0x08	; 8
   0101 10                  315 	.db #0x10	; 16
   0102 08                  316 	.db #0x08	; 8
   0103r00r00               317 	.dw _item_tiles
   0105 00 00               318 	.dw #0x0000
                            319 	.area _CABS (ABS)
