                              1 ;--------------------------------------------------------
                              2 ; File Created by SDCC : free open source ANSI-C Compiler
                              3 ; Version 4.0.0 #11528 (MINGW32)
                              4 ;--------------------------------------------------------
                              5 	.module mapgameover_b3_gbm
                              6 	.optsdcc -mgbz80
                              7 	
                              8 ;--------------------------------------------------------
                              9 ; Public variables in this module
                             10 ;--------------------------------------------------------
                             11 	.globl _mapgameover_internal
                             12 	.globl _mapgameover_map
                             13 	.globl _empty
                             14 	.globl _mapgameover
                             15 ;--------------------------------------------------------
                             16 ; special function registers
                             17 ;--------------------------------------------------------
                             18 ;--------------------------------------------------------
                             19 ; ram data
                             20 ;--------------------------------------------------------
                             21 	.area _DATA
                             22 ;--------------------------------------------------------
                             23 ; CODE rom data
                             24 ;--------------------------------------------------------
                             25 	.area _CODE
   0000                      26 _mapgameover:
   0000 03                   27 	.db #0x03	; 3
   0001r40r01                28 	.dw _mapgameover_internal
                             29 ;--------------------------------------------------------
                             30 ; absolute external ram data
                             31 ;--------------------------------------------------------
                             32 	.area _DABS (ABS)
                             33 ;--------------------------------------------------------
                             34 ; global & static initialisations
                             35 ;--------------------------------------------------------
                             36 	.area _HOME
                             37 	.area _GSINIT
                             38 	.area _GSFINAL
                             39 	.area _GSINIT
                             40 ;--------------------------------------------------------
                             41 ; Home
                             42 ;--------------------------------------------------------
                             43 	.area _HOME
                             44 ;../res/src/mapgameover.b3.gbm.c:3: void empty(void) __nonbanked {}
                             45 ;	---------------------------------
                             46 ; Function empty
                             47 ; ---------------------------------
   0000                      48 _empty::
   0000 C9                   49 	ret
                             50 	.area _HOME
                             51 ;--------------------------------------------------------
                             52 ; code
                             53 ;--------------------------------------------------------
                             54 	.area _CODE_3
                             55 	.area _CODE_3
   0000                      56 _mapgameover_map:
   0000 00                   57 	.db #0x00	; 0
   0001 00                   58 	.db #0x00	; 0
   0002 00                   59 	.db #0x00	; 0
   0003 00                   60 	.db #0x00	; 0
   0004 00                   61 	.db #0x00	; 0
   0005 00                   62 	.db #0x00	; 0
   0006 00                   63 	.db #0x00	; 0
   0007 00                   64 	.db #0x00	; 0
   0008 00                   65 	.db #0x00	; 0
   0009 00                   66 	.db #0x00	; 0
   000A 00                   67 	.db #0x00	; 0
   000B 00                   68 	.db #0x00	; 0
   000C 00                   69 	.db #0x00	; 0
   000D 00                   70 	.db #0x00	; 0
   000E 00                   71 	.db #0x00	; 0
   000F 00                   72 	.db #0x00	; 0
   0010 00                   73 	.db #0x00	; 0
   0011 00                   74 	.db #0x00	; 0
   0012 00                   75 	.db #0x00	; 0
   0013 00                   76 	.db #0x00	; 0
   0014 00                   77 	.db #0x00	; 0
   0015 00                   78 	.db #0x00	; 0
   0016 01                   79 	.db #0x01	; 1
   0017 01                   80 	.db #0x01	; 1
   0018 01                   81 	.db #0x01	; 1
   0019 00                   82 	.db #0x00	; 0
   001A 01                   83 	.db #0x01	; 1
   001B 01                   84 	.db #0x01	; 1
   001C 01                   85 	.db #0x01	; 1
   001D 00                   86 	.db #0x00	; 0
   001E 01                   87 	.db #0x01	; 1
   001F 00                   88 	.db #0x00	; 0
   0020 00                   89 	.db #0x00	; 0
   0021 00                   90 	.db #0x00	; 0
   0022 01                   91 	.db #0x01	; 1
   0023 00                   92 	.db #0x00	; 0
   0024 01                   93 	.db #0x01	; 1
   0025 01                   94 	.db #0x01	; 1
   0026 00                   95 	.db #0x00	; 0
   0027 00                   96 	.db #0x00	; 0
   0028 00                   97 	.db #0x00	; 0
   0029 00                   98 	.db #0x00	; 0
   002A 01                   99 	.db #0x01	; 1
   002B 00                  100 	.db #0x00	; 0
   002C 00                  101 	.db #0x00	; 0
   002D 00                  102 	.db #0x00	; 0
   002E 01                  103 	.db #0x01	; 1
   002F 00                  104 	.db #0x00	; 0
   0030 01                  105 	.db #0x01	; 1
   0031 00                  106 	.db #0x00	; 0
   0032 01                  107 	.db #0x01	; 1
   0033 01                  108 	.db #0x01	; 1
   0034 00                  109 	.db #0x00	; 0
   0035 01                  110 	.db #0x01	; 1
   0036 01                  111 	.db #0x01	; 1
   0037 00                  112 	.db #0x00	; 0
   0038 01                  113 	.db #0x01	; 1
   0039 00                  114 	.db #0x00	; 0
   003A 00                  115 	.db #0x00	; 0
   003B 00                  116 	.db #0x00	; 0
   003C 00                  117 	.db #0x00	; 0
   003D 00                  118 	.db #0x00	; 0
   003E 01                  119 	.db #0x01	; 1
   003F 00                  120 	.db #0x00	; 0
   0040 01                  121 	.db #0x01	; 1
   0041 00                  122 	.db #0x00	; 0
   0042 01                  123 	.db #0x01	; 1
   0043 01                  124 	.db #0x01	; 1
   0044 01                  125 	.db #0x01	; 1
   0045 00                  126 	.db #0x00	; 0
   0046 01                  127 	.db #0x01	; 1
   0047 00                  128 	.db #0x00	; 0
   0048 01                  129 	.db #0x01	; 1
   0049 00                  130 	.db #0x00	; 0
   004A 01                  131 	.db #0x01	; 1
   004B 00                  132 	.db #0x00	; 0
   004C 01                  133 	.db #0x01	; 1
   004D 01                  134 	.db #0x01	; 1
   004E 00                  135 	.db #0x00	; 0
   004F 00                  136 	.db #0x00	; 0
   0050 00                  137 	.db #0x00	; 0
   0051 00                  138 	.db #0x00	; 0
   0052 01                  139 	.db #0x01	; 1
   0053 01                  140 	.db #0x01	; 1
   0054 01                  141 	.db #0x01	; 1
   0055 00                  142 	.db #0x00	; 0
   0056 01                  143 	.db #0x01	; 1
   0057 00                  144 	.db #0x00	; 0
   0058 01                  145 	.db #0x01	; 1
   0059 00                  146 	.db #0x00	; 0
   005A 01                  147 	.db #0x01	; 1
   005B 00                  148 	.db #0x00	; 0
   005C 00                  149 	.db #0x00	; 0
   005D 00                  150 	.db #0x00	; 0
   005E 01                  151 	.db #0x01	; 1
   005F 00                  152 	.db #0x00	; 0
   0060 01                  153 	.db #0x01	; 1
   0061 00                  154 	.db #0x00	; 0
   0062 00                  155 	.db #0x00	; 0
   0063 00                  156 	.db #0x00	; 0
   0064 00                  157 	.db #0x00	; 0
   0065 00                  158 	.db #0x00	; 0
   0066 01                  159 	.db #0x01	; 1
   0067 01                  160 	.db #0x01	; 1
   0068 01                  161 	.db #0x01	; 1
   0069 01                  162 	.db #0x01	; 1
   006A 01                  163 	.db #0x01	; 1
   006B 01                  164 	.db #0x01	; 1
   006C 01                  165 	.db #0x01	; 1
   006D 01                  166 	.db #0x01	; 1
   006E 01                  167 	.db #0x01	; 1
   006F 01                  168 	.db #0x01	; 1
   0070 01                  169 	.db #0x01	; 1
   0071 01                  170 	.db #0x01	; 1
   0072 01                  171 	.db #0x01	; 1
   0073 01                  172 	.db #0x01	; 1
   0074 01                  173 	.db #0x01	; 1
   0075 01                  174 	.db #0x01	; 1
   0076 00                  175 	.db #0x00	; 0
   0077 00                  176 	.db #0x00	; 0
   0078 00                  177 	.db #0x00	; 0
   0079 00                  178 	.db #0x00	; 0
   007A 00                  179 	.db #0x00	; 0
   007B 00                  180 	.db #0x00	; 0
   007C 00                  181 	.db #0x00	; 0
   007D 00                  182 	.db #0x00	; 0
   007E 00                  183 	.db #0x00	; 0
   007F 00                  184 	.db #0x00	; 0
   0080 00                  185 	.db #0x00	; 0
   0081 00                  186 	.db #0x00	; 0
   0082 00                  187 	.db #0x00	; 0
   0083 00                  188 	.db #0x00	; 0
   0084 00                  189 	.db #0x00	; 0
   0085 00                  190 	.db #0x00	; 0
   0086 00                  191 	.db #0x00	; 0
   0087 00                  192 	.db #0x00	; 0
   0088 00                  193 	.db #0x00	; 0
   0089 00                  194 	.db #0x00	; 0
   008A 00                  195 	.db #0x00	; 0
   008B 00                  196 	.db #0x00	; 0
   008C 00                  197 	.db #0x00	; 0
   008D 00                  198 	.db #0x00	; 0
   008E 00                  199 	.db #0x00	; 0
   008F 00                  200 	.db #0x00	; 0
   0090 01                  201 	.db #0x01	; 1
   0091 00                  202 	.db #0x00	; 0
   0092 00                  203 	.db #0x00	; 0
   0093 01                  204 	.db #0x01	; 1
   0094 00                  205 	.db #0x00	; 0
   0095 01                  206 	.db #0x01	; 1
   0096 00                  207 	.db #0x00	; 0
   0097 01                  208 	.db #0x01	; 1
   0098 01                  209 	.db #0x01	; 1
   0099 01                  210 	.db #0x01	; 1
   009A 00                  211 	.db #0x00	; 0
   009B 01                  212 	.db #0x01	; 1
   009C 01                  213 	.db #0x01	; 1
   009D 00                  214 	.db #0x00	; 0
   009E 00                  215 	.db #0x00	; 0
   009F 00                  216 	.db #0x00	; 0
   00A0 00                  217 	.db #0x00	; 0
   00A1 00                  218 	.db #0x00	; 0
   00A2 00                  219 	.db #0x00	; 0
   00A3 01                  220 	.db #0x01	; 1
   00A4 00                  221 	.db #0x00	; 0
   00A5 01                  222 	.db #0x01	; 1
   00A6 00                  223 	.db #0x00	; 0
   00A7 01                  224 	.db #0x01	; 1
   00A8 00                  225 	.db #0x00	; 0
   00A9 01                  226 	.db #0x01	; 1
   00AA 00                  227 	.db #0x00	; 0
   00AB 01                  228 	.db #0x01	; 1
   00AC 01                  229 	.db #0x01	; 1
   00AD 00                  230 	.db #0x00	; 0
   00AE 00                  231 	.db #0x00	; 0
   00AF 01                  232 	.db #0x01	; 1
   00B0 01                  233 	.db #0x01	; 1
   00B1 00                  234 	.db #0x00	; 0
   00B2 00                  235 	.db #0x00	; 0
   00B3 00                  236 	.db #0x00	; 0
   00B4 00                  237 	.db #0x00	; 0
   00B5 00                  238 	.db #0x00	; 0
   00B6 00                  239 	.db #0x00	; 0
   00B7 00                  240 	.db #0x00	; 0
   00B8 01                  241 	.db #0x01	; 1
   00B9 00                  242 	.db #0x00	; 0
   00BA 00                  243 	.db #0x00	; 0
   00BB 00                  244 	.db #0x00	; 0
   00BC 01                  245 	.db #0x01	; 1
   00BD 00                  246 	.db #0x00	; 0
   00BE 00                  247 	.db #0x00	; 0
   00BF 01                  248 	.db #0x01	; 1
   00C0 01                  249 	.db #0x01	; 1
   00C1 01                  250 	.db #0x01	; 1
   00C2 00                  251 	.db #0x00	; 0
   00C3 01                  252 	.db #0x01	; 1
   00C4 00                  253 	.db #0x00	; 0
   00C5 01                  254 	.db #0x01	; 1
   00C6 00                  255 	.db #0x00	; 0
   00C7 00                  256 	.db #0x00	; 0
   00C8 00                  257 	.db #0x00	; 0
   00C9 00                  258 	.db #0x00	; 0
   00CA 00                  259 	.db #0x00	; 0
   00CB 00                  260 	.db #0x00	; 0
   00CC 00                  261 	.db #0x00	; 0
   00CD 00                  262 	.db #0x00	; 0
   00CE 00                  263 	.db #0x00	; 0
   00CF 00                  264 	.db #0x00	; 0
   00D0 00                  265 	.db #0x00	; 0
   00D1 00                  266 	.db #0x00	; 0
   00D2 00                  267 	.db #0x00	; 0
   00D3 00                  268 	.db #0x00	; 0
   00D4 00                  269 	.db #0x00	; 0
   00D5 00                  270 	.db #0x00	; 0
   00D6 00                  271 	.db #0x00	; 0
   00D7 00                  272 	.db #0x00	; 0
   00D8 00                  273 	.db #0x00	; 0
   00D9 00                  274 	.db #0x00	; 0
   00DA 00                  275 	.db #0x00	; 0
   00DB 00                  276 	.db #0x00	; 0
   00DC 00                  277 	.db #0x00	; 0
   00DD 00                  278 	.db #0x00	; 0
   00DE 00                  279 	.db #0x00	; 0
   00DF 00                  280 	.db #0x00	; 0
   00E0 00                  281 	.db #0x00	; 0
   00E1 00                  282 	.db #0x00	; 0
   00E2 00                  283 	.db #0x00	; 0
   00E3 00                  284 	.db #0x00	; 0
   00E4 00                  285 	.db #0x00	; 0
   00E5 00                  286 	.db #0x00	; 0
   00E6 00                  287 	.db #0x00	; 0
   00E7 00                  288 	.db #0x00	; 0
   00E8 00                  289 	.db #0x00	; 0
   00E9 00                  290 	.db #0x00	; 0
   00EA 00                  291 	.db #0x00	; 0
   00EB 00                  292 	.db #0x00	; 0
   00EC 00                  293 	.db #0x00	; 0
   00ED 00                  294 	.db #0x00	; 0
   00EE 00                  295 	.db #0x00	; 0
   00EF 00                  296 	.db #0x00	; 0
   00F0 00                  297 	.db #0x00	; 0
   00F1 00                  298 	.db #0x00	; 0
   00F2 00                  299 	.db #0x00	; 0
   00F3 00                  300 	.db #0x00	; 0
   00F4 00                  301 	.db #0x00	; 0
   00F5 00                  302 	.db #0x00	; 0
   00F6 00                  303 	.db #0x00	; 0
   00F7 00                  304 	.db #0x00	; 0
   00F8 00                  305 	.db #0x00	; 0
   00F9 00                  306 	.db #0x00	; 0
   00FA 00                  307 	.db #0x00	; 0
   00FB 00                  308 	.db #0x00	; 0
   00FC 00                  309 	.db #0x00	; 0
   00FD 00                  310 	.db #0x00	; 0
   00FE 00                  311 	.db #0x00	; 0
   00FF 00                  312 	.db #0x00	; 0
   0100 00                  313 	.db #0x00	; 0
   0101 00                  314 	.db #0x00	; 0
   0102 00                  315 	.db #0x00	; 0
   0103 00                  316 	.db #0x00	; 0
   0104 00                  317 	.db #0x00	; 0
   0105 00                  318 	.db #0x00	; 0
   0106 00                  319 	.db #0x00	; 0
   0107 00                  320 	.db #0x00	; 0
   0108 02                  321 	.db #0x02	; 2
   0109 02                  322 	.db #0x02	; 2
   010A 02                  323 	.db #0x02	; 2
   010B 02                  324 	.db #0x02	; 2
   010C 02                  325 	.db #0x02	; 2
   010D 02                  326 	.db #0x02	; 2
   010E 02                  327 	.db #0x02	; 2
   010F 02                  328 	.db #0x02	; 2
   0110 02                  329 	.db #0x02	; 2
   0111 02                  330 	.db #0x02	; 2
   0112 02                  331 	.db #0x02	; 2
   0113 02                  332 	.db #0x02	; 2
   0114 00                  333 	.db #0x00	; 0
   0115 00                  334 	.db #0x00	; 0
   0116 00                  335 	.db #0x00	; 0
   0117 00                  336 	.db #0x00	; 0
   0118 00                  337 	.db #0x00	; 0
   0119 00                  338 	.db #0x00	; 0
   011A 02                  339 	.db #0x02	; 2
   011B 02                  340 	.db #0x02	; 2
   011C 02                  341 	.db #0x02	; 2
   011D 02                  342 	.db #0x02	; 2
   011E 02                  343 	.db #0x02	; 2
   011F 02                  344 	.db #0x02	; 2
   0120 02                  345 	.db #0x02	; 2
   0121 02                  346 	.db #0x02	; 2
   0122 02                  347 	.db #0x02	; 2
   0123 02                  348 	.db #0x02	; 2
   0124 02                  349 	.db #0x02	; 2
   0125 02                  350 	.db #0x02	; 2
   0126 02                  351 	.db #0x02	; 2
   0127 02                  352 	.db #0x02	; 2
   0128 02                  353 	.db #0x02	; 2
   0129 02                  354 	.db #0x02	; 2
   012A 00                  355 	.db #0x00	; 0
   012B 00                  356 	.db #0x00	; 0
   012C 02                  357 	.db #0x02	; 2
   012D 02                  358 	.db #0x02	; 2
   012E 02                  359 	.db #0x02	; 2
   012F 02                  360 	.db #0x02	; 2
   0130 02                  361 	.db #0x02	; 2
   0131 02                  362 	.db #0x02	; 2
   0132 02                  363 	.db #0x02	; 2
   0133 02                  364 	.db #0x02	; 2
   0134 02                  365 	.db #0x02	; 2
   0135 02                  366 	.db #0x02	; 2
   0136 02                  367 	.db #0x02	; 2
   0137 02                  368 	.db #0x02	; 2
   0138 02                  369 	.db #0x02	; 2
   0139 02                  370 	.db #0x02	; 2
   013A 02                  371 	.db #0x02	; 2
   013B 02                  372 	.db #0x02	; 2
   013C 02                  373 	.db #0x02	; 2
   013D 02                  374 	.db #0x02	; 2
   013E 02                  375 	.db #0x02	; 2
   013F 02                  376 	.db #0x02	; 2
   0140                     377 _mapgameover_internal:
   0140r00r00               378 	.dw _mapgameover_map
   0142 14                  379 	.db #0x14	; 20
   0143 10                  380 	.db #0x10	; 16
   0144 00 00               381 	.dw #0x0000
   0146r00r00               382 	.dw _tiles
                            383 	.area _CABS (ABS)
