                              1 ;--------------------------------------------------------
                              2 ; File Created by SDCC : free open source ANSI-C Compiler
                              3 ; Version 4.0.0 #11528 (MINGW32)
                              4 ;--------------------------------------------------------
                              5 	.module mapsecret0_b4_gbm
                              6 	.optsdcc -mgbz80
                              7 	
                              8 ;--------------------------------------------------------
                              9 ; Public variables in this module
                             10 ;--------------------------------------------------------
                             11 	.globl _mapsecret0_internal
                             12 	.globl _mapsecret0_map
                             13 	.globl _empty
                             14 	.globl _mapsecret0
                             15 ;--------------------------------------------------------
                             16 ; special function registers
                             17 ;--------------------------------------------------------
                             18 ;--------------------------------------------------------
                             19 ; ram data
                             20 ;--------------------------------------------------------
                             21 	.area _DATA
                             22 ;--------------------------------------------------------
                             23 ; CODE rom data
                             24 ;--------------------------------------------------------
                             25 	.area _CODE
   0000                      26 _mapsecret0:
   0000 04                   27 	.db #0x04	; 4
   0001r40r02                28 	.dw _mapsecret0_internal
                             29 ;--------------------------------------------------------
                             30 ; absolute external ram data
                             31 ;--------------------------------------------------------
                             32 	.area _DABS (ABS)
                             33 ;--------------------------------------------------------
                             34 ; global & static initialisations
                             35 ;--------------------------------------------------------
                             36 	.area _HOME
                             37 	.area _GSINIT
                             38 	.area _GSFINAL
                             39 	.area _GSINIT
                             40 ;--------------------------------------------------------
                             41 ; Home
                             42 ;--------------------------------------------------------
                             43 	.area _HOME
                             44 ;../res/src/mapsecret0.b4.gbm.c:3: void empty(void) __nonbanked {}
                             45 ;	---------------------------------
                             46 ; Function empty
                             47 ; ---------------------------------
   0000                      48 _empty::
   0000 C9                   49 	ret
                             50 	.area _HOME
                             51 ;--------------------------------------------------------
                             52 ; code
                             53 ;--------------------------------------------------------
                             54 	.area _CODE_4
                             55 	.area _CODE_4
   0000                      56 _mapsecret0_map:
   0000 14                   57 	.db #0x14	; 20
   0001 15                   58 	.db #0x15	; 21
   0002 14                   59 	.db #0x14	; 20
   0003 15                   60 	.db #0x15	; 21
   0004 14                   61 	.db #0x14	; 20
   0005 15                   62 	.db #0x15	; 21
   0006 14                   63 	.db #0x14	; 20
   0007 15                   64 	.db #0x15	; 21
   0008 14                   65 	.db #0x14	; 20
   0009 15                   66 	.db #0x15	; 21
   000A 14                   67 	.db #0x14	; 20
   000B 15                   68 	.db #0x15	; 21
   000C 14                   69 	.db #0x14	; 20
   000D 15                   70 	.db #0x15	; 21
   000E 14                   71 	.db #0x14	; 20
   000F 15                   72 	.db #0x15	; 21
   0010 14                   73 	.db #0x14	; 20
   0011 15                   74 	.db #0x15	; 21
   0012 14                   75 	.db #0x14	; 20
   0013 15                   76 	.db #0x15	; 21
   0014 14                   77 	.db #0x14	; 20
   0015 15                   78 	.db #0x15	; 21
   0016 14                   79 	.db #0x14	; 20
   0017 15                   80 	.db #0x15	; 21
   0018 15                   81 	.db #0x15	; 21
   0019 14                   82 	.db #0x14	; 20
   001A 15                   83 	.db #0x15	; 21
   001B 14                   84 	.db #0x14	; 20
   001C 15                   85 	.db #0x15	; 21
   001D 14                   86 	.db #0x14	; 20
   001E 15                   87 	.db #0x15	; 21
   001F 14                   88 	.db #0x14	; 20
   0020 15                   89 	.db #0x15	; 21
   0021 14                   90 	.db #0x14	; 20
   0022 15                   91 	.db #0x15	; 21
   0023 14                   92 	.db #0x14	; 20
   0024 15                   93 	.db #0x15	; 21
   0025 14                   94 	.db #0x14	; 20
   0026 15                   95 	.db #0x15	; 21
   0027 14                   96 	.db #0x14	; 20
   0028 15                   97 	.db #0x15	; 21
   0029 14                   98 	.db #0x14	; 20
   002A 15                   99 	.db #0x15	; 21
   002B 14                  100 	.db #0x14	; 20
   002C 15                  101 	.db #0x15	; 21
   002D 14                  102 	.db #0x14	; 20
   002E 15                  103 	.db #0x15	; 21
   002F 14                  104 	.db #0x14	; 20
   0030 14                  105 	.db #0x14	; 20
   0031 15                  106 	.db #0x15	; 21
   0032 14                  107 	.db #0x14	; 20
   0033 15                  108 	.db #0x15	; 21
   0034 14                  109 	.db #0x14	; 20
   0035 15                  110 	.db #0x15	; 21
   0036 14                  111 	.db #0x14	; 20
   0037 15                  112 	.db #0x15	; 21
   0038 14                  113 	.db #0x14	; 20
   0039 15                  114 	.db #0x15	; 21
   003A 14                  115 	.db #0x14	; 20
   003B 15                  116 	.db #0x15	; 21
   003C 14                  117 	.db #0x14	; 20
   003D 15                  118 	.db #0x15	; 21
   003E 14                  119 	.db #0x14	; 20
   003F 15                  120 	.db #0x15	; 21
   0040 14                  121 	.db #0x14	; 20
   0041 15                  122 	.db #0x15	; 21
   0042 14                  123 	.db #0x14	; 20
   0043 15                  124 	.db #0x15	; 21
   0044 14                  125 	.db #0x14	; 20
   0045 15                  126 	.db #0x15	; 21
   0046 14                  127 	.db #0x14	; 20
   0047 15                  128 	.db #0x15	; 21
   0048 15                  129 	.db #0x15	; 21
   0049 14                  130 	.db #0x14	; 20
   004A 15                  131 	.db #0x15	; 21
   004B 14                  132 	.db #0x14	; 20
   004C 15                  133 	.db #0x15	; 21
   004D 14                  134 	.db #0x14	; 20
   004E 15                  135 	.db #0x15	; 21
   004F 14                  136 	.db #0x14	; 20
   0050 15                  137 	.db #0x15	; 21
   0051 14                  138 	.db #0x14	; 20
   0052 15                  139 	.db #0x15	; 21
   0053 14                  140 	.db #0x14	; 20
   0054 15                  141 	.db #0x15	; 21
   0055 14                  142 	.db #0x14	; 20
   0056 15                  143 	.db #0x15	; 21
   0057 14                  144 	.db #0x14	; 20
   0058 15                  145 	.db #0x15	; 21
   0059 14                  146 	.db #0x14	; 20
   005A 15                  147 	.db #0x15	; 21
   005B 14                  148 	.db #0x14	; 20
   005C 15                  149 	.db #0x15	; 21
   005D 14                  150 	.db #0x14	; 20
   005E 15                  151 	.db #0x15	; 21
   005F 14                  152 	.db #0x14	; 20
   0060 14                  153 	.db #0x14	; 20
   0061 15                  154 	.db #0x15	; 21
   0062 14                  155 	.db #0x14	; 20
   0063 15                  156 	.db #0x15	; 21
   0064 14                  157 	.db #0x14	; 20
   0065 15                  158 	.db #0x15	; 21
   0066 14                  159 	.db #0x14	; 20
   0067 15                  160 	.db #0x15	; 21
   0068 14                  161 	.db #0x14	; 20
   0069 15                  162 	.db #0x15	; 21
   006A 14                  163 	.db #0x14	; 20
   006B 15                  164 	.db #0x15	; 21
   006C 14                  165 	.db #0x14	; 20
   006D 15                  166 	.db #0x15	; 21
   006E 14                  167 	.db #0x14	; 20
   006F 15                  168 	.db #0x15	; 21
   0070 14                  169 	.db #0x14	; 20
   0071 15                  170 	.db #0x15	; 21
   0072 14                  171 	.db #0x14	; 20
   0073 15                  172 	.db #0x15	; 21
   0074 14                  173 	.db #0x14	; 20
   0075 15                  174 	.db #0x15	; 21
   0076 14                  175 	.db #0x14	; 20
   0077 15                  176 	.db #0x15	; 21
   0078 15                  177 	.db #0x15	; 21
   0079 14                  178 	.db #0x14	; 20
   007A 15                  179 	.db #0x15	; 21
   007B 14                  180 	.db #0x14	; 20
   007C 15                  181 	.db #0x15	; 21
   007D 14                  182 	.db #0x14	; 20
   007E 15                  183 	.db #0x15	; 21
   007F 14                  184 	.db #0x14	; 20
   0080 15                  185 	.db #0x15	; 21
   0081 14                  186 	.db #0x14	; 20
   0082 15                  187 	.db #0x15	; 21
   0083 14                  188 	.db #0x14	; 20
   0084 15                  189 	.db #0x15	; 21
   0085 14                  190 	.db #0x14	; 20
   0086 15                  191 	.db #0x15	; 21
   0087 14                  192 	.db #0x14	; 20
   0088 15                  193 	.db #0x15	; 21
   0089 14                  194 	.db #0x14	; 20
   008A 15                  195 	.db #0x15	; 21
   008B 14                  196 	.db #0x14	; 20
   008C 15                  197 	.db #0x15	; 21
   008D 14                  198 	.db #0x14	; 20
   008E 15                  199 	.db #0x15	; 21
   008F 14                  200 	.db #0x14	; 20
   0090 14                  201 	.db #0x14	; 20
   0091 15                  202 	.db #0x15	; 21
   0092 14                  203 	.db #0x14	; 20
   0093 15                  204 	.db #0x15	; 21
   0094 14                  205 	.db #0x14	; 20
   0095 15                  206 	.db #0x15	; 21
   0096 14                  207 	.db #0x14	; 20
   0097 15                  208 	.db #0x15	; 21
   0098 14                  209 	.db #0x14	; 20
   0099 15                  210 	.db #0x15	; 21
   009A 14                  211 	.db #0x14	; 20
   009B 15                  212 	.db #0x15	; 21
   009C 14                  213 	.db #0x14	; 20
   009D 15                  214 	.db #0x15	; 21
   009E 14                  215 	.db #0x14	; 20
   009F 15                  216 	.db #0x15	; 21
   00A0 14                  217 	.db #0x14	; 20
   00A1 15                  218 	.db #0x15	; 21
   00A2 14                  219 	.db #0x14	; 20
   00A3 15                  220 	.db #0x15	; 21
   00A4 14                  221 	.db #0x14	; 20
   00A5 15                  222 	.db #0x15	; 21
   00A6 14                  223 	.db #0x14	; 20
   00A7 15                  224 	.db #0x15	; 21
   00A8 15                  225 	.db #0x15	; 21
   00A9 14                  226 	.db #0x14	; 20
   00AA 15                  227 	.db #0x15	; 21
   00AB 14                  228 	.db #0x14	; 20
   00AC 09                  229 	.db #0x09	; 9
   00AD 00                  230 	.db #0x00	; 0
   00AE 00                  231 	.db #0x00	; 0
   00AF 00                  232 	.db #0x00	; 0
   00B0 00                  233 	.db #0x00	; 0
   00B1 00                  234 	.db #0x00	; 0
   00B2 14                  235 	.db #0x14	; 20
   00B3 15                  236 	.db #0x15	; 21
   00B4 14                  237 	.db #0x14	; 20
   00B5 15                  238 	.db #0x15	; 21
   00B6 14                  239 	.db #0x14	; 20
   00B7 15                  240 	.db #0x15	; 21
   00B8 14                  241 	.db #0x14	; 20
   00B9 15                  242 	.db #0x15	; 21
   00BA 14                  243 	.db #0x14	; 20
   00BB 15                  244 	.db #0x15	; 21
   00BC 14                  245 	.db #0x14	; 20
   00BD 14                  246 	.db #0x14	; 20
   00BE 14                  247 	.db #0x14	; 20
   00BF 14                  248 	.db #0x14	; 20
   00C0 14                  249 	.db #0x14	; 20
   00C1 15                  250 	.db #0x15	; 21
   00C2 14                  251 	.db #0x14	; 20
   00C3 14                  252 	.db #0x14	; 20
   00C4 00                  253 	.db #0x00	; 0
   00C5 00                  254 	.db #0x00	; 0
   00C6 00                  255 	.db #0x00	; 0
   00C7 00                  256 	.db #0x00	; 0
   00C8 00                  257 	.db #0x00	; 0
   00C9 00                  258 	.db #0x00	; 0
   00CA 15                  259 	.db #0x15	; 21
   00CB 14                  260 	.db #0x14	; 20
   00CC 15                  261 	.db #0x15	; 21
   00CD 14                  262 	.db #0x14	; 20
   00CE 15                  263 	.db #0x15	; 21
   00CF 14                  264 	.db #0x14	; 20
   00D0 15                  265 	.db #0x15	; 21
   00D1 14                  266 	.db #0x14	; 20
   00D2 15                  267 	.db #0x15	; 21
   00D3 14                  268 	.db #0x14	; 20
   00D4 14                  269 	.db #0x14	; 20
   00D5 14                  270 	.db #0x14	; 20
   00D6 14                  271 	.db #0x14	; 20
   00D7 14                  272 	.db #0x14	; 20
   00D8 15                  273 	.db #0x15	; 21
   00D9 14                  274 	.db #0x14	; 20
   00DA 15                  275 	.db #0x15	; 21
   00DB 14                  276 	.db #0x14	; 20
   00DC 00                  277 	.db #0x00	; 0
   00DD 00                  278 	.db #0x00	; 0
   00DE 00                  279 	.db #0x00	; 0
   00DF 00                  280 	.db #0x00	; 0
   00E0 00                  281 	.db #0x00	; 0
   00E1 00                  282 	.db #0x00	; 0
   00E2 14                  283 	.db #0x14	; 20
   00E3 14                  284 	.db #0x14	; 20
   00E4 14                  285 	.db #0x14	; 20
   00E5 15                  286 	.db #0x15	; 21
   00E6 14                  287 	.db #0x14	; 20
   00E7 14                  288 	.db #0x14	; 20
   00E8 15                  289 	.db #0x15	; 21
   00E9 14                  290 	.db #0x14	; 20
   00EA 15                  291 	.db #0x15	; 21
   00EB 14                  292 	.db #0x14	; 20
   00EC 15                  293 	.db #0x15	; 21
   00ED 14                  294 	.db #0x14	; 20
   00EE 15                  295 	.db #0x15	; 21
   00EF 14                  296 	.db #0x14	; 20
   00F0 14                  297 	.db #0x14	; 20
   00F1 15                  298 	.db #0x15	; 21
   00F2 14                  299 	.db #0x14	; 20
   00F3 14                  300 	.db #0x14	; 20
   00F4 00                  301 	.db #0x00	; 0
   00F5 00                  302 	.db #0x00	; 0
   00F6 00                  303 	.db #0x00	; 0
   00F7 00                  304 	.db #0x00	; 0
   00F8 00                  305 	.db #0x00	; 0
   00F9 00                  306 	.db #0x00	; 0
   00FA 14                  307 	.db #0x14	; 20
   00FB 15                  308 	.db #0x15	; 21
   00FC 14                  309 	.db #0x14	; 20
   00FD 15                  310 	.db #0x15	; 21
   00FE 14                  311 	.db #0x14	; 20
   00FF 15                  312 	.db #0x15	; 21
   0100 14                  313 	.db #0x14	; 20
   0101 15                  314 	.db #0x15	; 21
   0102 14                  315 	.db #0x14	; 20
   0103 15                  316 	.db #0x15	; 21
   0104 14                  317 	.db #0x14	; 20
   0105 15                  318 	.db #0x15	; 21
   0106 14                  319 	.db #0x14	; 20
   0107 15                  320 	.db #0x15	; 21
   0108 15                  321 	.db #0x15	; 21
   0109 14                  322 	.db #0x14	; 20
   010A 15                  323 	.db #0x15	; 21
   010B 14                  324 	.db #0x14	; 20
   010C 00                  325 	.db #0x00	; 0
   010D 00                  326 	.db #0x00	; 0
   010E 00                  327 	.db #0x00	; 0
   010F 00                  328 	.db #0x00	; 0
   0110 00                  329 	.db #0x00	; 0
   0111 00                  330 	.db #0x00	; 0
   0112 15                  331 	.db #0x15	; 21
   0113 14                  332 	.db #0x14	; 20
   0114 15                  333 	.db #0x15	; 21
   0115 14                  334 	.db #0x14	; 20
   0116 15                  335 	.db #0x15	; 21
   0117 14                  336 	.db #0x14	; 20
   0118 15                  337 	.db #0x15	; 21
   0119 14                  338 	.db #0x14	; 20
   011A 15                  339 	.db #0x15	; 21
   011B 14                  340 	.db #0x14	; 20
   011C 15                  341 	.db #0x15	; 21
   011D 14                  342 	.db #0x14	; 20
   011E 15                  343 	.db #0x15	; 21
   011F 14                  344 	.db #0x14	; 20
   0120 14                  345 	.db #0x14	; 20
   0121 15                  346 	.db #0x15	; 21
   0122 15                  347 	.db #0x15	; 21
   0123 14                  348 	.db #0x14	; 20
   0124 15                  349 	.db #0x15	; 21
   0125 14                  350 	.db #0x14	; 20
   0126 00                  351 	.db #0x00	; 0
   0127 00                  352 	.db #0x00	; 0
   0128 00                  353 	.db #0x00	; 0
   0129 00                  354 	.db #0x00	; 0
   012A 00                  355 	.db #0x00	; 0
   012B 00                  356 	.db #0x00	; 0
   012C 00                  357 	.db #0x00	; 0
   012D 00                  358 	.db #0x00	; 0
   012E 00                  359 	.db #0x00	; 0
   012F 15                  360 	.db #0x15	; 21
   0130 14                  361 	.db #0x14	; 20
   0131 15                  362 	.db #0x15	; 21
   0132 14                  363 	.db #0x14	; 20
   0133 15                  364 	.db #0x15	; 21
   0134 14                  365 	.db #0x14	; 20
   0135 15                  366 	.db #0x15	; 21
   0136 14                  367 	.db #0x14	; 20
   0137 15                  368 	.db #0x15	; 21
   0138 15                  369 	.db #0x15	; 21
   0139 15                  370 	.db #0x15	; 21
   013A 14                  371 	.db #0x14	; 20
   013B 15                  372 	.db #0x15	; 21
   013C 14                  373 	.db #0x14	; 20
   013D 15                  374 	.db #0x15	; 21
   013E 00                  375 	.db #0x00	; 0
   013F 00                  376 	.db #0x00	; 0
   0140 00                  377 	.db #0x00	; 0
   0141 00                  378 	.db #0x00	; 0
   0142 00                  379 	.db #0x00	; 0
   0143 00                  380 	.db #0x00	; 0
   0144 00                  381 	.db #0x00	; 0
   0145 00                  382 	.db #0x00	; 0
   0146 00                  383 	.db #0x00	; 0
   0147 2B                  384 	.db #0x2b	; 43
   0148 15                  385 	.db #0x15	; 21
   0149 14                  386 	.db #0x14	; 20
   014A 15                  387 	.db #0x15	; 21
   014B 14                  388 	.db #0x14	; 20
   014C 15                  389 	.db #0x15	; 21
   014D 14                  390 	.db #0x14	; 20
   014E 15                  391 	.db #0x15	; 21
   014F 14                  392 	.db #0x14	; 20
   0150 14                  393 	.db #0x14	; 20
   0151 15                  394 	.db #0x15	; 21
   0152 14                  395 	.db #0x14	; 20
   0153 15                  396 	.db #0x15	; 21
   0154 14                  397 	.db #0x14	; 20
   0155 00                  398 	.db #0x00	; 0
   0156 00                  399 	.db #0x00	; 0
   0157 00                  400 	.db #0x00	; 0
   0158 00                  401 	.db #0x00	; 0
   0159 00                  402 	.db #0x00	; 0
   015A 00                  403 	.db #0x00	; 0
   015B 00                  404 	.db #0x00	; 0
   015C 00                  405 	.db #0x00	; 0
   015D 00                  406 	.db #0x00	; 0
   015E 00                  407 	.db #0x00	; 0
   015F 2C                  408 	.db #0x2c	; 44
   0160 14                  409 	.db #0x14	; 20
   0161 15                  410 	.db #0x15	; 21
   0162 14                  411 	.db #0x14	; 20
   0163 15                  412 	.db #0x15	; 21
   0164 14                  413 	.db #0x14	; 20
   0165 15                  414 	.db #0x15	; 21
   0166 14                  415 	.db #0x14	; 20
   0167 15                  416 	.db #0x15	; 21
   0168 15                  417 	.db #0x15	; 21
   0169 14                  418 	.db #0x14	; 20
   016A 15                  419 	.db #0x15	; 21
   016B 14                  420 	.db #0x14	; 20
   016C 15                  421 	.db #0x15	; 21
   016D 00                  422 	.db #0x00	; 0
   016E 00                  423 	.db #0x00	; 0
   016F 00                  424 	.db #0x00	; 0
   0170 00                  425 	.db #0x00	; 0
   0171 00                  426 	.db #0x00	; 0
   0172 00                  427 	.db #0x00	; 0
   0173 00                  428 	.db #0x00	; 0
   0174 00                  429 	.db #0x00	; 0
   0175 15                  430 	.db #0x15	; 21
   0176 15                  431 	.db #0x15	; 21
   0177 13                  432 	.db #0x13	; 19
   0178 15                  433 	.db #0x15	; 21
   0179 14                  434 	.db #0x14	; 20
   017A 15                  435 	.db #0x15	; 21
   017B 14                  436 	.db #0x14	; 20
   017C 15                  437 	.db #0x15	; 21
   017D 14                  438 	.db #0x14	; 20
   017E 15                  439 	.db #0x15	; 21
   017F 14                  440 	.db #0x14	; 20
   0180 14                  441 	.db #0x14	; 20
   0181 15                  442 	.db #0x15	; 21
   0182 14                  443 	.db #0x14	; 20
   0183 15                  444 	.db #0x15	; 21
   0184 14                  445 	.db #0x14	; 20
   0185 00                  446 	.db #0x00	; 0
   0186 00                  447 	.db #0x00	; 0
   0187 00                  448 	.db #0x00	; 0
   0188 00                  449 	.db #0x00	; 0
   0189 00                  450 	.db #0x00	; 0
   018A 15                  451 	.db #0x15	; 21
   018B 14                  452 	.db #0x14	; 20
   018C 15                  453 	.db #0x15	; 21
   018D 14                  454 	.db #0x14	; 20
   018E 15                  455 	.db #0x15	; 21
   018F 14                  456 	.db #0x14	; 20
   0190 15                  457 	.db #0x15	; 21
   0191 14                  458 	.db #0x14	; 20
   0192 15                  459 	.db #0x15	; 21
   0193 14                  460 	.db #0x14	; 20
   0194 15                  461 	.db #0x15	; 21
   0195 14                  462 	.db #0x14	; 20
   0196 15                  463 	.db #0x15	; 21
   0197 14                  464 	.db #0x14	; 20
   0198 15                  465 	.db #0x15	; 21
   0199 14                  466 	.db #0x14	; 20
   019A 15                  467 	.db #0x15	; 21
   019B 14                  468 	.db #0x14	; 20
   019C 15                  469 	.db #0x15	; 21
   019D 02                  470 	.db #0x02	; 2
   019E 14                  471 	.db #0x14	; 20
   019F 15                  472 	.db #0x15	; 21
   01A0 14                  473 	.db #0x14	; 20
   01A1 15                  474 	.db #0x15	; 21
   01A2 14                  475 	.db #0x14	; 20
   01A3 15                  476 	.db #0x15	; 21
   01A4 14                  477 	.db #0x14	; 20
   01A5 15                  478 	.db #0x15	; 21
   01A6 14                  479 	.db #0x14	; 20
   01A7 15                  480 	.db #0x15	; 21
   01A8 14                  481 	.db #0x14	; 20
   01A9 15                  482 	.db #0x15	; 21
   01AA 14                  483 	.db #0x14	; 20
   01AB 15                  484 	.db #0x15	; 21
   01AC 14                  485 	.db #0x14	; 20
   01AD 15                  486 	.db #0x15	; 21
   01AE 14                  487 	.db #0x14	; 20
   01AF 15                  488 	.db #0x15	; 21
   01B0 14                  489 	.db #0x14	; 20
   01B1 15                  490 	.db #0x15	; 21
   01B2 14                  491 	.db #0x14	; 20
   01B3 15                  492 	.db #0x15	; 21
   01B4 14                  493 	.db #0x14	; 20
   01B5 15                  494 	.db #0x15	; 21
   01B6 14                  495 	.db #0x14	; 20
   01B7 15                  496 	.db #0x15	; 21
   01B8 14                  497 	.db #0x14	; 20
   01B9 15                  498 	.db #0x15	; 21
   01BA 14                  499 	.db #0x14	; 20
   01BB 15                  500 	.db #0x15	; 21
   01BC 14                  501 	.db #0x14	; 20
   01BD 15                  502 	.db #0x15	; 21
   01BE 14                  503 	.db #0x14	; 20
   01BF 15                  504 	.db #0x15	; 21
   01C0 14                  505 	.db #0x14	; 20
   01C1 15                  506 	.db #0x15	; 21
   01C2 14                  507 	.db #0x14	; 20
   01C3 15                  508 	.db #0x15	; 21
   01C4 14                  509 	.db #0x14	; 20
   01C5 15                  510 	.db #0x15	; 21
   01C6 14                  511 	.db #0x14	; 20
   01C7 15                  512 	.db #0x15	; 21
   01C8 15                  513 	.db #0x15	; 21
   01C9 14                  514 	.db #0x14	; 20
   01CA 15                  515 	.db #0x15	; 21
   01CB 14                  516 	.db #0x14	; 20
   01CC 15                  517 	.db #0x15	; 21
   01CD 14                  518 	.db #0x14	; 20
   01CE 15                  519 	.db #0x15	; 21
   01CF 14                  520 	.db #0x14	; 20
   01D0 15                  521 	.db #0x15	; 21
   01D1 14                  522 	.db #0x14	; 20
   01D2 15                  523 	.db #0x15	; 21
   01D3 14                  524 	.db #0x14	; 20
   01D4 15                  525 	.db #0x15	; 21
   01D5 14                  526 	.db #0x14	; 20
   01D6 15                  527 	.db #0x15	; 21
   01D7 14                  528 	.db #0x14	; 20
   01D8 15                  529 	.db #0x15	; 21
   01D9 14                  530 	.db #0x14	; 20
   01DA 15                  531 	.db #0x15	; 21
   01DB 14                  532 	.db #0x14	; 20
   01DC 15                  533 	.db #0x15	; 21
   01DD 14                  534 	.db #0x14	; 20
   01DE 15                  535 	.db #0x15	; 21
   01DF 14                  536 	.db #0x14	; 20
   01E0 14                  537 	.db #0x14	; 20
   01E1 15                  538 	.db #0x15	; 21
   01E2 14                  539 	.db #0x14	; 20
   01E3 15                  540 	.db #0x15	; 21
   01E4 14                  541 	.db #0x14	; 20
   01E5 15                  542 	.db #0x15	; 21
   01E6 14                  543 	.db #0x14	; 20
   01E7 15                  544 	.db #0x15	; 21
   01E8 14                  545 	.db #0x14	; 20
   01E9 15                  546 	.db #0x15	; 21
   01EA 14                  547 	.db #0x14	; 20
   01EB 15                  548 	.db #0x15	; 21
   01EC 14                  549 	.db #0x14	; 20
   01ED 15                  550 	.db #0x15	; 21
   01EE 14                  551 	.db #0x14	; 20
   01EF 15                  552 	.db #0x15	; 21
   01F0 14                  553 	.db #0x14	; 20
   01F1 15                  554 	.db #0x15	; 21
   01F2 14                  555 	.db #0x14	; 20
   01F3 15                  556 	.db #0x15	; 21
   01F4 14                  557 	.db #0x14	; 20
   01F5 15                  558 	.db #0x15	; 21
   01F6 14                  559 	.db #0x14	; 20
   01F7 15                  560 	.db #0x15	; 21
   01F8 15                  561 	.db #0x15	; 21
   01F9 14                  562 	.db #0x14	; 20
   01FA 15                  563 	.db #0x15	; 21
   01FB 14                  564 	.db #0x14	; 20
   01FC 15                  565 	.db #0x15	; 21
   01FD 14                  566 	.db #0x14	; 20
   01FE 15                  567 	.db #0x15	; 21
   01FF 14                  568 	.db #0x14	; 20
   0200 15                  569 	.db #0x15	; 21
   0201 14                  570 	.db #0x14	; 20
   0202 15                  571 	.db #0x15	; 21
   0203 14                  572 	.db #0x14	; 20
   0204 15                  573 	.db #0x15	; 21
   0205 14                  574 	.db #0x14	; 20
   0206 15                  575 	.db #0x15	; 21
   0207 14                  576 	.db #0x14	; 20
   0208 15                  577 	.db #0x15	; 21
   0209 14                  578 	.db #0x14	; 20
   020A 15                  579 	.db #0x15	; 21
   020B 14                  580 	.db #0x14	; 20
   020C 15                  581 	.db #0x15	; 21
   020D 14                  582 	.db #0x14	; 20
   020E 15                  583 	.db #0x15	; 21
   020F 14                  584 	.db #0x14	; 20
   0210 14                  585 	.db #0x14	; 20
   0211 15                  586 	.db #0x15	; 21
   0212 14                  587 	.db #0x14	; 20
   0213 15                  588 	.db #0x15	; 21
   0214 14                  589 	.db #0x14	; 20
   0215 15                  590 	.db #0x15	; 21
   0216 14                  591 	.db #0x14	; 20
   0217 15                  592 	.db #0x15	; 21
   0218 14                  593 	.db #0x14	; 20
   0219 15                  594 	.db #0x15	; 21
   021A 14                  595 	.db #0x14	; 20
   021B 15                  596 	.db #0x15	; 21
   021C 14                  597 	.db #0x14	; 20
   021D 15                  598 	.db #0x15	; 21
   021E 14                  599 	.db #0x14	; 20
   021F 15                  600 	.db #0x15	; 21
   0220 14                  601 	.db #0x14	; 20
   0221 15                  602 	.db #0x15	; 21
   0222 14                  603 	.db #0x14	; 20
   0223 15                  604 	.db #0x15	; 21
   0224 14                  605 	.db #0x14	; 20
   0225 15                  606 	.db #0x15	; 21
   0226 14                  607 	.db #0x14	; 20
   0227 15                  608 	.db #0x15	; 21
   0228 15                  609 	.db #0x15	; 21
   0229 14                  610 	.db #0x14	; 20
   022A 15                  611 	.db #0x15	; 21
   022B 14                  612 	.db #0x14	; 20
   022C 15                  613 	.db #0x15	; 21
   022D 14                  614 	.db #0x14	; 20
   022E 15                  615 	.db #0x15	; 21
   022F 14                  616 	.db #0x14	; 20
   0230 15                  617 	.db #0x15	; 21
   0231 14                  618 	.db #0x14	; 20
   0232 15                  619 	.db #0x15	; 21
   0233 14                  620 	.db #0x14	; 20
   0234 15                  621 	.db #0x15	; 21
   0235 14                  622 	.db #0x14	; 20
   0236 15                  623 	.db #0x15	; 21
   0237 14                  624 	.db #0x14	; 20
   0238 15                  625 	.db #0x15	; 21
   0239 14                  626 	.db #0x14	; 20
   023A 15                  627 	.db #0x15	; 21
   023B 14                  628 	.db #0x14	; 20
   023C 15                  629 	.db #0x15	; 21
   023D 14                  630 	.db #0x14	; 20
   023E 15                  631 	.db #0x15	; 21
   023F 14                  632 	.db #0x14	; 20
   0240                     633 _mapsecret0_internal:
   0240r00r00               634 	.dw _mapsecret0_map
   0242 18                  635 	.db #0x18	; 24
   0243 18                  636 	.db #0x18	; 24
   0244 00 00               637 	.dw #0x0000
   0246r00r00               638 	.dw _tiles
                            639 	.area _CABS (ABS)
