                              1 ;--------------------------------------------------------
                              2 ; File Created by SDCC : free open source ANSI-C Compiler
                              3 ; Version 4.0.0 #11528 (MINGW32)
                              4 ;--------------------------------------------------------
                              5 	.module platform_b3_gbr
                              6 	.optsdcc -mgbz80
                              7 	
                              8 ;--------------------------------------------------------
                              9 ; Public variables in this module
                             10 ;--------------------------------------------------------
                             11 	.globl _platform_internal
                             12 	.globl _platform_tiles
                             13 	.globl _empty
                             14 	.globl _platform
                             15 ;--------------------------------------------------------
                             16 ; special function registers
                             17 ;--------------------------------------------------------
                             18 ;--------------------------------------------------------
                             19 ; ram data
                             20 ;--------------------------------------------------------
                             21 	.area _DATA
                             22 ;--------------------------------------------------------
                             23 ; CODE rom data
                             24 ;--------------------------------------------------------
                             25 	.area _CODE
   0000                      26 _platform:
   0000 03                   27 	.db #0x03	; 3
   0001r40r00                28 	.dw _platform_internal
                             29 ;--------------------------------------------------------
                             30 ; absolute external ram data
                             31 ;--------------------------------------------------------
                             32 	.area _DABS (ABS)
                             33 ;--------------------------------------------------------
                             34 ; global & static initialisations
                             35 ;--------------------------------------------------------
                             36 	.area _HOME
                             37 	.area _GSINIT
                             38 	.area _GSFINAL
                             39 	.area _GSINIT
                             40 ;--------------------------------------------------------
                             41 ; Home
                             42 ;--------------------------------------------------------
                             43 	.area _HOME
                             44 ;../res/src/platform.b3.gbr.c:3: void empty(void) __nonbanked {}
                             45 ;	---------------------------------
                             46 ; Function empty
                             47 ; ---------------------------------
   0000                      48 _empty::
   0000 C9                   49 	ret
                             50 	.area _HOME
                             51 ;--------------------------------------------------------
                             52 ; code
                             53 ;--------------------------------------------------------
                             54 	.area _CODE_3
                             55 	.area _CODE_3
   0000                      56 _platform_tiles:
   0000 00                   57 	.db #0x00	; 0
   0001 00                   58 	.db #0x00	; 0
   0002 00                   59 	.db #0x00	; 0
   0003 00                   60 	.db #0x00	; 0
   0004 00                   61 	.db #0x00	; 0
   0005 00                   62 	.db #0x00	; 0
   0006 00                   63 	.db #0x00	; 0
   0007 00                   64 	.db #0x00	; 0
   0008 00                   65 	.db #0x00	; 0
   0009 00                   66 	.db #0x00	; 0
   000A 00                   67 	.db #0x00	; 0
   000B 00                   68 	.db #0x00	; 0
   000C 00                   69 	.db #0x00	; 0
   000D 00                   70 	.db #0x00	; 0
   000E 00                   71 	.db #0x00	; 0
   000F 00                   72 	.db #0x00	; 0
   0010 00                   73 	.db #0x00	; 0
   0011 00                   74 	.db #0x00	; 0
   0012 00                   75 	.db #0x00	; 0
   0013 00                   76 	.db #0x00	; 0
   0014 00                   77 	.db #0x00	; 0
   0015 00                   78 	.db #0x00	; 0
   0016 00                   79 	.db #0x00	; 0
   0017 00                   80 	.db #0x00	; 0
   0018 7F                   81 	.db #0x7f	; 127
   0019 80                   82 	.db #0x80	; 128
   001A 60                   83 	.db #0x60	; 96
   001B 7F                   84 	.db #0x7f	; 127
   001C 3F                   85 	.db #0x3f	; 63
   001D 3F                   86 	.db #0x3f	; 63
   001E 20                   87 	.db #0x20	; 32
   001F 20                   88 	.db #0x20	; 32
   0020 00                   89 	.db #0x00	; 0
   0021 00                   90 	.db #0x00	; 0
   0022 00                   91 	.db #0x00	; 0
   0023 00                   92 	.db #0x00	; 0
   0024 00                   93 	.db #0x00	; 0
   0025 00                   94 	.db #0x00	; 0
   0026 00                   95 	.db #0x00	; 0
   0027 00                   96 	.db #0x00	; 0
   0028 00                   97 	.db #0x00	; 0
   0029 00                   98 	.db #0x00	; 0
   002A 00                   99 	.db #0x00	; 0
   002B 00                  100 	.db #0x00	; 0
   002C 00                  101 	.db #0x00	; 0
   002D 00                  102 	.db #0x00	; 0
   002E 00                  103 	.db #0x00	; 0
   002F 00                  104 	.db #0x00	; 0
   0030 00                  105 	.db #0x00	; 0
   0031 00                  106 	.db #0x00	; 0
   0032 00                  107 	.db #0x00	; 0
   0033 00                  108 	.db #0x00	; 0
   0034 00                  109 	.db #0x00	; 0
   0035 00                  110 	.db #0x00	; 0
   0036 00                  111 	.db #0x00	; 0
   0037 00                  112 	.db #0x00	; 0
   0038 FE                  113 	.db #0xfe	; 254
   0039 01                  114 	.db #0x01	; 1
   003A 06                  115 	.db #0x06	; 6
   003B FE                  116 	.db #0xfe	; 254
   003C FC                  117 	.db #0xfc	; 252
   003D FC                  118 	.db #0xfc	; 252
   003E 04                  119 	.db #0x04	; 4
   003F 04                  120 	.db #0x04	; 4
   0040                     121 _platform_internal:
   0040 10                  122 	.db #0x10	; 16
   0041 10                  123 	.db #0x10	; 16
   0042 01                  124 	.db #0x01	; 1
   0043r00r00               125 	.dw _platform_tiles
   0045 00 00               126 	.dw #0x0000
                            127 	.area _CABS (ABS)
