                              1 ;--------------------------------------------------------
                              2 ; File Created by SDCC : free open source ANSI-C Compiler
                              3 ; Version 4.0.0 #11528 (MINGW32)
                              4 ;--------------------------------------------------------
                              5 	.module scorpion_b3_gbr
                              6 	.optsdcc -mgbz80
                              7 	
                              8 ;--------------------------------------------------------
                              9 ; Public variables in this module
                             10 ;--------------------------------------------------------
                             11 	.globl _scorpion_internal
                             12 	.globl _scorpion_tiles
                             13 	.globl _empty
                             14 	.globl _scorpion
                             15 ;--------------------------------------------------------
                             16 ; special function registers
                             17 ;--------------------------------------------------------
                             18 ;--------------------------------------------------------
                             19 ; ram data
                             20 ;--------------------------------------------------------
                             21 	.area _DATA
                             22 ;--------------------------------------------------------
                             23 ; CODE rom data
                             24 ;--------------------------------------------------------
                             25 	.area _CODE
   0000                      26 _scorpion:
   0000 03                   27 	.db #0x03	; 3
   0001r80r01                28 	.dw _scorpion_internal
                             29 ;--------------------------------------------------------
                             30 ; absolute external ram data
                             31 ;--------------------------------------------------------
                             32 	.area _DABS (ABS)
                             33 ;--------------------------------------------------------
                             34 ; global & static initialisations
                             35 ;--------------------------------------------------------
                             36 	.area _HOME
                             37 	.area _GSINIT
                             38 	.area _GSFINAL
                             39 	.area _GSINIT
                             40 ;--------------------------------------------------------
                             41 ; Home
                             42 ;--------------------------------------------------------
                             43 	.area _HOME
                             44 ;../res/src/scorpion.b3.gbr.c:3: void empty(void) __nonbanked {}
                             45 ;	---------------------------------
                             46 ; Function empty
                             47 ; ---------------------------------
   0000                      48 _empty::
   0000 C9                   49 	ret
                             50 	.area _HOME
                             51 ;--------------------------------------------------------
                             52 ; code
                             53 ;--------------------------------------------------------
                             54 	.area _CODE_3
                             55 	.area _CODE_3
   0000                      56 _scorpion_tiles:
   0000 00                   57 	.db #0x00	; 0
   0001 00                   58 	.db #0x00	; 0
   0002 00                   59 	.db #0x00	; 0
   0003 00                   60 	.db #0x00	; 0
   0004 00                   61 	.db #0x00	; 0
   0005 01                   62 	.db #0x01	; 1
   0006 00                   63 	.db #0x00	; 0
   0007 03                   64 	.db #0x03	; 3
   0008 00                   65 	.db #0x00	; 0
   0009 06                   66 	.db #0x06	; 6
   000A 00                   67 	.db #0x00	; 0
   000B 0C                   68 	.db #0x0c	; 12
   000C 00                   69 	.db #0x00	; 0
   000D 18                   70 	.db #0x18	; 24
   000E 00                   71 	.db #0x00	; 0
   000F 30                   72 	.db #0x30	; 48	'0'
   0010 00                   73 	.db #0x00	; 0
   0011 40                   74 	.db #0x40	; 64
   0012 00                   75 	.db #0x00	; 0
   0013 40                   76 	.db #0x40	; 64
   0014 00                   77 	.db #0x00	; 0
   0015 58                   78 	.db #0x58	; 88	'X'
   0016 10                   79 	.db #0x10	; 16
   0017 2C                   80 	.db #0x2c	; 44
   0018 28                   81 	.db #0x28	; 40
   0019 17                   82 	.db #0x17	; 23
   001A 03                   83 	.db #0x03	; 3
   001B 1B                   84 	.db #0x1b	; 27
   001C 00                   85 	.db #0x00	; 0
   001D 04                   86 	.db #0x04	; 4
   001E 00                   87 	.db #0x00	; 0
   001F 08                   88 	.db #0x08	; 8
   0020 00                   89 	.db #0x00	; 0
   0021 00                   90 	.db #0x00	; 0
   0022 00                   91 	.db #0x00	; 0
   0023 00                   92 	.db #0x00	; 0
   0024 00                   93 	.db #0x00	; 0
   0025 C0                   94 	.db #0xc0	; 192
   0026 00                   95 	.db #0x00	; 0
   0027 E0                   96 	.db #0xe0	; 224
   0028 00                   97 	.db #0x00	; 0
   0029 60                   98 	.db #0x60	; 96
   002A 10                   99 	.db #0x10	; 16
   002B 20                  100 	.db #0x20	; 32
   002C 30                  101 	.db #0x30	; 48	'0'
   002D 00                  102 	.db #0x00	; 0
   002E 00                  103 	.db #0x00	; 0
   002F 00                  104 	.db #0x00	; 0
   0030 00                  105 	.db #0x00	; 0
   0031 07                  106 	.db #0x07	; 7
   0032 00                  107 	.db #0x00	; 0
   0033 0E                  108 	.db #0x0e	; 14
   0034 20                  109 	.db #0x20	; 32
   0035 18                  110 	.db #0x18	; 24
   0036 10                  111 	.db #0x10	; 16
   0037 63                  112 	.db #0x63	; 99	'c'
   0038 80                  113 	.db #0x80	; 128
   0039 7E                  114 	.db #0x7e	; 126
   003A 40                  115 	.db #0x40	; 64
   003B DC                  116 	.db #0xdc	; 220
   003C 00                  117 	.db #0x00	; 0
   003D 40                  118 	.db #0x40	; 64
   003E 00                  119 	.db #0x00	; 0
   003F 80                  120 	.db #0x80	; 128
   0040 00                  121 	.db #0x00	; 0
   0041 00                  122 	.db #0x00	; 0
   0042 00                  123 	.db #0x00	; 0
   0043 03                  124 	.db #0x03	; 3
   0044 00                  125 	.db #0x00	; 0
   0045 07                  126 	.db #0x07	; 7
   0046 00                  127 	.db #0x00	; 0
   0047 06                  128 	.db #0x06	; 6
   0048 00                  129 	.db #0x00	; 0
   0049 0C                  130 	.db #0x0c	; 12
   004A 00                  131 	.db #0x00	; 0
   004B 08                  132 	.db #0x08	; 8
   004C 00                  133 	.db #0x00	; 0
   004D 18                  134 	.db #0x18	; 24
   004E 00                  135 	.db #0x00	; 0
   004F 30                  136 	.db #0x30	; 48	'0'
   0050 00                  137 	.db #0x00	; 0
   0051 60                  138 	.db #0x60	; 96
   0052 00                  139 	.db #0x00	; 0
   0053 60                  140 	.db #0x60	; 96
   0054 00                  141 	.db #0x00	; 0
   0055 70                  142 	.db #0x70	; 112	'p'
   0056 10                  143 	.db #0x10	; 16
   0057 68                  144 	.db #0x68	; 104	'h'
   0058 28                  145 	.db #0x28	; 40
   0059 17                  146 	.db #0x17	; 23
   005A 03                  147 	.db #0x03	; 3
   005B 1B                  148 	.db #0x1b	; 27
   005C 00                  149 	.db #0x00	; 0
   005D 04                  150 	.db #0x04	; 4
   005E 00                  151 	.db #0x00	; 0
   005F 08                  152 	.db #0x08	; 8
   0060 00                  153 	.db #0x00	; 0
   0061 00                  154 	.db #0x00	; 0
   0062 00                  155 	.db #0x00	; 0
   0063 80                  156 	.db #0x80	; 128
   0064 00                  157 	.db #0x00	; 0
   0065 C0                  158 	.db #0xc0	; 192
   0066 20                  159 	.db #0x20	; 32
   0067 40                  160 	.db #0x40	; 64
   0068 60                  161 	.db #0x60	; 96
   0069 00                  162 	.db #0x00	; 0
   006A 00                  163 	.db #0x00	; 0
   006B 00                  164 	.db #0x00	; 0
   006C 00                  165 	.db #0x00	; 0
   006D 00                  166 	.db #0x00	; 0
   006E 00                  167 	.db #0x00	; 0
   006F 00                  168 	.db #0x00	; 0
   0070 00                  169 	.db #0x00	; 0
   0071 02                  170 	.db #0x02	; 2
   0072 00                  171 	.db #0x00	; 0
   0073 0C                  172 	.db #0x0c	; 12
   0074 20                  173 	.db #0x20	; 32
   0075 1A                  174 	.db #0x1a	; 26
   0076 10                  175 	.db #0x10	; 16
   0077 60                  176 	.db #0x60	; 96
   0078 80                  177 	.db #0x80	; 128
   0079 7E                  178 	.db #0x7e	; 126
   007A 40                  179 	.db #0x40	; 64
   007B DC                  180 	.db #0xdc	; 220
   007C 00                  181 	.db #0x00	; 0
   007D 42                  182 	.db #0x42	; 66	'B'
   007E 00                  183 	.db #0x00	; 0
   007F 20                  184 	.db #0x20	; 32
   0080 30                  185 	.db #0x30	; 48	'0'
   0081 00                  186 	.db #0x00	; 0
   0082 10                  187 	.db #0x10	; 16
   0083 20                  188 	.db #0x20	; 32
   0084 00                  189 	.db #0x00	; 0
   0085 20                  190 	.db #0x20	; 32
   0086 00                  191 	.db #0x00	; 0
   0087 40                  192 	.db #0x40	; 64
   0088 00                  193 	.db #0x00	; 0
   0089 80                  194 	.db #0x80	; 128
   008A 00                  195 	.db #0x00	; 0
   008B 80                  196 	.db #0x80	; 128
   008C 00                  197 	.db #0x00	; 0
   008D 80                  198 	.db #0x80	; 128
   008E 00                  199 	.db #0x00	; 0
   008F 40                  200 	.db #0x40	; 64
   0090 03                  201 	.db #0x03	; 3
   0091 60                  202 	.db #0x60	; 96
   0092 04                  203 	.db #0x04	; 4
   0093 33                  204 	.db #0x33	; 51	'3'
   0094 04                  205 	.db #0x04	; 4
   0095 3B                  206 	.db #0x3b	; 59
   0096 10                  207 	.db #0x10	; 16
   0097 0E                  208 	.db #0x0e	; 14
   0098 08                  209 	.db #0x08	; 8
   0099 04                  210 	.db #0x04	; 4
   009A 00                  211 	.db #0x00	; 0
   009B 00                  212 	.db #0x00	; 0
   009C 00                  213 	.db #0x00	; 0
   009D 01                  214 	.db #0x01	; 1
   009E 00                  215 	.db #0x00	; 0
   009F 00                  216 	.db #0x00	; 0
   00A0 00                  217 	.db #0x00	; 0
   00A1 00                  218 	.db #0x00	; 0
   00A2 00                  219 	.db #0x00	; 0
   00A3 48                  220 	.db #0x48	; 72	'H'
   00A4 30                  221 	.db #0x30	; 48	'0'
   00A5 00                  222 	.db #0x00	; 0
   00A6 30                  223 	.db #0x30	; 48	'0'
   00A7 04                  224 	.db #0x04	; 4
   00A8 00                  225 	.db #0x00	; 0
   00A9 48                  226 	.db #0x48	; 72	'H'
   00AA 00                  227 	.db #0x00	; 0
   00AB 18                  228 	.db #0x18	; 24
   00AC 20                  229 	.db #0x20	; 32
   00AD 1A                  230 	.db #0x1a	; 26
   00AE C0                  231 	.db #0xc0	; 192
   00AF 3C                  232 	.db #0x3c	; 60
   00B0 00                  233 	.db #0x00	; 0
   00B1 F2                  234 	.db #0xf2	; 242
   00B2 00                  235 	.db #0x00	; 0
   00B3 90                  236 	.db #0x90	; 144
   00B4 00                  237 	.db #0x00	; 0
   00B5 88                  238 	.db #0x88	; 136
   00B6 00                  239 	.db #0x00	; 0
   00B7 88                  240 	.db #0x88	; 136
   00B8 00                  241 	.db #0x00	; 0
   00B9 90                  242 	.db #0x90	; 144
   00BA 00                  243 	.db #0x00	; 0
   00BB 80                  244 	.db #0x80	; 128
   00BC 00                  245 	.db #0x00	; 0
   00BD 00                  246 	.db #0x00	; 0
   00BE 00                  247 	.db #0x00	; 0
   00BF 00                  248 	.db #0x00	; 0
   00C0 30                  249 	.db #0x30	; 48	'0'
   00C1 00                  250 	.db #0x00	; 0
   00C2 10                  251 	.db #0x10	; 16
   00C3 20                  252 	.db #0x20	; 32
   00C4 00                  253 	.db #0x00	; 0
   00C5 20                  254 	.db #0x20	; 32
   00C6 00                  255 	.db #0x00	; 0
   00C7 40                  256 	.db #0x40	; 64
   00C8 00                  257 	.db #0x00	; 0
   00C9 80                  258 	.db #0x80	; 128
   00CA 00                  259 	.db #0x00	; 0
   00CB 80                  260 	.db #0x80	; 128
   00CC 00                  261 	.db #0x00	; 0
   00CD 80                  262 	.db #0x80	; 128
   00CE 00                  263 	.db #0x00	; 0
   00CF 80                  264 	.db #0x80	; 128
   00D0 03                  265 	.db #0x03	; 3
   00D1 C0                  266 	.db #0xc0	; 192
   00D2 04                  267 	.db #0x04	; 4
   00D3 73                  268 	.db #0x73	; 115	's'
   00D4 04                  269 	.db #0x04	; 4
   00D5 7B                  270 	.db #0x7b	; 123
   00D6 10                  271 	.db #0x10	; 16
   00D7 2E                  272 	.db #0x2e	; 46
   00D8 08                  273 	.db #0x08	; 8
   00D9 14                  274 	.db #0x14	; 20
   00DA 00                  275 	.db #0x00	; 0
   00DB 00                  276 	.db #0x00	; 0
   00DC 00                  277 	.db #0x00	; 0
   00DD 01                  278 	.db #0x01	; 1
   00DE 00                  279 	.db #0x00	; 0
   00DF 00                  280 	.db #0x00	; 0
   00E0 00                  281 	.db #0x00	; 0
   00E1 84                  282 	.db #0x84	; 132
   00E2 00                  283 	.db #0x00	; 0
   00E3 48                  284 	.db #0x48	; 72	'H'
   00E4 00                  285 	.db #0x00	; 0
   00E5 00                  286 	.db #0x00	; 0
   00E6 00                  287 	.db #0x00	; 0
   00E7 04                  288 	.db #0x04	; 4
   00E8 00                  289 	.db #0x00	; 0
   00E9 48                  290 	.db #0x48	; 72	'H'
   00EA 00                  291 	.db #0x00	; 0
   00EB 98                  292 	.db #0x98	; 152
   00EC 20                  293 	.db #0x20	; 32
   00ED 1A                  294 	.db #0x1a	; 26
   00EE C0                  295 	.db #0xc0	; 192
   00EF 3C                  296 	.db #0x3c	; 60
   00F0 00                  297 	.db #0x00	; 0
   00F1 F2                  298 	.db #0xf2	; 242
   00F2 00                  299 	.db #0x00	; 0
   00F3 90                  300 	.db #0x90	; 144
   00F4 00                  301 	.db #0x00	; 0
   00F5 88                  302 	.db #0x88	; 136
   00F6 00                  303 	.db #0x00	; 0
   00F7 88                  304 	.db #0x88	; 136
   00F8 00                  305 	.db #0x00	; 0
   00F9 90                  306 	.db #0x90	; 144
   00FA 00                  307 	.db #0x00	; 0
   00FB 80                  308 	.db #0x80	; 128
   00FC 00                  309 	.db #0x00	; 0
   00FD 00                  310 	.db #0x00	; 0
   00FE 00                  311 	.db #0x00	; 0
   00FF 00                  312 	.db #0x00	; 0
   0100 30                  313 	.db #0x30	; 48	'0'
   0101 00                  314 	.db #0x00	; 0
   0102 10                  315 	.db #0x10	; 16
   0103 20                  316 	.db #0x20	; 32
   0104 00                  317 	.db #0x00	; 0
   0105 60                  318 	.db #0x60	; 96
   0106 00                  319 	.db #0x00	; 0
   0107 C0                  320 	.db #0xc0	; 192
   0108 00                  321 	.db #0x00	; 0
   0109 80                  322 	.db #0x80	; 128
   010A 00                  323 	.db #0x00	; 0
   010B 80                  324 	.db #0x80	; 128
   010C 00                  325 	.db #0x00	; 0
   010D 80                  326 	.db #0x80	; 128
   010E 00                  327 	.db #0x00	; 0
   010F 80                  328 	.db #0x80	; 128
   0110 03                  329 	.db #0x03	; 3
   0111 40                  330 	.db #0x40	; 64
   0112 04                  331 	.db #0x04	; 4
   0113 73                  332 	.db #0x73	; 115	's'
   0114 04                  333 	.db #0x04	; 4
   0115 7B                  334 	.db #0x7b	; 123
   0116 10                  335 	.db #0x10	; 16
   0117 2E                  336 	.db #0x2e	; 46
   0118 08                  337 	.db #0x08	; 8
   0119 14                  338 	.db #0x14	; 20
   011A 00                  339 	.db #0x00	; 0
   011B 00                  340 	.db #0x00	; 0
   011C 00                  341 	.db #0x00	; 0
   011D 01                  342 	.db #0x01	; 1
   011E 00                  343 	.db #0x00	; 0
   011F 00                  344 	.db #0x00	; 0
   0120 00                  345 	.db #0x00	; 0
   0121 00                  346 	.db #0x00	; 0
   0122 00                  347 	.db #0x00	; 0
   0123 04                  348 	.db #0x04	; 4
   0124 00                  349 	.db #0x00	; 0
   0125 08                  350 	.db #0x08	; 8
   0126 00                  351 	.db #0x00	; 0
   0127 0E                  352 	.db #0x0e	; 14
   0128 00                  353 	.db #0x00	; 0
   0129 1C                  354 	.db #0x1c	; 28
   012A 00                  355 	.db #0x00	; 0
   012B 18                  356 	.db #0x18	; 24
   012C 20                  357 	.db #0x20	; 32
   012D 1A                  358 	.db #0x1a	; 26
   012E C0                  359 	.db #0xc0	; 192
   012F 3C                  360 	.db #0x3c	; 60
   0130 00                  361 	.db #0x00	; 0
   0131 F2                  362 	.db #0xf2	; 242
   0132 00                  363 	.db #0x00	; 0
   0133 D0                  364 	.db #0xd0	; 208
   0134 00                  365 	.db #0x00	; 0
   0135 88                  366 	.db #0x88	; 136
   0136 00                  367 	.db #0x00	; 0
   0137 88                  368 	.db #0x88	; 136
   0138 00                  369 	.db #0x00	; 0
   0139 90                  370 	.db #0x90	; 144
   013A 00                  371 	.db #0x00	; 0
   013B 80                  372 	.db #0x80	; 128
   013C 00                  373 	.db #0x00	; 0
   013D 00                  374 	.db #0x00	; 0
   013E 00                  375 	.db #0x00	; 0
   013F 00                  376 	.db #0x00	; 0
   0140 00                  377 	.db #0x00	; 0
   0141 08                  378 	.db #0x08	; 8
   0142 00                  379 	.db #0x00	; 0
   0143 04                  380 	.db #0x04	; 4
   0144 03                  381 	.db #0x03	; 3
   0145 1B                  382 	.db #0x1b	; 27
   0146 28                  383 	.db #0x28	; 40
   0147 17                  384 	.db #0x17	; 23
   0148 10                  385 	.db #0x10	; 16
   0149 2E                  386 	.db #0x2e	; 46
   014A 00                  387 	.db #0x00	; 0
   014B 58                  388 	.db #0x58	; 88	'X'
   014C 00                  389 	.db #0x00	; 0
   014D 40                  390 	.db #0x40	; 64
   014E 00                  391 	.db #0x00	; 0
   014F 40                  392 	.db #0x40	; 64
   0150 00                  393 	.db #0x00	; 0
   0151 30                  394 	.db #0x30	; 48	'0'
   0152 00                  395 	.db #0x00	; 0
   0153 18                  396 	.db #0x18	; 24
   0154 00                  397 	.db #0x00	; 0
   0155 0C                  398 	.db #0x0c	; 12
   0156 00                  399 	.db #0x00	; 0
   0157 06                  400 	.db #0x06	; 6
   0158 00                  401 	.db #0x00	; 0
   0159 03                  402 	.db #0x03	; 3
   015A 00                  403 	.db #0x00	; 0
   015B 01                  404 	.db #0x01	; 1
   015C 00                  405 	.db #0x00	; 0
   015D 00                  406 	.db #0x00	; 0
   015E 00                  407 	.db #0x00	; 0
   015F 00                  408 	.db #0x00	; 0
   0160 00                  409 	.db #0x00	; 0
   0161 80                  410 	.db #0x80	; 128
   0162 00                  411 	.db #0x00	; 0
   0163 40                  412 	.db #0x40	; 64
   0164 40                  413 	.db #0x40	; 64
   0165 DC                  414 	.db #0xdc	; 220
   0166 80                  415 	.db #0x80	; 128
   0167 7E                  416 	.db #0x7e	; 126
   0168 10                  417 	.db #0x10	; 16
   0169 23                  418 	.db #0x23	; 35
   016A 00                  419 	.db #0x00	; 0
   016B 18                  420 	.db #0x18	; 24
   016C 00                  421 	.db #0x00	; 0
   016D 0E                  422 	.db #0x0e	; 14
   016E 00                  423 	.db #0x00	; 0
   016F 07                  424 	.db #0x07	; 7
   0170 00                  425 	.db #0x00	; 0
   0171 00                  426 	.db #0x00	; 0
   0172 30                  427 	.db #0x30	; 48	'0'
   0173 00                  428 	.db #0x00	; 0
   0174 10                  429 	.db #0x10	; 16
   0175 20                  430 	.db #0x20	; 32
   0176 00                  431 	.db #0x00	; 0
   0177 60                  432 	.db #0x60	; 96
   0178 00                  433 	.db #0x00	; 0
   0179 E0                  434 	.db #0xe0	; 224
   017A 00                  435 	.db #0x00	; 0
   017B C0                  436 	.db #0xc0	; 192
   017C 00                  437 	.db #0x00	; 0
   017D 00                  438 	.db #0x00	; 0
   017E 00                  439 	.db #0x00	; 0
   017F 00                  440 	.db #0x00	; 0
   0180                     441 _scorpion_internal:
   0180 10                  442 	.db #0x10	; 16
   0181 10                  443 	.db #0x10	; 16
   0182 06                  444 	.db #0x06	; 6
   0183r00r00               445 	.dw _scorpion_tiles
   0185 00 00               446 	.dw #0x0000
                            447 	.area _CABS (ABS)
