                              1 ;--------------------------------------------------------
                              2 ; File Created by SDCC : free open source ANSI-C Compiler
                              3 ; Version 4.0.0 #11528 (MINGW32)
                              4 ;--------------------------------------------------------
                              5 	.module Fade
                              6 	.optsdcc -mgbz80
                              7 	
                              8 ;--------------------------------------------------------
                              9 ; Public variables in this module
                             10 ;--------------------------------------------------------
                             11 	.globl _FadeOut_b
                             12 	.globl _FadeIn_b
                             13 	.globl _PopBank
                             14 	.globl _PushBank
                             15 	.globl _FadeIn
                             16 	.globl _FadeOut
                             17 ;--------------------------------------------------------
                             18 ; special function registers
                             19 ;--------------------------------------------------------
                             20 ;--------------------------------------------------------
                             21 ; ram data
                             22 ;--------------------------------------------------------
                             23 	.area _DATA
                             24 ;--------------------------------------------------------
                             25 ; absolute external ram data
                             26 ;--------------------------------------------------------
                             27 	.area _DABS (ABS)
                             28 ;--------------------------------------------------------
                             29 ; global & static initialisations
                             30 ;--------------------------------------------------------
                             31 	.area _HOME
                             32 	.area _GSINIT
                             33 	.area _GSFINAL
                             34 	.area _GSINIT
                             35 ;--------------------------------------------------------
                             36 ; Home
                             37 ;--------------------------------------------------------
                             38 	.area _HOME
                             39 	.area _HOME
                             40 ;--------------------------------------------------------
                             41 ; code
                             42 ;--------------------------------------------------------
                             43 	.area _CODE
                             44 ;C:/GB/ZGB/common/src/Fade.c:5: void FadeIn() {
                             45 ;	---------------------------------
                             46 ; Function FadeIn
                             47 ; ---------------------------------
   0000                      48 _FadeIn::
                             49 ;C:/GB/ZGB/common/src/Fade.c:6: PUSH_BANK(fade_bank);
   0000 21r00r00             50 	ld	hl, #_fade_bank
   0003 7E                   51 	ld	a, (hl)
   0004 F5                   52 	push	af
   0005 33                   53 	inc	sp
   0006 CDr00r00             54 	call	_PushBank
   0009 33                   55 	inc	sp
                             56 ;C:/GB/ZGB/common/src/Fade.c:7: FadeIn_b();
   000A CDr00r00             57 	call	_FadeIn_b
                             58 ;C:/GB/ZGB/common/src/Fade.c:8: POP_BANK;
                             59 ;C:/GB/ZGB/common/src/Fade.c:9: }
   000D C3r00r00             60 	jp	_PopBank
                             61 ;C:/GB/ZGB/common/src/Fade.c:12: void FadeOut() {
                             62 ;	---------------------------------
                             63 ; Function FadeOut
                             64 ; ---------------------------------
   0010                      65 _FadeOut::
                             66 ;C:/GB/ZGB/common/src/Fade.c:13: PUSH_BANK(fade_bank);
   0010 21r00r00             67 	ld	hl, #_fade_bank
   0013 7E                   68 	ld	a, (hl)
   0014 F5                   69 	push	af
   0015 33                   70 	inc	sp
   0016 CDr00r00             71 	call	_PushBank
   0019 33                   72 	inc	sp
                             73 ;C:/GB/ZGB/common/src/Fade.c:14: FadeOut_b();
   001A CDr00r00             74 	call	_FadeOut_b
                             75 ;C:/GB/ZGB/common/src/Fade.c:15: POP_BANK;
                             76 ;C:/GB/ZGB/common/src/Fade.c:16: }
   001D C3r00r00             77 	jp	_PopBank
                             78 	.area _CODE
                             79 	.area _CABS (ABS)
