                              1 ;--------------------------------------------------------
                              2 ; File Created by SDCC : free open source ANSI-C Compiler
                              3 ; Version 4.0.0 #11528 (MINGW32)
                              4 ;--------------------------------------------------------
                              5 	.module Frame_b
                              6 	.optsdcc -mgbz80
                              7 	
                              8 ;--------------------------------------------------------
                              9 ; Public variables in this module
                             10 ;--------------------------------------------------------
                             11 	.globl _DrawFrame32x32
                             12 	.globl _FlushOAMSprite
                             13 ;--------------------------------------------------------
                             14 ; special function registers
                             15 ;--------------------------------------------------------
                             16 ;--------------------------------------------------------
                             17 ; ram data
                             18 ;--------------------------------------------------------
                             19 	.area _DATA
                             20 ;--------------------------------------------------------
                             21 ; absolute external ram data
                             22 ;--------------------------------------------------------
                             23 	.area _DABS (ABS)
                             24 ;--------------------------------------------------------
                             25 ; global & static initialisations
                             26 ;--------------------------------------------------------
                             27 	.area _HOME
                             28 	.area _GSINIT
                             29 	.area _GSFINAL
                             30 	.area _GSINIT
                             31 ;--------------------------------------------------------
                             32 ; Home
                             33 ;--------------------------------------------------------
                             34 	.area _HOME
                             35 	.area _HOME
                             36 ;--------------------------------------------------------
                             37 ; code
                             38 ;--------------------------------------------------------
                             39 	.area _CODE_1
                             40 ;C:/GB/ZGB/common/src/Frame_b.c:5: void DrawFrame32x32(int idx, UINT8 x, UINT8 y, UINT8 flags) BANKED {
                             41 ;	---------------------------------
                             42 ; Function DrawFrame32x32
                             43 ; ---------------------------------
   0000                      44 _DrawFrame32x32::
                             45 ;C:/GB/ZGB/common/src/Frame_b.c:6: if(flags & 32){
   0000 F8 0A                46 	ldhl	sp,	#10
   0002 4E                   47 	ld	c, (hl)
                             48 ;C:/GB/ZGB/common/src/Frame_b.c:7: next_oam_sprite_y = y + 16u; next_oam_sprite_x = x + 8u; next_oam_sprite_idx = idx + 6u; next_oam_sprite_flags = flags; FlushOAMSprite();
   0003 2B                   49 	dec	hl
   0004 7E                   50 	ld	a, (hl)
   0005 C6 10                51 	add	a, #0x10
   0007 47                   52 	ld	b, a
   0008 2B                   53 	dec	hl
   0009 7E                   54 	ld	a, (hl)
   000A C6 08                55 	add	a, #0x08
   000C 5F                   56 	ld	e, a
                             57 ;C:/GB/ZGB/common/src/Frame_b.c:6: if(flags & 32){
   000D CB 69                58 	bit	5, c
   000F CAr9Cr00             59 	jp	Z,00102$
                             60 ;C:/GB/ZGB/common/src/Frame_b.c:7: next_oam_sprite_y = y + 16u; next_oam_sprite_x = x + 8u; next_oam_sprite_idx = idx + 6u; next_oam_sprite_flags = flags; FlushOAMSprite();
   0012 21r00r00             61 	ld	hl, #_next_oam_sprite_y
   0015 70                   62 	ld	(hl), b
   0016 21r00r00             63 	ld	hl, #_next_oam_sprite_x
   0019 73                   64 	ld	(hl), e
   001A F8 06                65 	ldhl	sp,	#6
   001C 7E                   66 	ld	a, (hl)
   001D C6 06                67 	add	a, #0x06
   001F 21r00r00             68 	ld	hl, #_next_oam_sprite_idx
   0022 77                   69 	ld	(hl), a
   0023 21r00r00             70 	ld	hl, #_next_oam_sprite_flags
   0026 71                   71 	ld	(hl), c
   0027 CDr00r00             72 	call	_FlushOAMSprite
                             73 ;C:/GB/ZGB/common/src/Frame_b.c:8: next_oam_sprite_x += 8u; next_oam_sprite_idx -= 2u;	FlushOAMSprite();
   002A 21r00r00             74 	ld	hl, #_next_oam_sprite_x
   002D 7E                   75 	ld	a, (hl)
   002E C6 08                76 	add	a, #0x08
   0030 77                   77 	ld	(hl), a
   0031 21r00r00             78 	ld	hl, #_next_oam_sprite_idx
   0034 35                   79 	dec	(hl)
   0035 35                   80 	dec	(hl)
   0036 CDr00r00             81 	call	_FlushOAMSprite
                             82 ;C:/GB/ZGB/common/src/Frame_b.c:9: next_oam_sprite_x += 8u; next_oam_sprite_idx -= 2u; FlushOAMSprite();
   0039 21r00r00             83 	ld	hl, #_next_oam_sprite_x
   003C 7E                   84 	ld	a, (hl)
   003D C6 08                85 	add	a, #0x08
   003F 77                   86 	ld	(hl), a
   0040 21r00r00             87 	ld	hl, #_next_oam_sprite_idx
   0043 35                   88 	dec	(hl)
   0044 35                   89 	dec	(hl)
   0045 CDr00r00             90 	call	_FlushOAMSprite
                             91 ;C:/GB/ZGB/common/src/Frame_b.c:10: next_oam_sprite_x += 8u; next_oam_sprite_idx -= 2u; FlushOAMSprite();
   0048 21r00r00             92 	ld	hl, #_next_oam_sprite_x
   004B 7E                   93 	ld	a, (hl)
   004C C6 08                94 	add	a, #0x08
   004E 77                   95 	ld	(hl), a
   004F 21r00r00             96 	ld	hl, #_next_oam_sprite_idx
   0052 35                   97 	dec	(hl)
   0053 35                   98 	dec	(hl)
   0054 CDr00r00             99 	call	_FlushOAMSprite
                            100 ;C:/GB/ZGB/common/src/Frame_b.c:12: next_oam_sprite_y += 16u; next_oam_sprite_x -= 24u; next_oam_sprite_idx += 14u; FlushOAMSprite();
   0057 21r00r00            101 	ld	hl, #_next_oam_sprite_y
   005A 7E                  102 	ld	a, (hl)
   005B C6 10               103 	add	a, #0x10
   005D 77                  104 	ld	(hl), a
   005E 21r00r00            105 	ld	hl, #_next_oam_sprite_x
   0061 7E                  106 	ld	a, (hl)
   0062 C6 E8               107 	add	a, #0xe8
   0064 77                  108 	ld	(hl), a
   0065 21r00r00            109 	ld	hl, #_next_oam_sprite_idx
   0068 7E                  110 	ld	a, (hl)
   0069 C6 0E               111 	add	a, #0x0e
   006B 77                  112 	ld	(hl), a
   006C CDr00r00            113 	call	_FlushOAMSprite
                            114 ;C:/GB/ZGB/common/src/Frame_b.c:13: next_oam_sprite_x += 8u; next_oam_sprite_idx -= 2u; FlushOAMSprite();
   006F 21r00r00            115 	ld	hl, #_next_oam_sprite_x
   0072 7E                  116 	ld	a, (hl)
   0073 C6 08               117 	add	a, #0x08
   0075 77                  118 	ld	(hl), a
   0076 21r00r00            119 	ld	hl, #_next_oam_sprite_idx
   0079 35                  120 	dec	(hl)
   007A 35                  121 	dec	(hl)
   007B CDr00r00            122 	call	_FlushOAMSprite
                            123 ;C:/GB/ZGB/common/src/Frame_b.c:14: next_oam_sprite_x += 8u; next_oam_sprite_idx -= 2u; FlushOAMSprite();
   007E 21r00r00            124 	ld	hl, #_next_oam_sprite_x
   0081 7E                  125 	ld	a, (hl)
   0082 C6 08               126 	add	a, #0x08
   0084 77                  127 	ld	(hl), a
   0085 21r00r00            128 	ld	hl, #_next_oam_sprite_idx
   0088 35                  129 	dec	(hl)
   0089 35                  130 	dec	(hl)
   008A CDr00r00            131 	call	_FlushOAMSprite
                            132 ;C:/GB/ZGB/common/src/Frame_b.c:15: next_oam_sprite_x += 8u; next_oam_sprite_idx -= 2u; FlushOAMSprite();
   008D 21r00r00            133 	ld	hl, #_next_oam_sprite_x
   0090 7E                  134 	ld	a, (hl)
   0091 C6 08               135 	add	a, #0x08
   0093 77                  136 	ld	(hl), a
   0094 21r00r00            137 	ld	hl, #_next_oam_sprite_idx
   0097 35                  138 	dec	(hl)
   0098 35                  139 	dec	(hl)
   0099 C3r00r00            140 	jp	_FlushOAMSprite
   009C                     141 00102$:
                            142 ;C:/GB/ZGB/common/src/Frame_b.c:17: next_oam_sprite_y = y + 16u; next_oam_sprite_x = x + 8u; next_oam_sprite_idx = idx; next_oam_sprite_flags = flags; FlushOAMSprite();
   009C 21r00r00            143 	ld	hl, #_next_oam_sprite_y
   009F 70                  144 	ld	(hl), b
   00A0 21r00r00            145 	ld	hl, #_next_oam_sprite_x
   00A3 73                  146 	ld	(hl), e
   00A4 E5                  147 	push	hl
   00A5 F8 08               148 	ldhl	sp,	#8
   00A7 7E                  149 	ld	a, (hl)
   00A8 21r00r00            150 	ld	hl, #_next_oam_sprite_idx
   00AB 77                  151 	ld	(hl), a
   00AC E1                  152 	pop	hl
   00AD 21r00r00            153 	ld	hl, #_next_oam_sprite_flags
   00B0 71                  154 	ld	(hl), c
   00B1 CDr00r00            155 	call	_FlushOAMSprite
                            156 ;C:/GB/ZGB/common/src/Frame_b.c:18: next_oam_sprite_x += 8u; next_oam_sprite_idx += 2u; FlushOAMSprite();
   00B4 21r00r00            157 	ld	hl, #_next_oam_sprite_x
   00B7 7E                  158 	ld	a, (hl)
   00B8 C6 08               159 	add	a, #0x08
   00BA 77                  160 	ld	(hl), a
   00BB 21r00r00            161 	ld	hl, #_next_oam_sprite_idx
   00BE 34                  162 	inc	(hl)
   00BF 34                  163 	inc	(hl)
   00C0 CDr00r00            164 	call	_FlushOAMSprite
                            165 ;C:/GB/ZGB/common/src/Frame_b.c:19: next_oam_sprite_x += 8u; next_oam_sprite_idx += 2u; FlushOAMSprite();
   00C3 21r00r00            166 	ld	hl, #_next_oam_sprite_x
   00C6 7E                  167 	ld	a, (hl)
   00C7 C6 08               168 	add	a, #0x08
   00C9 77                  169 	ld	(hl), a
   00CA 21r00r00            170 	ld	hl, #_next_oam_sprite_idx
   00CD 34                  171 	inc	(hl)
   00CE 34                  172 	inc	(hl)
   00CF CDr00r00            173 	call	_FlushOAMSprite
                            174 ;C:/GB/ZGB/common/src/Frame_b.c:20: next_oam_sprite_x += 8u; next_oam_sprite_idx += 2u; FlushOAMSprite();
   00D2 21r00r00            175 	ld	hl, #_next_oam_sprite_x
   00D5 7E                  176 	ld	a, (hl)
   00D6 C6 08               177 	add	a, #0x08
   00D8 77                  178 	ld	(hl), a
   00D9 21r00r00            179 	ld	hl, #_next_oam_sprite_idx
   00DC 34                  180 	inc	(hl)
   00DD 34                  181 	inc	(hl)
   00DE CDr00r00            182 	call	_FlushOAMSprite
                            183 ;C:/GB/ZGB/common/src/Frame_b.c:22: next_oam_sprite_y += 16u; next_oam_sprite_x -= 24u; next_oam_sprite_idx += 2u; FlushOAMSprite();
   00E1 21r00r00            184 	ld	hl, #_next_oam_sprite_y
   00E4 7E                  185 	ld	a, (hl)
   00E5 C6 10               186 	add	a, #0x10
   00E7 77                  187 	ld	(hl), a
   00E8 21r00r00            188 	ld	hl, #_next_oam_sprite_x
   00EB 7E                  189 	ld	a, (hl)
   00EC C6 E8               190 	add	a, #0xe8
   00EE 77                  191 	ld	(hl), a
   00EF 21r00r00            192 	ld	hl, #_next_oam_sprite_idx
   00F2 34                  193 	inc	(hl)
   00F3 34                  194 	inc	(hl)
   00F4 CDr00r00            195 	call	_FlushOAMSprite
                            196 ;C:/GB/ZGB/common/src/Frame_b.c:23: next_oam_sprite_x += 8u; next_oam_sprite_idx += 2u; FlushOAMSprite();
   00F7 21r00r00            197 	ld	hl, #_next_oam_sprite_x
   00FA 7E                  198 	ld	a, (hl)
   00FB C6 08               199 	add	a, #0x08
   00FD 77                  200 	ld	(hl), a
   00FE 21r00r00            201 	ld	hl, #_next_oam_sprite_idx
   0101 34                  202 	inc	(hl)
   0102 34                  203 	inc	(hl)
   0103 CDr00r00            204 	call	_FlushOAMSprite
                            205 ;C:/GB/ZGB/common/src/Frame_b.c:24: next_oam_sprite_x += 8u; next_oam_sprite_idx += 2u; FlushOAMSprite();
   0106 21r00r00            206 	ld	hl, #_next_oam_sprite_x
   0109 7E                  207 	ld	a, (hl)
   010A C6 08               208 	add	a, #0x08
   010C 77                  209 	ld	(hl), a
   010D 21r00r00            210 	ld	hl, #_next_oam_sprite_idx
   0110 34                  211 	inc	(hl)
   0111 34                  212 	inc	(hl)
   0112 CDr00r00            213 	call	_FlushOAMSprite
                            214 ;C:/GB/ZGB/common/src/Frame_b.c:25: next_oam_sprite_x += 8u; next_oam_sprite_idx += 2u; FlushOAMSprite();
   0115 21r00r00            215 	ld	hl, #_next_oam_sprite_x
   0118 7E                  216 	ld	a, (hl)
   0119 C6 08               217 	add	a, #0x08
   011B 77                  218 	ld	(hl), a
   011C 21r00r00            219 	ld	hl, #_next_oam_sprite_idx
   011F 34                  220 	inc	(hl)
   0120 34                  221 	inc	(hl)
                            222 ;C:/GB/ZGB/common/src/Frame_b.c:27: }
   0121 C3r00r00            223 	jp	_FlushOAMSprite
                            224 	.area _CODE_1
                            225 	.area _CABS (ABS)
