                              1 ;--------------------------------------------------------
                              2 ; File Created by SDCC : free open source ANSI-C Compiler
                              3 ; Version 4.0.0 #11528 (MINGW32)
                              4 ;--------------------------------------------------------
                              5 	.module Keys
                              6 	.optsdcc -mgbz80
                              7 	
                              8 ;--------------------------------------------------------
                              9 ; Public variables in this module
                             10 ;--------------------------------------------------------
                             11 	.globl _keys
                             12 	.globl _previous_KEYS
                             13 ;--------------------------------------------------------
                             14 ; special function registers
                             15 ;--------------------------------------------------------
                             16 ;--------------------------------------------------------
                             17 ; ram data
                             18 ;--------------------------------------------------------
                             19 	.area _DATA
   0000                      20 _previous_KEYS::
   0000                      21 	.ds 1
   0001                      22 _keys::
   0001                      23 	.ds 1
                             24 ;--------------------------------------------------------
                             25 ; absolute external ram data
                             26 ;--------------------------------------------------------
                             27 	.area _DABS (ABS)
                             28 ;--------------------------------------------------------
                             29 ; global & static initialisations
                             30 ;--------------------------------------------------------
                             31 	.area _HOME
                             32 	.area _GSINIT
                             33 	.area _GSFINAL
                             34 	.area _GSINIT
                             35 ;C:/GB/ZGB/common/src/Keys.c:3: UBYTE previous_KEYS = 0;
   0000 21r00r00             36 	ld	hl, #_previous_KEYS
   0003 36 00                37 	ld	(hl), #0x00
                             38 ;C:/GB/ZGB/common/src/Keys.c:4: UBYTE keys = 0;
   0005 21r01r00             39 	ld	hl, #_keys
   0008 36 00                40 	ld	(hl), #0x00
                             41 ;--------------------------------------------------------
                             42 ; Home
                             43 ;--------------------------------------------------------
                             44 	.area _HOME
                             45 	.area _HOME
                             46 ;--------------------------------------------------------
                             47 ; code
                             48 ;--------------------------------------------------------
                             49 	.area _CODE
                             50 	.area _CODE
                             51 	.area _CABS (ABS)
