                              1 ;--------------------------------------------------------
                              2 ; File Created by SDCC : free open source ANSI-C Compiler
                              3 ; Version 4.0.0 #11528 (MINGW32)
                              4 ;--------------------------------------------------------
                              5 	.module Print
                              6 	.optsdcc -mgbz80
                              7 	
                              8 ;--------------------------------------------------------
                              9 ; Public variables in this module
                             10 ;--------------------------------------------------------
                             11 	.globl _set_win_tiles
                             12 	.globl _set_bkg_tiles
                             13 	.globl _print_target
                             14 	.globl _font_idx
                             15 	.globl _print_y
                             16 	.globl _print_x
                             17 	.globl _UIntToString
                             18 	.globl _IntToString
                             19 	.globl _Printf
                             20 ;--------------------------------------------------------
                             21 ; special function registers
                             22 ;--------------------------------------------------------
                             23 ;--------------------------------------------------------
                             24 ; ram data
                             25 ;--------------------------------------------------------
                             26 	.area _DATA
   0000                      27 _print_x::
   0000                      28 	.ds 1
   0001                      29 _print_y::
   0001                      30 	.ds 1
   0002                      31 _font_idx::
   0002                      32 	.ds 1
   0003                      33 _print_target::
   0003                      34 	.ds 1
                             35 ;--------------------------------------------------------
                             36 ; absolute external ram data
                             37 ;--------------------------------------------------------
                             38 	.area _DABS (ABS)
                             39 ;--------------------------------------------------------
                             40 ; global & static initialisations
                             41 ;--------------------------------------------------------
                             42 	.area _HOME
                             43 	.area _GSINIT
                             44 	.area _GSFINAL
                             45 	.area _GSINIT
                             46 ;C:/GB/ZGB/common/src/Print.c:7: UINT8 print_x = 0;
   0000 21r00r00             47 	ld	hl, #_print_x
   0003 36 00                48 	ld	(hl), #0x00
                             49 ;C:/GB/ZGB/common/src/Print.c:8: UINT8 print_y = 0;
   0005 21r01r00             50 	ld	hl, #_print_y
   0008 36 00                51 	ld	(hl), #0x00
                             52 ;C:/GB/ZGB/common/src/Print.c:9: UINT8 font_idx = 128;
   000A 21r02r00             53 	ld	hl, #_font_idx
   000D 36 80                54 	ld	(hl), #0x80
                             55 ;C:/GB/ZGB/common/src/Print.c:10: UINT8 print_target = PRINT_BKG;
   000F 21r03r00             56 	ld	hl, #_print_target
   0012 36 00                57 	ld	(hl), #0x00
                             58 ;--------------------------------------------------------
                             59 ; Home
                             60 ;--------------------------------------------------------
                             61 	.area _HOME
                             62 	.area _HOME
                             63 ;--------------------------------------------------------
                             64 ; code
                             65 ;--------------------------------------------------------
                             66 	.area _CODE
                             67 ;C:/GB/ZGB/common/src/Print.c:12: void UIntToString(UINT16 n, unsigned char* str) {
                             68 ;	---------------------------------
                             69 ; Function UIntToString
                             70 ; ---------------------------------
   0000                      71 _UIntToString::
   0000 3B                   72 	dec	sp
                             73 ;C:/GB/ZGB/common/src/Print.c:13: UINT16 tmp = n;
   0001 F8 03                74 	ldhl	sp,#(4 - 1)
   0003 5E                   75 	ld	e, (hl)
   0004 23                   76 	inc	hl
   0005 56                   77 	ld	d, (hl)
                             78 ;C:/GB/ZGB/common/src/Print.c:16: if(n == 0) {
   0006 7A                   79 	ld	a, d
   0007 B3                   80 	or	a, e
   0008 20 0D                81 	jr	NZ,00114$
                             82 ;C:/GB/ZGB/common/src/Print.c:17: str[0] ='0';
   000A 23                   83 	inc	hl
   000B 4E                   84 	ld	c, (hl)
   000C 23                   85 	inc	hl
   000D 46                   86 	ld	b, (hl)
   000E 3E 30                87 	ld	a, #0x30
   0010 02                   88 	ld	(bc), a
                             89 ;C:/GB/ZGB/common/src/Print.c:18: str[1] = '\0';
   0011 03                   90 	inc	bc
   0012 AF                   91 	xor	a, a
   0013 02                   92 	ld	(bc), a
   0014 C3r82r00             93 	jp	00110$
                             94 ;C:/GB/ZGB/common/src/Print.c:20: while(tmp) {
   0017                      95 00114$:
   0017 0E 00                96 	ld	c, #0x00
   0019                      97 00101$:
   0019 7A                   98 	ld	a, d
   001A B3                   99 	or	a, e
   001B 28 0F               100 	jr	Z,00103$
                            101 ;C:/GB/ZGB/common/src/Print.c:21: tmp /= 10;
   001D C5                  102 	push	bc
   001E 21 0A 00            103 	ld	hl, #0x000a
   0021 E5                  104 	push	hl
   0022 D5                  105 	push	de
   0023 CDr00r00            106 	call	__divuint
   0026 E8 04               107 	add	sp, #4
   0028 C1                  108 	pop	bc
                            109 ;C:/GB/ZGB/common/src/Print.c:22: size ++;
   0029 0C                  110 	inc	c
   002A 18 ED               111 	jr	00101$
   002C                     112 00103$:
                            113 ;C:/GB/ZGB/common/src/Print.c:24: str[size] = '\0';
   002C F8 05               114 	ldhl	sp,#(6 - 1)
   002E 5E                  115 	ld	e, (hl)
   002F 23                  116 	inc	hl
   0030 56                  117 	ld	d, (hl)
   0031 69                  118 	ld	l, c
   0032 26 00               119 	ld	h, #0x00
   0034 19                  120 	add	hl, de
   0035 45                  121 	ld	b,l
   0036 7C                  122 	ld	a,h
   0037 36 00               123 	ld	(hl), #0x00
                            124 ;C:/GB/ZGB/common/src/Print.c:25: size --;
   0039 79                  125 	ld	a, c
   003A C6 FF               126 	add	a, #0xff
   003C F8 00               127 	ldhl	sp,	#0
   003E 77                  128 	ld	(hl), a
                            129 ;C:/GB/ZGB/common/src/Print.c:27: while(n) {
   003F                     130 00104$:
   003F F8 04               131 	ldhl	sp,	#4
   0041 3A                  132 	ld	a, (hl-)
   0042 B6                  133 	or	a, (hl)
   0043 CAr82r00            134 	jp	Z, 00110$
                            135 ;C:/GB/ZGB/common/src/Print.c:28: str[size] = (n % 10) + '0';
   0046 F8 05               136 	ldhl	sp,#(6 - 1)
   0048 5E                  137 	ld	e, (hl)
   0049 23                  138 	inc	hl
   004A 56                  139 	ld	d, (hl)
   004B F8 00               140 	ldhl	sp,	#0
   004D 6E                  141 	ld	l, (hl)
   004E 26 00               142 	ld	h, #0x00
   0050 19                  143 	add	hl, de
   0051 4D                  144 	ld	c, l
   0052 44                  145 	ld	b, h
   0053 C5                  146 	push	bc
   0054 21 0A 00            147 	ld	hl, #0x000a
   0057 E5                  148 	push	hl
   0058 F8 07               149 	ldhl	sp,	#7
   005A 2A                  150 	ld	a, (hl+)
   005B 66                  151 	ld	h, (hl)
   005C 6F                  152 	ld	l, a
   005D E5                  153 	push	hl
   005E CDr00r00            154 	call	__moduint
   0061 E8 04               155 	add	sp, #4
   0063 C1                  156 	pop	bc
   0064 7B                  157 	ld	a, e
   0065 C6 30               158 	add	a, #0x30
   0067 02                  159 	ld	(bc), a
                            160 ;C:/GB/ZGB/common/src/Print.c:29: n /= 10;
   0068 21 0A 00            161 	ld	hl, #0x000a
   006B E5                  162 	push	hl
   006C F8 05               163 	ldhl	sp,	#5
   006E 2A                  164 	ld	a, (hl+)
   006F 66                  165 	ld	h, (hl)
   0070 6F                  166 	ld	l, a
   0071 E5                  167 	push	hl
   0072 CDr00r00            168 	call	__divuint
   0075 E8 04               169 	add	sp, #4
   0077 F8 03               170 	ldhl	sp,	#3
   0079 73                  171 	ld	(hl), e
   007A 23                  172 	inc	hl
   007B 72                  173 	ld	(hl), d
                            174 ;C:/GB/ZGB/common/src/Print.c:30: size --;
   007C F8 00               175 	ldhl	sp,	#0
   007E 35                  176 	dec	(hl)
   007F C3r3Fr00            177 	jp	00104$
   0082                     178 00110$:
                            179 ;C:/GB/ZGB/common/src/Print.c:33: }
   0082 33                  180 	inc	sp
   0083 C9                  181 	ret
                            182 ;C:/GB/ZGB/common/src/Print.c:35: void IntToString(INT16 n, unsigned char* str) {
                            183 ;	---------------------------------
                            184 ; Function IntToString
                            185 ; ---------------------------------
   0084                     186 _IntToString::
                            187 ;C:/GB/ZGB/common/src/Print.c:39: if(n < 0){
   0084 F8 02               188 	ldhl	sp,	#2
   0086 7E                  189 	ld	a, (hl)
   0087 D6 00               190 	sub	a, #0x00
   0089 23                  191 	inc	hl
   008A 7E                  192 	ld	a, (hl)
   008B DE 00               193 	sbc	a, #0x00
   008D 56                  194 	ld	d, (hl)
   008E 3E 00               195 	ld	a, #0x00
   0090 5F                  196 	ld	e, a
   0091 CB 7B               197 	bit	7, e
   0093 28 07               198 	jr	Z,00110$
   0095 CB 7A               199 	bit	7, d
   0097 20 08               200 	jr	NZ,00111$
   0099 BF                  201 	cp	a, a
   009A 18 05               202 	jr	00111$
   009C                     203 00110$:
   009C CB 7A               204 	bit	7, d
   009E 28 01               205 	jr	Z,00111$
   00A0 37                  206 	scf
   00A1                     207 00111$:
   00A1 30 1C               208 	jr	NC,00102$
                            209 ;C:/GB/ZGB/common/src/Print.c:40: n = 0xFFFF - n + 1; //I tried -n but it doesn't work
   00A3 F8 02               210 	ldhl	sp,#(3 - 1)
   00A5 4E                  211 	ld	c, (hl)
   00A6 23                  212 	inc	hl
   00A7 46                  213 	ld	b, (hl)
   00A8 AF                  214 	xor	a, a
   00A9 91                  215 	sub	a, c
   00AA 4F                  216 	ld	c, a
   00AB 3E 00               217 	ld	a, #0x00
   00AD 98                  218 	sbc	a, b
   00AE 47                  219 	ld	b, a
   00AF 2B                  220 	dec	hl
   00B0 71                  221 	ld	(hl), c
   00B1 23                  222 	inc	hl
   00B2 70                  223 	ld	(hl), b
                            224 ;C:/GB/ZGB/common/src/Print.c:41: str[0] = '-';
   00B3 23                  225 	inc	hl
   00B4 4E                  226 	ld	c, (hl)
   00B5 23                  227 	inc	hl
   00B6 46                  228 	ld	b, (hl)
   00B7 3E 2D               229 	ld	a, #0x2d
   00B9 02                  230 	ld	(bc), a
                            231 ;C:/GB/ZGB/common/src/Print.c:42: str ++;
   00BA 03                  232 	inc	bc
   00BB 2B                  233 	dec	hl
   00BC 71                  234 	ld	(hl), c
   00BD 23                  235 	inc	hl
   00BE 70                  236 	ld	(hl), b
   00BF                     237 00102$:
                            238 ;C:/GB/ZGB/common/src/Print.c:45: UIntToString(n, str);
   00BF F8 04               239 	ldhl	sp,	#4
   00C1 2A                  240 	ld	a, (hl+)
   00C2 66                  241 	ld	h, (hl)
   00C3 6F                  242 	ld	l, a
   00C4 E5                  243 	push	hl
   00C5 F8 04               244 	ldhl	sp,	#4
   00C7 2A                  245 	ld	a, (hl+)
   00C8 66                  246 	ld	h, (hl)
   00C9 6F                  247 	ld	l, a
   00CA E5                  248 	push	hl
   00CB CDr00r00            249 	call	_UIntToString
   00CE E8 04               250 	add	sp, #4
                            251 ;C:/GB/ZGB/common/src/Print.c:46: }
   00D0 C9                  252 	ret
                            253 ;C:/GB/ZGB/common/src/Print.c:48: void Printf(const char* txt, ...){
                            254 ;	---------------------------------
                            255 ; Function Printf
                            256 ; ---------------------------------
   00D1                     257 _Printf::
   00D1 E8 E9               258 	add	sp, #-23
                            259 ;C:/GB/ZGB/common/src/Print.c:54: va_start(list, txt); 
   00D3 F8 19               260 	ldhl	sp,	#25
   00D5 4D                  261 	ld	c, l
   00D6 44                  262 	ld	b, h
   00D7 03                  263 	inc	bc
   00D8 03                  264 	inc	bc
   00D9 F8 0B               265 	ldhl	sp,	#11
   00DB 71                  266 	ld	(hl), c
   00DC 23                  267 	inc	hl
   00DD 70                  268 	ld	(hl), b
                            269 ;C:/GB/ZGB/common/src/Print.c:55: while(*txt) {
   00DE F8 01               270 	ldhl	sp,	#1
   00E0 7D                  271 	ld	a, l
   00E1 54                  272 	ld	d, h
   00E2 F8 0D               273 	ldhl	sp,	#13
   00E4 22                  274 	ld	(hl+), a
   00E5 72                  275 	ld	(hl), d
   00E6 2B                  276 	dec	hl
   00E7 2A                  277 	ld	a, (hl+)
   00E8 5E                  278 	ld	e, (hl)
   00E9 23                  279 	inc	hl
   00EA 22                  280 	ld	(hl+), a
   00EB 73                  281 	ld	(hl), e
   00EC F8 0D               282 	ldhl	sp,	#13
   00EE 2A                  283 	ld	a, (hl+)
   00EF 5E                  284 	ld	e, (hl)
   00F0 F8 11               285 	ldhl	sp,	#17
   00F2 22                  286 	ld	(hl+), a
   00F3 73                  287 	ld	(hl), e
   00F4 F8 0D               288 	ldhl	sp,	#13
   00F6 2A                  289 	ld	a, (hl+)
   00F7 5E                  290 	ld	e, (hl)
   00F8 F8 13               291 	ldhl	sp,	#19
   00FA 22                  292 	ld	(hl+), a
   00FB 73                  293 	ld	(hl), e
   00FC                     294 00142$:
   00FC F8 19               295 	ldhl	sp,#(26 - 1)
   00FE 5E                  296 	ld	e, (hl)
   00FF 23                  297 	inc	hl
   0100 56                  298 	ld	d, (hl)
   0101 1A                  299 	ld	a, (de)
   0102 4F                  300 	ld	c,a
   0103 B7                  301 	or	a, a
   0104 CArF6r03            302 	jp	Z, 00145$
                            303 ;C:/GB/ZGB/common/src/Print.c:56: if(*txt == ' ') {
   0107 79                  304 	ld	a, c
   0108 D6 20               305 	sub	a, #0x20
   010A 20 0C               306 	jr	NZ,00137$
                            307 ;C:/GB/ZGB/common/src/Print.c:57: c = font_idx;
   010C E5                  308 	push	hl
   010D 21r02r00            309 	ld	hl, #_font_idx
   0110 7E                  310 	ld	a, (hl)
   0111 F8 02               311 	ldhl	sp,	#2
   0113 77                  312 	ld	(hl), a
   0114 E1                  313 	pop	hl
   0115 C3r93r03            314 	jp	00138$
   0118                     315 00137$:
                            316 ;C:/GB/ZGB/common/src/Print.c:58: } else if(*txt >= 'A' && *txt <= 'Z'){
   0118 79                  317 	ld	a, c
   0119 EE 80               318 	xor	a, #0x80
   011B D6 C1               319 	sub	a, #0xc1
   011D 38 28               320 	jr	C,00133$
   011F 79                  321 	ld	a, c
   0120 5F                  322 	ld	e, a
   0121 3E 5A               323 	ld	a, #0x5a
   0123 57                  324 	ld	d, a
   0124 3E 5A               325 	ld	a, #0x5a
   0126 91                  326 	sub	a, c
   0127 CB 7B               327 	bit	7, e
   0129 28 07               328 	jr	Z,00304$
   012B CB 7A               329 	bit	7, d
   012D 20 08               330 	jr	NZ,00305$
   012F BF                  331 	cp	a, a
   0130 18 05               332 	jr	00305$
   0132                     333 00304$:
   0132 CB 7A               334 	bit	7, d
   0134 28 01               335 	jr	Z,00305$
   0136 37                  336 	scf
   0137                     337 00305$:
   0137 38 0E               338 	jr	C,00133$
                            339 ;C:/GB/ZGB/common/src/Print.c:59: c = font_idx +  1 + *txt - 'A';
   0139 79                  340 	ld	a, c
   013A C6 C0               341 	add	a, #0xc0
   013C 21r02r00            342 	ld	hl, #_font_idx
   013F 4E                  343 	ld	c, (hl)
   0140 81                  344 	add	a, c
   0141 F8 00               345 	ldhl	sp,	#0
   0143 77                  346 	ld	(hl), a
   0144 C3r93r03            347 	jp	00138$
   0147                     348 00133$:
                            349 ;C:/GB/ZGB/common/src/Print.c:60: } else if(*txt >= 'a' && *txt <= 'z') {
   0147 F8 19               350 	ldhl	sp,#(26 - 1)
   0149 5E                  351 	ld	e, (hl)
   014A 23                  352 	inc	hl
   014B 56                  353 	ld	d, (hl)
   014C 1A                  354 	ld	a, (de)
   014D 4F                  355 	ld	c,a
   014E EE 80               356 	xor	a, #0x80
   0150 D6 E1               357 	sub	a, #0xe1
   0152 38 28               358 	jr	C,00129$
   0154 79                  359 	ld	a, c
   0155 5F                  360 	ld	e, a
   0156 3E 7A               361 	ld	a, #0x7a
   0158 57                  362 	ld	d, a
   0159 3E 7A               363 	ld	a, #0x7a
   015B 91                  364 	sub	a, c
   015C CB 7B               365 	bit	7, e
   015E 28 07               366 	jr	Z,00306$
   0160 CB 7A               367 	bit	7, d
   0162 20 08               368 	jr	NZ,00307$
   0164 BF                  369 	cp	a, a
   0165 18 05               370 	jr	00307$
   0167                     371 00306$:
   0167 CB 7A               372 	bit	7, d
   0169 28 01               373 	jr	Z,00307$
   016B 37                  374 	scf
   016C                     375 00307$:
   016C 38 0E               376 	jr	C,00129$
                            377 ;C:/GB/ZGB/common/src/Print.c:61: c = font_idx +  1 + *txt - 'a';
   016E 79                  378 	ld	a, c
   016F C6 A0               379 	add	a, #0xa0
   0171 21r02r00            380 	ld	hl, #_font_idx
   0174 4E                  381 	ld	c, (hl)
   0175 81                  382 	add	a, c
   0176 F8 00               383 	ldhl	sp,	#0
   0178 77                  384 	ld	(hl), a
   0179 C3r93r03            385 	jp	00138$
   017C                     386 00129$:
                            387 ;C:/GB/ZGB/common/src/Print.c:62: } else if(*txt >= '0' && *txt <= '9') {
   017C F8 19               388 	ldhl	sp,#(26 - 1)
   017E 5E                  389 	ld	e, (hl)
   017F 23                  390 	inc	hl
   0180 56                  391 	ld	d, (hl)
   0181 1A                  392 	ld	a, (de)
   0182 4F                  393 	ld	c,a
   0183 EE 80               394 	xor	a, #0x80
   0185 D6 B0               395 	sub	a, #0xb0
   0187 38 28               396 	jr	C,00125$
   0189 79                  397 	ld	a, c
   018A 5F                  398 	ld	e, a
   018B 3E 39               399 	ld	a, #0x39
   018D 57                  400 	ld	d, a
   018E 3E 39               401 	ld	a, #0x39
   0190 91                  402 	sub	a, c
   0191 CB 7B               403 	bit	7, e
   0193 28 07               404 	jr	Z,00308$
   0195 CB 7A               405 	bit	7, d
   0197 20 08               406 	jr	NZ,00309$
   0199 BF                  407 	cp	a, a
   019A 18 05               408 	jr	00309$
   019C                     409 00308$:
   019C CB 7A               410 	bit	7, d
   019E 28 01               411 	jr	Z,00309$
   01A0 37                  412 	scf
   01A1                     413 00309$:
   01A1 38 0E               414 	jr	C,00125$
                            415 ;C:/GB/ZGB/common/src/Print.c:63: c = font_idx + 27 + *txt - '0';
   01A3 79                  416 	ld	a, c
   01A4 C6 EB               417 	add	a, #0xeb
   01A6 21r02r00            418 	ld	hl, #_font_idx
   01A9 4E                  419 	ld	c, (hl)
   01AA 81                  420 	add	a, c
   01AB F8 00               421 	ldhl	sp,	#0
   01AD 77                  422 	ld	(hl), a
   01AE C3r93r03            423 	jp	00138$
   01B1                     424 00125$:
                            425 ;C:/GB/ZGB/common/src/Print.c:65: switch(*txt) {
   01B1 F8 19               426 	ldhl	sp,#(26 - 1)
   01B3 4E                  427 	ld	c, (hl)
   01B4 23                  428 	inc	hl
   01B5 46                  429 	ld	b, (hl)
   01B6 0A                  430 	ld	a, (bc)
   01B7 FE 21               431 	cp	a, #0x21
   01B9 CAr0Fr02            432 	jp	Z,00101$
   01BC FE 23               433 	cp	a, #0x23
   01BE CAr93r02            434 	jp	Z,00112$
   01C1 FE 24               435 	cp	a, #0x24
   01C3 CAr6Fr02            436 	jp	Z,00109$
   01C6 FE 25               437 	cp	a, #0x25
   01C8 CArCFr02            438 	jp	Z,00117$
   01CB FE 27               439 	cp	a, #0x27
   01CD CAr1Br02            440 	jp	Z,00102$
   01D0 FE 28               441 	cp	a, #0x28
   01D2 CAr27r02            442 	jp	Z,00103$
   01D5 FE 29               443 	cp	a, #0x29
   01D7 CAr33r02            444 	jp	Z,00104$
   01DA FE 2D               445 	cp	a, #0x2d
   01DC CAr3Fr02            446 	jp	Z,00105$
   01DF FE 2E               447 	cp	a, #0x2e
   01E1 CAr4Br02            448 	jp	Z,00106$
   01E4 FE 3A               449 	cp	a, #0x3a
   01E6 CAr57r02            450 	jp	Z,00107$
   01E9 FE 3C               451 	cp	a, #0x3c
   01EB CArABr02            452 	jp	Z,00114$
   01EE FE 3E               453 	cp	a, #0x3e
   01F0 CArB7r02            454 	jp	Z,00115$
   01F3 FE 3F               455 	cp	a, #0x3f
   01F5 CAr63r02            456 	jp	Z,00108$
   01F8 FE 40               457 	cp	a, #0x40
   01FA CAr9Fr02            458 	jp	Z,00113$
   01FD FE 5B               459 	cp	a, #0x5b
   01FF CAr87r02            460 	jp	Z,00111$
   0202 FE 5D               461 	cp	a, #0x5d
   0204 CAr7Br02            462 	jp	Z,00110$
   0207 D6 7B               463 	sub	a, #0x7b
   0209 CArC3r02            464 	jp	Z,00116$
   020C C3r93r03            465 	jp	00138$
                            466 ;C:/GB/ZGB/common/src/Print.c:66: case  '!': c= font_idx + 37; break;
   020F                     467 00101$:
   020F 21r02r00            468 	ld	hl, #_font_idx
   0212 7E                  469 	ld	a, (hl)
   0213 C6 25               470 	add	a, #0x25
   0215 F8 00               471 	ldhl	sp,	#0
   0217 77                  472 	ld	(hl), a
   0218 C3r93r03            473 	jp	00138$
                            474 ;C:/GB/ZGB/common/src/Print.c:67: case '\'': c= font_idx + 38; break;
   021B                     475 00102$:
   021B 21r02r00            476 	ld	hl, #_font_idx
   021E 7E                  477 	ld	a, (hl)
   021F C6 26               478 	add	a, #0x26
   0221 F8 00               479 	ldhl	sp,	#0
   0223 77                  480 	ld	(hl), a
   0224 C3r93r03            481 	jp	00138$
                            482 ;C:/GB/ZGB/common/src/Print.c:68: case  '(': c= font_idx + 39; break;
   0227                     483 00103$:
   0227 21r02r00            484 	ld	hl, #_font_idx
   022A 7E                  485 	ld	a, (hl)
   022B C6 27               486 	add	a, #0x27
   022D F8 00               487 	ldhl	sp,	#0
   022F 77                  488 	ld	(hl), a
   0230 C3r93r03            489 	jp	00138$
                            490 ;C:/GB/ZGB/common/src/Print.c:69: case  ')': c= font_idx + 40; break;
   0233                     491 00104$:
   0233 21r02r00            492 	ld	hl, #_font_idx
   0236 7E                  493 	ld	a, (hl)
   0237 C6 28               494 	add	a, #0x28
   0239 F8 00               495 	ldhl	sp,	#0
   023B 77                  496 	ld	(hl), a
   023C C3r93r03            497 	jp	00138$
                            498 ;C:/GB/ZGB/common/src/Print.c:70: case  '-': c= font_idx + 41; break;
   023F                     499 00105$:
   023F 21r02r00            500 	ld	hl, #_font_idx
   0242 7E                  501 	ld	a, (hl)
   0243 C6 29               502 	add	a, #0x29
   0245 F8 00               503 	ldhl	sp,	#0
   0247 77                  504 	ld	(hl), a
   0248 C3r93r03            505 	jp	00138$
                            506 ;C:/GB/ZGB/common/src/Print.c:71: case  '.': c= font_idx + 42; break;
   024B                     507 00106$:
   024B 21r02r00            508 	ld	hl, #_font_idx
   024E 7E                  509 	ld	a, (hl)
   024F C6 2A               510 	add	a, #0x2a
   0251 F8 00               511 	ldhl	sp,	#0
   0253 77                  512 	ld	(hl), a
   0254 C3r93r03            513 	jp	00138$
                            514 ;C:/GB/ZGB/common/src/Print.c:72: case  ':': c= font_idx + 43; break;
   0257                     515 00107$:
   0257 21r02r00            516 	ld	hl, #_font_idx
   025A 7E                  517 	ld	a, (hl)
   025B C6 2B               518 	add	a, #0x2b
   025D F8 00               519 	ldhl	sp,	#0
   025F 77                  520 	ld	(hl), a
   0260 C3r93r03            521 	jp	00138$
                            522 ;C:/GB/ZGB/common/src/Print.c:73: case  '?': c= font_idx + 44; break;
   0263                     523 00108$:
   0263 21r02r00            524 	ld	hl, #_font_idx
   0266 7E                  525 	ld	a, (hl)
   0267 C6 2C               526 	add	a, #0x2c
   0269 F8 00               527 	ldhl	sp,	#0
   026B 77                  528 	ld	(hl), a
   026C C3r93r03            529 	jp	00138$
                            530 ;C:/GB/ZGB/common/src/Print.c:76: case  '$': c= font_idx + 45; break;
   026F                     531 00109$:
   026F 21r02r00            532 	ld	hl, #_font_idx
   0272 7E                  533 	ld	a, (hl)
   0273 C6 2D               534 	add	a, #0x2d
   0275 F8 00               535 	ldhl	sp,	#0
   0277 77                  536 	ld	(hl), a
   0278 C3r93r03            537 	jp	00138$
                            538 ;C:/GB/ZGB/common/src/Print.c:77: case  ']': c= font_idx + 46; break;
   027B                     539 00110$:
   027B 21r02r00            540 	ld	hl, #_font_idx
   027E 7E                  541 	ld	a, (hl)
   027F C6 2E               542 	add	a, #0x2e
   0281 F8 00               543 	ldhl	sp,	#0
   0283 77                  544 	ld	(hl), a
   0284 C3r93r03            545 	jp	00138$
                            546 ;C:/GB/ZGB/common/src/Print.c:78: case  '[': c= font_idx + 47; break;
   0287                     547 00111$:
   0287 21r02r00            548 	ld	hl, #_font_idx
   028A 7E                  549 	ld	a, (hl)
   028B C6 2F               550 	add	a, #0x2f
   028D F8 00               551 	ldhl	sp,	#0
   028F 77                  552 	ld	(hl), a
   0290 C3r93r03            553 	jp	00138$
                            554 ;C:/GB/ZGB/common/src/Print.c:79: case  '#': c= font_idx + 48; break;
   0293                     555 00112$:
   0293 21r02r00            556 	ld	hl, #_font_idx
   0296 7E                  557 	ld	a, (hl)
   0297 C6 30               558 	add	a, #0x30
   0299 F8 00               559 	ldhl	sp,	#0
   029B 77                  560 	ld	(hl), a
   029C C3r93r03            561 	jp	00138$
                            562 ;C:/GB/ZGB/common/src/Print.c:80: case  '@': c= font_idx + 49; break;
   029F                     563 00113$:
   029F 21r02r00            564 	ld	hl, #_font_idx
   02A2 7E                  565 	ld	a, (hl)
   02A3 C6 31               566 	add	a, #0x31
   02A5 F8 00               567 	ldhl	sp,	#0
   02A7 77                  568 	ld	(hl), a
   02A8 C3r93r03            569 	jp	00138$
                            570 ;C:/GB/ZGB/common/src/Print.c:81: case  '<': c= font_idx + 50; break;
   02AB                     571 00114$:
   02AB 21r02r00            572 	ld	hl, #_font_idx
   02AE 7E                  573 	ld	a, (hl)
   02AF C6 32               574 	add	a, #0x32
   02B1 F8 00               575 	ldhl	sp,	#0
   02B3 77                  576 	ld	(hl), a
   02B4 C3r93r03            577 	jp	00138$
                            578 ;C:/GB/ZGB/common/src/Print.c:82: case  '>': c= font_idx + 51; break;
   02B7                     579 00115$:
   02B7 21r02r00            580 	ld	hl, #_font_idx
   02BA 7E                  581 	ld	a, (hl)
   02BB C6 33               582 	add	a, #0x33
   02BD F8 00               583 	ldhl	sp,	#0
   02BF 77                  584 	ld	(hl), a
   02C0 C3r93r03            585 	jp	00138$
                            586 ;C:/GB/ZGB/common/src/Print.c:83: case  '{': c= font_idx + 52; break;
   02C3                     587 00116$:
   02C3 21r02r00            588 	ld	hl, #_font_idx
   02C6 7E                  589 	ld	a, (hl)
   02C7 C6 34               590 	add	a, #0x34
   02C9 F8 00               591 	ldhl	sp,	#0
   02CB 77                  592 	ld	(hl), a
   02CC C3r93r03            593 	jp	00138$
                            594 ;C:/GB/ZGB/common/src/Print.c:85: case  '%':
   02CF                     595 00117$:
                            596 ;C:/GB/ZGB/common/src/Print.c:86: switch(*(txt + 1)) {
   02CF 03                  597 	inc	bc
   02D0 0A                  598 	ld	a, (bc)
   02D1 FE 64               599 	cp	a, #0x64
   02D3 28 11               600 	jr	Z,00119$
   02D5 FE 69               601 	cp	a, #0x69
   02D7 28 0D               602 	jr	Z,00119$
   02D9 FE 73               603 	cp	a, #0x73
   02DB CAr6Cr03            604 	jp	Z,00121$
   02DE D6 75               605 	sub	a, #0x75
   02E0 CAr29r03            606 	jp	Z,00120$
   02E3 C3r93r03            607 	jp	00138$
                            608 ;C:/GB/ZGB/common/src/Print.c:88: case 'i':
   02E6                     609 00119$:
                            610 ;C:/GB/ZGB/common/src/Print.c:89: IntToString(va_arg(list, INT16), tmp);
   02E6 F8 0D               611 	ldhl	sp,	#13
   02E8 2A                  612 	ld	a, (hl+)
   02E9 5E                  613 	ld	e, (hl)
   02EA F8 15               614 	ldhl	sp,	#21
   02EC 22                  615 	ld	(hl+), a
   02ED 73                  616 	ld	(hl), e
   02EE F8 0B               617 	ldhl	sp,#(12 - 1)
   02F0 4E                  618 	ld	c, (hl)
   02F1 23                  619 	inc	hl
   02F2 46                  620 	ld	b, (hl)
   02F3 03                  621 	inc	bc
   02F4 03                  622 	inc	bc
   02F5 2B                  623 	dec	hl
   02F6 71                  624 	ld	(hl), c
   02F7 23                  625 	inc	hl
   02F8 70                  626 	ld	(hl), b
   02F9 0B                  627 	dec	bc
   02FA 0B                  628 	dec	bc
   02FB 69                  629 	ld	l, c
   02FC 60                  630 	ld	h, b
   02FD 4E                  631 	ld	c, (hl)
   02FE 23                  632 	inc	hl
   02FF 46                  633 	ld	b, (hl)
   0300 F8 15               634 	ldhl	sp,	#21
   0302 2A                  635 	ld	a, (hl+)
   0303 66                  636 	ld	h, (hl)
   0304 6F                  637 	ld	l, a
   0305 E5                  638 	push	hl
   0306 C5                  639 	push	bc
   0307 CDr84r00            640 	call	_IntToString
   030A E8 04               641 	add	sp, #4
                            642 ;C:/GB/ZGB/common/src/Print.c:90: Printf(tmp);
   030C F8 0F               643 	ldhl	sp,#(16 - 1)
   030E 4E                  644 	ld	c, (hl)
   030F 23                  645 	inc	hl
   0310 46                  646 	ld	b, (hl)
   0311 C5                  647 	push	bc
   0312 CDrD1r00            648 	call	_Printf
   0315 E8 02               649 	add	sp, #2
                            650 ;C:/GB/ZGB/common/src/Print.c:91: txt += 2;
   0317 F8 19               651 	ldhl	sp,#(26 - 1)
   0319 5E                  652 	ld	e, (hl)
   031A 23                  653 	inc	hl
   031B 56                  654 	ld	d, (hl)
   031C 21 02 00            655 	ld	hl, #0x0002
   031F 19                  656 	add	hl, de
   0320 7D                  657 	ld	a, l
   0321 54                  658 	ld	d, h
   0322 F8 19               659 	ldhl	sp,	#25
   0324 22                  660 	ld	(hl+), a
   0325 72                  661 	ld	(hl), d
                            662 ;C:/GB/ZGB/common/src/Print.c:92: continue;
   0326 C3rFCr00            663 	jp	00142$
                            664 ;C:/GB/ZGB/common/src/Print.c:94: case 'u':
   0329                     665 00120$:
                            666 ;C:/GB/ZGB/common/src/Print.c:95: UIntToString(va_arg(list, UINT16), tmp);
   0329 F8 11               667 	ldhl	sp,	#17
   032B 2A                  668 	ld	a, (hl+)
   032C 5E                  669 	ld	e, (hl)
   032D F8 15               670 	ldhl	sp,	#21
   032F 22                  671 	ld	(hl+), a
   0330 73                  672 	ld	(hl), e
   0331 F8 0B               673 	ldhl	sp,#(12 - 1)
   0333 4E                  674 	ld	c, (hl)
   0334 23                  675 	inc	hl
   0335 46                  676 	ld	b, (hl)
   0336 03                  677 	inc	bc
   0337 03                  678 	inc	bc
   0338 2B                  679 	dec	hl
   0339 71                  680 	ld	(hl), c
   033A 23                  681 	inc	hl
   033B 70                  682 	ld	(hl), b
   033C 0B                  683 	dec	bc
   033D 0B                  684 	dec	bc
   033E 69                  685 	ld	l, c
   033F 60                  686 	ld	h, b
   0340 4E                  687 	ld	c, (hl)
   0341 23                  688 	inc	hl
   0342 46                  689 	ld	b, (hl)
   0343 F8 15               690 	ldhl	sp,	#21
   0345 2A                  691 	ld	a, (hl+)
   0346 66                  692 	ld	h, (hl)
   0347 6F                  693 	ld	l, a
   0348 E5                  694 	push	hl
   0349 C5                  695 	push	bc
   034A CDr00r00            696 	call	_UIntToString
   034D E8 04               697 	add	sp, #4
                            698 ;C:/GB/ZGB/common/src/Print.c:96: Printf(tmp);
   034F F8 13               699 	ldhl	sp,#(20 - 1)
   0351 4E                  700 	ld	c, (hl)
   0352 23                  701 	inc	hl
   0353 46                  702 	ld	b, (hl)
   0354 C5                  703 	push	bc
   0355 CDrD1r00            704 	call	_Printf
   0358 E8 02               705 	add	sp, #2
                            706 ;C:/GB/ZGB/common/src/Print.c:97: txt += 2;
   035A F8 19               707 	ldhl	sp,#(26 - 1)
   035C 5E                  708 	ld	e, (hl)
   035D 23                  709 	inc	hl
   035E 56                  710 	ld	d, (hl)
   035F 21 02 00            711 	ld	hl, #0x0002
   0362 19                  712 	add	hl, de
   0363 7D                  713 	ld	a, l
   0364 54                  714 	ld	d, h
   0365 F8 19               715 	ldhl	sp,	#25
   0367 22                  716 	ld	(hl+), a
   0368 72                  717 	ld	(hl), d
                            718 ;C:/GB/ZGB/common/src/Print.c:98: continue;
   0369 C3rFCr00            719 	jp	00142$
                            720 ;C:/GB/ZGB/common/src/Print.c:100: case 's':
   036C                     721 00121$:
                            722 ;C:/GB/ZGB/common/src/Print.c:101: Printf(va_arg(list, char*));
   036C F8 0B               723 	ldhl	sp,#(12 - 1)
   036E 4E                  724 	ld	c, (hl)
   036F 23                  725 	inc	hl
   0370 46                  726 	ld	b, (hl)
   0371 03                  727 	inc	bc
   0372 03                  728 	inc	bc
   0373 2B                  729 	dec	hl
   0374 71                  730 	ld	(hl), c
   0375 23                  731 	inc	hl
   0376 70                  732 	ld	(hl), b
   0377 0B                  733 	dec	bc
   0378 0B                  734 	dec	bc
   0379 69                  735 	ld	l, c
   037A 60                  736 	ld	h, b
   037B 4E                  737 	ld	c, (hl)
   037C 23                  738 	inc	hl
   037D 46                  739 	ld	b, (hl)
   037E C5                  740 	push	bc
   037F CDrD1r00            741 	call	_Printf
   0382 E8 02               742 	add	sp, #2
                            743 ;C:/GB/ZGB/common/src/Print.c:102: txt += 2;
   0384 F8 19               744 	ldhl	sp,#(26 - 1)
   0386 5E                  745 	ld	e, (hl)
   0387 23                  746 	inc	hl
   0388 56                  747 	ld	d, (hl)
   0389 21 02 00            748 	ld	hl, #0x0002
   038C 19                  749 	add	hl, de
   038D 7D                  750 	ld	a, l
   038E 54                  751 	ld	d, h
   038F F8 19               752 	ldhl	sp,	#25
   0391 22                  753 	ld	(hl+), a
   0392 72                  754 	ld	(hl), d
                            755 ;C:/GB/ZGB/common/src/Print.c:106: }
   0393                     756 00138$:
                            757 ;C:/GB/ZGB/common/src/Print.c:108: if(print_target == PRINT_BKG)
   0393 21r03r00            758 	ld	hl, #_print_target
   0396 7E                  759 	ld	a, (hl)
   0397 B7                  760 	or	a, a
   0398 20 2F               761 	jr	NZ,00140$
                            762 ;C:/GB/ZGB/common/src/Print.c:109: set_bkg_tiles(0x1F & (print_x + scroll_offset_x), 0x1F & (print_y + scroll_offset_y), 1, 1, &c);
   039A F8 00               763 	ldhl	sp,	#0
   039C 4D                  764 	ld	c, l
   039D 44                  765 	ld	b, h
   039E 21r01r00            766 	ld	hl, #_print_y
   03A1 7E                  767 	ld	a, (hl)
   03A2 21r00r00            768 	ld	hl, #_scroll_offset_y
   03A5 86                  769 	add	a, (hl)
   03A6 E6 1F               770 	and	a, #0x1f
   03A8 5F                  771 	ld	e, a
   03A9 21r00r00            772 	ld	hl, #_print_x
   03AC 7E                  773 	ld	a, (hl)
   03AD 21r00r00            774 	ld	hl, #_scroll_offset_x
   03B0 86                  775 	add	a, (hl)
   03B1 E6 1F               776 	and	a, #0x1f
   03B3 57                  777 	ld	d, a
   03B4 C5                  778 	push	bc
   03B5 3E 01               779 	ld	a, #0x01
   03B7 F5                  780 	push	af
   03B8 33                  781 	inc	sp
   03B9 3E 01               782 	ld	a, #0x01
   03BB F5                  783 	push	af
   03BC 33                  784 	inc	sp
   03BD 7B                  785 	ld	a, e
   03BE F5                  786 	push	af
   03BF 33                  787 	inc	sp
   03C0 D5                  788 	push	de
   03C1 33                  789 	inc	sp
   03C2 CDr00r00            790 	call	_set_bkg_tiles
   03C5 E8 06               791 	add	sp, #6
   03C7 18 1E               792 	jr	00141$
   03C9                     793 00140$:
                            794 ;C:/GB/ZGB/common/src/Print.c:111: set_win_tiles(print_x, print_y, 1, 1, &c);
   03C9 F8 00               795 	ldhl	sp,	#0
   03CB 4D                  796 	ld	c, l
   03CC 44                  797 	ld	b, h
   03CD C5                  798 	push	bc
   03CE 3E 01               799 	ld	a, #0x01
   03D0 F5                  800 	push	af
   03D1 33                  801 	inc	sp
   03D2 3E 01               802 	ld	a, #0x01
   03D4 F5                  803 	push	af
   03D5 33                  804 	inc	sp
   03D6 21r01r00            805 	ld	hl, #_print_y
   03D9 7E                  806 	ld	a, (hl)
   03DA F5                  807 	push	af
   03DB 33                  808 	inc	sp
   03DC 21r00r00            809 	ld	hl, #_print_x
   03DF 7E                  810 	ld	a, (hl)
   03E0 F5                  811 	push	af
   03E1 33                  812 	inc	sp
   03E2 CDr00r00            813 	call	_set_win_tiles
   03E5 E8 06               814 	add	sp, #6
   03E7                     815 00141$:
                            816 ;C:/GB/ZGB/common/src/Print.c:113: print_x ++;
   03E7 21r00r00            817 	ld	hl, #_print_x
   03EA 34                  818 	inc	(hl)
                            819 ;C:/GB/ZGB/common/src/Print.c:114: txt ++;
   03EB F8 19               820 	ldhl	sp,	#25
   03ED 34                  821 	inc	(hl)
   03EE C2rFCr00            822 	jp	NZ,00142$
   03F1 23                  823 	inc	hl
   03F2 34                  824 	inc	(hl)
   03F3 C3rFCr00            825 	jp	00142$
   03F6                     826 00145$:
                            827 ;C:/GB/ZGB/common/src/Print.c:117: }
   03F6 E8 17               828 	add	sp, #23
   03F8 C9                  829 	ret
                            830 	.area _CODE
                            831 	.area _CABS (ABS)
