                              1 ;--------------------------------------------------------
                              2 ; File Created by SDCC : free open source ANSI-C Compiler
                              3 ; Version 4.0.0 #11528 (MINGW32)
                              4 ;--------------------------------------------------------
                              5 	.module ZGBMain_Init
                              6 	.optsdcc -mgbz80
                              7 	
                              8 ;--------------------------------------------------------
                              9 ; Public variables in this module
                             10 ;--------------------------------------------------------
                             11 	.globl _InitSprites
                             12 	.globl _Destroy_SpritePorcupine
                             13 	.globl _Update_SpritePorcupine
                             14 	.globl _Start_SpritePorcupine
                             15 	.globl _Destroy_SpriteScorpion
                             16 	.globl _Update_SpriteScorpion
                             17 	.globl _Start_SpriteScorpion
                             18 	.globl _Destroy_SpriteEnemy
                             19 	.globl _Update_SpriteEnemy
                             20 	.globl _Start_SpriteEnemy
                             21 	.globl _Destroy_SpriteItem
                             22 	.globl _Update_SpriteItem
                             23 	.globl _Start_SpriteItem
                             24 	.globl _Destroy_SpritePlatform
                             25 	.globl _Update_SpritePlatform
                             26 	.globl _Start_SpritePlatform
                             27 	.globl _Destroy_SpriteArrow
                             28 	.globl _Update_SpriteArrow
                             29 	.globl _Start_SpriteArrow
                             30 	.globl _Destroy_SpritePlayer
                             31 	.globl _Update_SpritePlayer
                             32 	.globl _Start_SpritePlayer
                             33 	.globl _InitStates
                             34 	.globl _Update_StateGameOver
                             35 	.globl _Start_StateGameOver
                             36 	.globl _Update_StateSecret
                             37 	.globl _Start_StateSecret
                             38 	.globl _Update_StateGame
                             39 	.globl _Start_StateGame
                             40 	.globl _spriteIdxs
                             41 	.globl _spriteDatas
                             42 	.globl _spriteDestroyFuncs
                             43 	.globl _spriteUpdateFuncs
                             44 	.globl _spriteStartFuncs
                             45 	.globl _spriteDataBanks
                             46 	.globl _spriteBanks
                             47 	.globl _updateFuncs
                             48 	.globl _startFuncs
                             49 	.globl _stateBanks
                             50 ;--------------------------------------------------------
                             51 ; special function registers
                             52 ;--------------------------------------------------------
                             53 ;--------------------------------------------------------
                             54 ; ram data
                             55 ;--------------------------------------------------------
                             56 	.area _DATA
   0000                      57 _stateBanks::
   0000                      58 	.ds 3
   0003                      59 _startFuncs::
   0003                      60 	.ds 6
   0009                      61 _updateFuncs::
   0009                      62 	.ds 6
   000F                      63 _spriteBanks::
   000F                      64 	.ds 7
   0016                      65 _spriteDataBanks::
   0016                      66 	.ds 7
   001D                      67 _spriteStartFuncs::
   001D                      68 	.ds 14
   002B                      69 _spriteUpdateFuncs::
   002B                      70 	.ds 14
   0039                      71 _spriteDestroyFuncs::
   0039                      72 	.ds 14
   0047                      73 _spriteDatas::
   0047                      74 	.ds 14
   0055                      75 _spriteIdxs::
   0055                      76 	.ds 7
                             77 ;--------------------------------------------------------
                             78 ; absolute external ram data
                             79 ;--------------------------------------------------------
                             80 	.area _DABS (ABS)
                             81 ;--------------------------------------------------------
                             82 ; global & static initialisations
                             83 ;--------------------------------------------------------
                             84 	.area _HOME
                             85 	.area _GSINIT
                             86 	.area _GSFINAL
                             87 	.area _GSINIT
                             88 ;--------------------------------------------------------
                             89 ; Home
                             90 ;--------------------------------------------------------
                             91 	.area _HOME
                             92 	.area _HOME
                             93 ;--------------------------------------------------------
                             94 ; code
                             95 ;--------------------------------------------------------
                             96 	.area _CODE_1
                             97 ;C:/GB/ZGB/common/src/ZGBMain_Init.c:22: void InitStates() {
                             98 ;	---------------------------------
                             99 ; Function InitStates
                            100 ; ---------------------------------
   0000                     101 _InitStates::
                            102 ;C:/GB/ZGB/common/src/ZGBMain_Init.c:23: STATES
   0000 21r03r00            103 	ld	hl, #_startFuncs
   0003 36r00               104 	ld	(hl), #<(_Start_StateGame)
   0005 23                  105 	inc	hl
   0006 36s00               106 	ld	(hl), #>(_Start_StateGame)
   0008 21r09r00            107 	ld	hl, #_updateFuncs
   000B 36r00               108 	ld	(hl), #<(_Update_StateGame)
   000D 23                  109 	inc	hl
   000E 36s00               110 	ld	(hl), #>(_Update_StateGame)
   0010 01r00r00            111 	ld	bc, #_stateBanks+0
   0013 21r00r00            112 	ld	hl, #_bank_StateGame
   0016 7E                  113 	ld	a, (hl)
   0017 02                  114 	ld	(bc), a
   0018 21r05r00            115 	ld	hl, #(_startFuncs + 0x0002)
   001B 36r00               116 	ld	(hl), #<(_Start_StateSecret)
   001D 23                  117 	inc	hl
   001E 36s00               118 	ld	(hl), #>(_Start_StateSecret)
   0020 21r0Br00            119 	ld	hl, #(_updateFuncs + 0x0002)
   0023 36r00               120 	ld	(hl), #<(_Update_StateSecret)
   0025 23                  121 	inc	hl
   0026 36s00               122 	ld	(hl), #>(_Update_StateSecret)
   0028 11r01r00            123 	ld	de, #(_stateBanks + 0x0001)
   002B 21r00r00            124 	ld	hl, #_bank_StateSecret
   002E 7E                  125 	ld	a, (hl)
   002F 12                  126 	ld	(de), a
   0030 21r07r00            127 	ld	hl, #(_startFuncs + 0x0004)
   0033 36r00               128 	ld	(hl), #<(_Start_StateGameOver)
   0035 23                  129 	inc	hl
   0036 36s00               130 	ld	(hl), #>(_Start_StateGameOver)
   0038 21r0Dr00            131 	ld	hl, #(_updateFuncs + 0x0004)
   003B 36r00               132 	ld	(hl), #<(_Update_StateGameOver)
   003D 23                  133 	inc	hl
   003E 36s00               134 	ld	(hl), #>(_Update_StateGameOver)
   0040 03                  135 	inc	bc
   0041 03                  136 	inc	bc
   0042 21r00r00            137 	ld	hl, #_bank_StateGameOver
   0045 7E                  138 	ld	a, (hl)
   0046 02                  139 	ld	(bc), a
                            140 ;C:/GB/ZGB/common/src/ZGBMain_Init.c:24: }
   0047 C9                  141 	ret
                            142 ;C:/GB/ZGB/common/src/ZGBMain_Init.c:65: void InitSprites() {
                            143 ;	---------------------------------
                            144 ; Function InitSprites
                            145 ; ---------------------------------
   0048                     146 _InitSprites::
                            147 ;C:/GB/ZGB/common/src/ZGBMain_Init.c:66: SPRITES
   0048 11r0Fr00            148 	ld	de, #_spriteBanks
   004B 21r00r00            149 	ld	hl, #_bank_SpritePlayer
   004E 7E                  150 	ld	a, (hl)
   004F 12                  151 	ld	(de), a
   0050 FAr00r00            152 	ld	a, (#_archer + 0)
   0053 21r16r00            153 	ld	hl, #_spriteDataBanks
   0056 77                  154 	ld	(hl), a
   0057 21r1Dr00            155 	ld	hl, #_spriteStartFuncs
   005A 36r00               156 	ld	(hl), #<(_Start_SpritePlayer)
   005C 23                  157 	inc	hl
   005D 36s00               158 	ld	(hl), #>(_Start_SpritePlayer)
   005F 21r2Br00            159 	ld	hl, #_spriteUpdateFuncs
   0062 36r00               160 	ld	(hl), #<(_Update_SpritePlayer)
   0064 23                  161 	inc	hl
   0065 36s00               162 	ld	(hl), #>(_Update_SpritePlayer)
   0067 21r39r00            163 	ld	hl, #_spriteDestroyFuncs
   006A 36r00               164 	ld	(hl), #<(_Destroy_SpritePlayer)
   006C 23                  165 	inc	hl
   006D 36s00               166 	ld	(hl), #>(_Destroy_SpritePlayer)
   006F 21r01r00            167 	ld	hl, #(_archer + 0x0001) + 0
   0072 4E                  168 	ld	c, (hl)
   0073 23                  169 	inc	hl
   0074 46                  170 	ld	b, (hl)
   0075 21r47r00            171 	ld	hl, #_spriteDatas
   0078 71                  172 	ld	(hl), c
   0079 23                  173 	inc	hl
   007A 70                  174 	ld	(hl), b
   007B 11r10r00            175 	ld	de, #(_spriteBanks + 0x0001)
   007E 21r00r00            176 	ld	hl, #_bank_SpriteArrow
   0081 7E                  177 	ld	a, (hl)
   0082 12                  178 	ld	(de), a
   0083 01r17r00            179 	ld	bc, #_spriteDataBanks + 1
   0086 FAr00r00            180 	ld	a, (#_arrow + 0)
   0089 02                  181 	ld	(bc), a
   008A 21r1Fr00            182 	ld	hl, #(_spriteStartFuncs + 0x0002)
   008D 36r00               183 	ld	(hl), #<(_Start_SpriteArrow)
   008F 23                  184 	inc	hl
   0090 36s00               185 	ld	(hl), #>(_Start_SpriteArrow)
   0092 21r2Dr00            186 	ld	hl, #(_spriteUpdateFuncs + 0x0002)
   0095 36r00               187 	ld	(hl), #<(_Update_SpriteArrow)
   0097 23                  188 	inc	hl
   0098 36s00               189 	ld	(hl), #>(_Update_SpriteArrow)
   009A 21r3Br00            190 	ld	hl, #(_spriteDestroyFuncs + 0x0002)
   009D 36r00               191 	ld	(hl), #<(_Destroy_SpriteArrow)
   009F 23                  192 	inc	hl
   00A0 36s00               193 	ld	(hl), #>(_Destroy_SpriteArrow)
   00A2 21r01r00            194 	ld	hl, #(_arrow + 0x0001) + 0
   00A5 4E                  195 	ld	c, (hl)
   00A6 23                  196 	inc	hl
   00A7 46                  197 	ld	b, (hl)
   00A8 21r49r00            198 	ld	hl, #(_spriteDatas + 0x0002)
   00AB 71                  199 	ld	(hl), c
   00AC 23                  200 	inc	hl
   00AD 70                  201 	ld	(hl), b
   00AE 11r11r00            202 	ld	de, #(_spriteBanks + 0x0002)
   00B1 21r00r00            203 	ld	hl, #_bank_SpritePlatform
   00B4 7E                  204 	ld	a, (hl)
   00B5 12                  205 	ld	(de), a
   00B6 01r18r00            206 	ld	bc, #_spriteDataBanks + 2
   00B9 FAr00r00            207 	ld	a, (#_platform + 0)
   00BC 02                  208 	ld	(bc), a
   00BD 21r21r00            209 	ld	hl, #(_spriteStartFuncs + 0x0004)
   00C0 36r00               210 	ld	(hl), #<(_Start_SpritePlatform)
   00C2 23                  211 	inc	hl
   00C3 36s00               212 	ld	(hl), #>(_Start_SpritePlatform)
   00C5 21r2Fr00            213 	ld	hl, #(_spriteUpdateFuncs + 0x0004)
   00C8 36r00               214 	ld	(hl), #<(_Update_SpritePlatform)
   00CA 23                  215 	inc	hl
   00CB 36s00               216 	ld	(hl), #>(_Update_SpritePlatform)
   00CD 21r3Dr00            217 	ld	hl, #(_spriteDestroyFuncs + 0x0004)
   00D0 36r00               218 	ld	(hl), #<(_Destroy_SpritePlatform)
   00D2 23                  219 	inc	hl
   00D3 36s00               220 	ld	(hl), #>(_Destroy_SpritePlatform)
   00D5 21r01r00            221 	ld	hl, #(_platform + 0x0001) + 0
   00D8 4E                  222 	ld	c, (hl)
   00D9 23                  223 	inc	hl
   00DA 46                  224 	ld	b, (hl)
   00DB 21r4Br00            225 	ld	hl, #(_spriteDatas + 0x0004)
   00DE 71                  226 	ld	(hl), c
   00DF 23                  227 	inc	hl
   00E0 70                  228 	ld	(hl), b
   00E1 11r12r00            229 	ld	de, #(_spriteBanks + 0x0003)
   00E4 21r00r00            230 	ld	hl, #_bank_SpriteItem
   00E7 7E                  231 	ld	a, (hl)
   00E8 12                  232 	ld	(de), a
   00E9 01r19r00            233 	ld	bc, #_spriteDataBanks + 3
   00EC FAr00r00            234 	ld	a, (#_item + 0)
   00EF 02                  235 	ld	(bc), a
   00F0 21r23r00            236 	ld	hl, #(_spriteStartFuncs + 0x0006)
   00F3 36r00               237 	ld	(hl), #<(_Start_SpriteItem)
   00F5 23                  238 	inc	hl
   00F6 36s00               239 	ld	(hl), #>(_Start_SpriteItem)
   00F8 21r31r00            240 	ld	hl, #(_spriteUpdateFuncs + 0x0006)
   00FB 36r00               241 	ld	(hl), #<(_Update_SpriteItem)
   00FD 23                  242 	inc	hl
   00FE 36s00               243 	ld	(hl), #>(_Update_SpriteItem)
   0100 21r3Fr00            244 	ld	hl, #(_spriteDestroyFuncs + 0x0006)
   0103 36r00               245 	ld	(hl), #<(_Destroy_SpriteItem)
   0105 23                  246 	inc	hl
   0106 36s00               247 	ld	(hl), #>(_Destroy_SpriteItem)
   0108 21r01r00            248 	ld	hl, #(_item + 0x0001) + 0
   010B 4E                  249 	ld	c, (hl)
   010C 23                  250 	inc	hl
   010D 46                  251 	ld	b, (hl)
   010E 21r4Dr00            252 	ld	hl, #(_spriteDatas + 0x0006)
   0111 71                  253 	ld	(hl), c
   0112 23                  254 	inc	hl
   0113 70                  255 	ld	(hl), b
   0114 11r13r00            256 	ld	de, #(_spriteBanks + 0x0004)
   0117 21r00r00            257 	ld	hl, #_bank_SpriteEnemy
   011A 7E                  258 	ld	a, (hl)
   011B 12                  259 	ld	(de), a
   011C 01r1Ar00            260 	ld	bc, #_spriteDataBanks + 4
   011F FAr00r00            261 	ld	a, (#_enemy + 0)
   0122 02                  262 	ld	(bc), a
   0123 21r25r00            263 	ld	hl, #(_spriteStartFuncs + 0x0008)
   0126 36r00               264 	ld	(hl), #<(_Start_SpriteEnemy)
   0128 23                  265 	inc	hl
   0129 36s00               266 	ld	(hl), #>(_Start_SpriteEnemy)
   012B 21r33r00            267 	ld	hl, #(_spriteUpdateFuncs + 0x0008)
   012E 36r00               268 	ld	(hl), #<(_Update_SpriteEnemy)
   0130 23                  269 	inc	hl
   0131 36s00               270 	ld	(hl), #>(_Update_SpriteEnemy)
   0133 21r41r00            271 	ld	hl, #(_spriteDestroyFuncs + 0x0008)
   0136 36r00               272 	ld	(hl), #<(_Destroy_SpriteEnemy)
   0138 23                  273 	inc	hl
   0139 36s00               274 	ld	(hl), #>(_Destroy_SpriteEnemy)
   013B 21r01r00            275 	ld	hl, #(_enemy + 0x0001) + 0
   013E 4E                  276 	ld	c, (hl)
   013F 23                  277 	inc	hl
   0140 46                  278 	ld	b, (hl)
   0141 21r4Fr00            279 	ld	hl, #(_spriteDatas + 0x0008)
   0144 71                  280 	ld	(hl), c
   0145 23                  281 	inc	hl
   0146 70                  282 	ld	(hl), b
   0147 11r14r00            283 	ld	de, #(_spriteBanks + 0x0005)
   014A 21r00r00            284 	ld	hl, #_bank_SpriteScorpion
   014D 7E                  285 	ld	a, (hl)
   014E 12                  286 	ld	(de), a
   014F 01r1Br00            287 	ld	bc, #_spriteDataBanks + 5
   0152 FAr00r00            288 	ld	a, (#_scorpion + 0)
   0155 02                  289 	ld	(bc), a
   0156 21r27r00            290 	ld	hl, #(_spriteStartFuncs + 0x000a)
   0159 36r00               291 	ld	(hl), #<(_Start_SpriteScorpion)
   015B 23                  292 	inc	hl
   015C 36s00               293 	ld	(hl), #>(_Start_SpriteScorpion)
   015E 21r35r00            294 	ld	hl, #(_spriteUpdateFuncs + 0x000a)
   0161 36r00               295 	ld	(hl), #<(_Update_SpriteScorpion)
   0163 23                  296 	inc	hl
   0164 36s00               297 	ld	(hl), #>(_Update_SpriteScorpion)
   0166 21r43r00            298 	ld	hl, #(_spriteDestroyFuncs + 0x000a)
   0169 36r00               299 	ld	(hl), #<(_Destroy_SpriteScorpion)
   016B 23                  300 	inc	hl
   016C 36s00               301 	ld	(hl), #>(_Destroy_SpriteScorpion)
   016E 21r01r00            302 	ld	hl, #(_scorpion + 0x0001) + 0
   0171 4E                  303 	ld	c, (hl)
   0172 23                  304 	inc	hl
   0173 46                  305 	ld	b, (hl)
   0174 21r51r00            306 	ld	hl, #(_spriteDatas + 0x000a)
   0177 71                  307 	ld	(hl), c
   0178 23                  308 	inc	hl
   0179 70                  309 	ld	(hl), b
   017A 11r15r00            310 	ld	de, #(_spriteBanks + 0x0006)
   017D 21r00r00            311 	ld	hl, #_bank_SpritePorcupine
   0180 7E                  312 	ld	a, (hl)
   0181 12                  313 	ld	(de), a
   0182 01r1Cr00            314 	ld	bc, #_spriteDataBanks + 6
   0185 FAr00r00            315 	ld	a, (#_porcupine + 0)
   0188 02                  316 	ld	(bc), a
   0189 21r29r00            317 	ld	hl, #(_spriteStartFuncs + 0x000c)
   018C 36r00               318 	ld	(hl), #<(_Start_SpritePorcupine)
   018E 23                  319 	inc	hl
   018F 36s00               320 	ld	(hl), #>(_Start_SpritePorcupine)
   0191 21r37r00            321 	ld	hl, #(_spriteUpdateFuncs + 0x000c)
   0194 36r00               322 	ld	(hl), #<(_Update_SpritePorcupine)
   0196 23                  323 	inc	hl
   0197 36s00               324 	ld	(hl), #>(_Update_SpritePorcupine)
   0199 21r45r00            325 	ld	hl, #(_spriteDestroyFuncs + 0x000c)
   019C 36r00               326 	ld	(hl), #<(_Destroy_SpritePorcupine)
   019E 23                  327 	inc	hl
   019F 36s00               328 	ld	(hl), #>(_Destroy_SpritePorcupine)
   01A1 21r01r00            329 	ld	hl, #(_porcupine + 0x0001) + 0
   01A4 4E                  330 	ld	c, (hl)
   01A5 23                  331 	inc	hl
   01A6 46                  332 	ld	b, (hl)
   01A7 21r53r00            333 	ld	hl, #(_spriteDatas + 0x000c)
   01AA 71                  334 	ld	(hl), c
   01AB 23                  335 	inc	hl
   01AC 70                  336 	ld	(hl), b
                            337 ;C:/GB/ZGB/common/src/ZGBMain_Init.c:67: }
   01AD C9                  338 	ret
                            339 	.area _CODE_1
                            340 	.area _CABS (ABS)
