                              1 ;--------------------------------------------------------
                              2 ; File Created by SDCC : free open source ANSI-C Compiler
                              3 ; Version 4.0.0 #11528 (MINGW32)
                              4 ;--------------------------------------------------------
                              5 	.module ZGBMain
                              6 	.optsdcc -mgbz80
                              7 	
                              8 ;--------------------------------------------------------
                              9 ; Public variables in this module
                             10 ;--------------------------------------------------------
                             11 	.globl _GetTileReplacement
                             12 	.globl _next_state
                             13 ;--------------------------------------------------------
                             14 ; special function registers
                             15 ;--------------------------------------------------------
                             16 ;--------------------------------------------------------
                             17 ; ram data
                             18 ;--------------------------------------------------------
                             19 	.area _DATA
   0000                      20 _next_state::
   0000                      21 	.ds 1
                             22 ;--------------------------------------------------------
                             23 ; absolute external ram data
                             24 ;--------------------------------------------------------
                             25 	.area _DABS (ABS)
                             26 ;--------------------------------------------------------
                             27 ; global & static initialisations
                             28 ;--------------------------------------------------------
                             29 	.area _HOME
                             30 	.area _GSINIT
                             31 	.area _GSFINAL
                             32 	.area _GSINIT
                             33 ;ZGBMain.c:4: UINT8 next_state = StateGame;
   0000 21r00r00             34 	ld	hl, #_next_state
   0003 36 00                35 	ld	(hl), #0x00
                             36 ;--------------------------------------------------------
                             37 ; Home
                             38 ;--------------------------------------------------------
                             39 	.area _HOME
                             40 	.area _HOME
                             41 ;--------------------------------------------------------
                             42 ; code
                             43 ;--------------------------------------------------------
                             44 	.area _CODE
                             45 ;ZGBMain.c:6: UINT8 GetTileReplacement(UINT8* tile_ptr, UINT8* tile) {
                             46 ;	---------------------------------
                             47 ; Function GetTileReplacement
                             48 ; ---------------------------------
   0000                      49 _GetTileReplacement::
                             50 ;ZGBMain.c:17: return 255u;
   0000 1E FF                51 	ld	e, #0xff
                             52 ;ZGBMain.c:18: }
   0002 C9                   53 	ret
                             54 	.area _CODE
                             55 	.area _CABS (ABS)
